0 verbose cli D:\Program Files\nodejs\node.exe D:\Program Files\nodejs\node_modules\npm\bin\npm-cli.js
1 info using npm@11.6.1
2 info using node@v24.10.0
3 silly config load:file:D:\Program Files\nodejs\node_modules\npm\npmrc
4 silly config load:file:D:\codex_code\socialvibe\.worktrees\socialvibe-stability-chat\frontend\.npmrc
5 silly config load:file:C:\Users\lenovo\.npmrc
6 silly config load:file:D:\codex_code\socialvibe\.worktrees\socialvibe-stability-chat\frontend\etc\npmrc
7 verbose title npm install
8 verbose argv "--prefix" ".worktrees/socialvibe-stability-chat/frontend" "install" "--cache" ".npm-cache"
9 verbose logfile logs-max:10 dir:D:\codex_code\socialvibe\.npm-cache\_logs\2026-03-04T11_45_32_170Z-
10 verbose logfile D:\codex_code\socialvibe\.npm-cache\_logs\2026-03-04T11_45_32_170Z-debug-0.log
11 silly logfile start cleaning logs, removing 1 files
12 silly packumentCache heap:4496293888 maxSize:1124073472 maxEntrySize:562036736
13 silly logfile done cleaning log files
14 silly idealTree buildDeps
15 silly reify moves {}
16 silly audit bulk request {
16 silly audit   '@adobe/css-tools': [ '4.4.4' ],
16 silly audit   '@asamuzakjp/css-color': [ '3.2.0' ],
16 silly audit   'lru-cache': [ '10.4.3', '5.1.1' ],
16 silly audit   '@babel/code-frame': [ '7.29.0' ],
16 silly audit   '@babel/compat-data': [ '7.29.0' ],
16 silly audit   '@babel/core': [ '7.29.0' ],
16 silly audit   '@babel/generator': [ '7.29.1' ],
16 silly audit   '@babel/helper-compilation-targets': [ '7.28.6' ],
16 silly audit   '@babel/helper-globals': [ '7.28.0' ],
16 silly audit   '@babel/helper-module-imports': [ '7.28.6' ],
16 silly audit   '@babel/helper-module-transforms': [ '7.28.6' ],
16 silly audit   '@babel/helper-plugin-utils': [ '7.28.6' ],
16 silly audit   '@babel/helper-string-parser': [ '7.27.1' ],
16 silly audit   '@babel/helper-validator-identifier': [ '7.28.5' ],
16 silly audit   '@babel/helper-validator-option': [ '7.27.1' ],
16 silly audit   '@babel/helpers': [ '7.28.6' ],
16 silly audit   '@babel/parser': [ '7.29.0' ],
16 silly audit   '@babel/plugin-transform-react-jsx-self': [ '7.27.1' ],
16 silly audit   '@babel/plugin-transform-react-jsx-source': [ '7.27.1' ],
16 silly audit   '@babel/runtime': [ '7.28.6' ],
16 silly audit   '@babel/template': [ '7.28.6' ],
16 silly audit   '@babel/traverse': [ '7.29.0' ],
16 silly audit   '@babel/types': [ '7.29.0' ],
16 silly audit   '@csstools/color-helpers': [ '5.1.0' ],
16 silly audit   '@csstools/css-calc': [ '2.1.4' ],
16 silly audit   '@csstools/css-color-parser': [ '3.1.0' ],
16 silly audit   '@csstools/css-parser-algorithms': [ '3.0.5' ],
16 silly audit   '@csstools/css-tokenizer': [ '3.0.4' ],
16 silly audit   '@esbuild/aix-ppc64': [ '0.25.12' ],
16 silly audit   '@esbuild/android-arm': [ '0.25.12' ],
16 silly audit   '@esbuild/android-arm64': [ '0.25.12' ],
16 silly audit   '@esbuild/android-x64': [ '0.25.12' ],
16 silly audit   '@esbuild/darwin-arm64': [ '0.25.12' ],
16 silly audit   '@esbuild/darwin-x64': [ '0.25.12' ],
16 silly audit   '@esbuild/freebsd-arm64': [ '0.25.12' ],
16 silly audit   '@esbuild/freebsd-x64': [ '0.25.12' ],
16 silly audit   '@esbuild/linux-arm': [ '0.25.12' ],
16 silly audit   '@esbuild/linux-arm64': [ '0.25.12' ],
16 silly audit   '@esbuild/linux-ia32': [ '0.25.12' ],
16 silly audit   '@esbuild/linux-loong64': [ '0.25.12' ],
16 silly audit   '@esbuild/linux-mips64el': [ '0.25.12' ],
16 silly audit   '@esbuild/linux-ppc64': [ '0.25.12' ],
16 silly audit   '@esbuild/linux-riscv64': [ '0.25.12' ],
16 silly audit   '@esbuild/linux-s390x': [ '0.25.12' ],
16 silly audit   '@esbuild/linux-x64': [ '0.25.12' ],
16 silly audit   '@esbuild/netbsd-arm64': [ '0.25.12' ],
16 silly audit   '@esbuild/netbsd-x64': [ '0.25.12' ],
16 silly audit   '@esbuild/openbsd-arm64': [ '0.25.12' ],
16 silly audit   '@esbuild/openbsd-x64': [ '0.25.12' ],
16 silly audit   '@esbuild/openharmony-arm64': [ '0.25.12' ],
16 silly audit   '@esbuild/sunos-x64': [ '0.25.12' ],
16 silly audit   '@esbuild/win32-arm64': [ '0.25.12' ],
16 silly audit   '@esbuild/win32-ia32': [ '0.25.12' ],
16 silly audit   '@esbuild/win32-x64': [ '0.25.12' ],
16 silly audit   '@jridgewell/gen-mapping': [ '0.3.13' ],
16 silly audit   '@jridgewell/remapping': [ '2.3.5' ],
16 silly audit   '@jridgewell/resolve-uri': [ '3.1.2' ],
16 silly audit   '@jridgewell/sourcemap-codec': [ '1.5.5' ],
16 silly audit   '@jridgewell/trace-mapping': [ '0.3.31' ],
16 silly audit   '@rolldown/pluginutils': [ '1.0.0-rc.3' ],
16 silly audit   '@rollup/rollup-android-arm-eabi': [ '4.59.0' ],
16 silly audit   '@rollup/rollup-android-arm64': [ '4.59.0' ],
16 silly audit   '@rollup/rollup-darwin-arm64': [ '4.59.0' ],
16 silly audit   '@rollup/rollup-darwin-x64': [ '4.59.0' ],
16 silly audit   '@rollup/rollup-freebsd-arm64': [ '4.59.0' ],
16 silly audit   '@rollup/rollup-freebsd-x64': [ '4.59.0' ],
16 silly audit   '@rollup/rollup-linux-arm-gnueabihf': [ '4.59.0' ],
16 silly audit   '@rollup/rollup-linux-arm-musleabihf': [ '4.59.0' ],
16 silly audit   '@rollup/rollup-linux-arm64-gnu': [ '4.59.0' ],
16 silly audit   '@rollup/rollup-linux-arm64-musl': [ '4.59.0' ],
16 silly audit   '@rollup/rollup-linux-loong64-gnu': [ '4.59.0' ],
16 silly audit   '@rollup/rollup-linux-loong64-musl': [ '4.59.0' ],
16 silly audit   '@rollup/rollup-linux-ppc64-gnu': [ '4.59.0' ],
16 silly audit   '@rollup/rollup-linux-ppc64-musl': [ '4.59.0' ],
16 silly audit   '@rollup/rollup-linux-riscv64-gnu': [ '4.59.0' ],
16 silly audit   '@rollup/rollup-linux-riscv64-musl': [ '4.59.0' ],
16 silly audit   '@rollup/rollup-linux-s390x-gnu': [ '4.59.0' ],
16 silly audit   '@rollup/rollup-linux-x64-gnu': [ '4.59.0' ],
16 silly audit   '@rollup/rollup-linux-x64-musl': [ '4.59.0' ],
16 silly audit   '@rollup/rollup-openbsd-x64': [ '4.59.0' ],
16 silly audit   '@rollup/rollup-openharmony-arm64': [ '4.59.0' ],
16 silly audit   '@rollup/rollup-win32-arm64-msvc': [ '4.59.0' ],
16 silly audit   '@rollup/rollup-win32-ia32-msvc': [ '4.59.0' ],
16 silly audit   '@rollup/rollup-win32-x64-gnu': [ '4.59.0' ],
16 silly audit   '@rollup/rollup-win32-x64-msvc': [ '4.59.0' ],
16 silly audit   '@testing-library/dom': [ '10.4.1' ],
16 silly audit   '@testing-library/jest-dom': [ '6.9.1' ],
16 silly audit   'dom-accessibility-api': [ '0.6.3', '0.5.16' ],
16 silly audit   '@testing-library/react': [ '16.3.2' ],
16 silly audit   '@types/aria-query': [ '5.0.4' ],
16 silly audit   '@types/babel__core': [ '7.20.5' ],
16 silly audit   '@types/babel__generator': [ '7.27.0' ],
16 silly audit   '@types/babel__template': [ '7.4.4' ],
16 silly audit   '@types/babel__traverse': [ '7.28.0' ],
16 silly audit   '@types/chai': [ '5.2.3' ],
16 silly audit   '@types/deep-eql': [ '4.0.2' ],
16 silly audit   '@types/estree': [ '1.0.8' ],
16 silly audit   '@types/node': [ '22.19.13' ],
16 silly audit   '@vitejs/plugin-react': [ '5.1.4' ],
16 silly audit   '@vitest/expect': [ '3.2.4' ],
16 silly audit   '@vitest/mocker': [ '3.2.4' ],
16 silly audit   '@vitest/pretty-format': [ '3.2.4' ],
16 silly audit   '@vitest/runner': [ '3.2.4' ],
16 silly audit   '@vitest/snapshot': [ '3.2.4' ],
16 silly audit   '@vitest/spy': [ '3.2.4' ],
16 silly audit   '@vitest/utils': [ '3.2.4' ],
16 silly audit   'agent-base': [ '7.1.4' ],
16 silly audit   'ansi-regex': [ '5.0.1' ],
16 silly audit   'ansi-styles': [ '5.2.0' ],
16 silly audit   'aria-query': [ '5.3.0' ],
16 silly audit   'assertion-error': [ '2.0.1' ],
16 silly audit   'baseline-browser-mapping': [ '2.10.0' ],
16 silly audit   browserslist: [ '4.28.1' ],
16 silly audit   cac: [ '6.7.14' ],
16 silly audit   'caniuse-lite': [ '1.0.30001776' ],
16 silly audit   chai: [ '5.3.3' ],
16 silly audit   'check-error': [ '2.1.3' ],
16 silly audit   'convert-source-map': [ '2.0.0' ],
16 silly audit   cookie: [ '1.1.1' ],
16 silly audit   'css.escape': [ '1.5.1' ],
16 silly audit   cssstyle: [ '4.6.0' ],
16 silly audit   'data-urls': [ '5.0.0' ],
16 silly audit   debug: [ '4.4.3' ],
16 silly audit   'decimal.js': [ '10.6.0' ],
16 silly audit   'deep-eql': [ '5.0.2' ],
16 silly audit   dequal: [ '2.0.3' ],
16 silly audit   'electron-to-chromium': [ '1.5.307' ],
16 silly audit   entities: [ '6.0.1' ],
16 silly audit   'es-module-lexer': [ '1.7.0' ],
16 silly audit   esbuild: [ '0.25.12' ],
16 silly audit   escalade: [ '3.2.0' ],
16 silly audit   'estree-walker': [ '3.0.3' ],
16 silly audit   'expect-type': [ '1.3.0' ],
16 silly audit   fdir: [ '6.5.0' ],
16 silly audit   fsevents: [ '2.3.3' ],
16 silly audit   gensync: [ '1.0.0-beta.2' ],
16 silly audit   'html-encoding-sniffer': [ '4.0.0' ],
16 silly audit   'http-proxy-agent': [ '7.0.2' ],
16 silly audit   'https-proxy-agent': [ '7.0.6' ],
16 silly audit   'iconv-lite': [ '0.6.3' ],
16 silly audit   'indent-string': [ '4.0.0' ],
16 silly audit   'is-potential-custom-element-name': [ '1.0.1' ],
16 silly audit   'js-tokens': [ '4.0.0', '9.0.1' ],
16 silly audit   jsdom: [ '26.1.0' ],
16 silly audit   jsesc: [ '3.1.0' ],
16 silly audit   json5: [ '2.2.3' ],
16 silly audit   loupe: [ '3.2.1' ],
16 silly audit   'lucide-react': [ '0.574.0' ],
16 silly audit   'lz-string': [ '1.5.0' ],
16 silly audit   'magic-string': [ '0.30.21' ],
16 silly audit   'min-indent': [ '1.0.1' ],
16 silly audit   ms: [ '2.1.3' ],
16 silly audit   nanoid: [ '3.3.11' ],
16 silly audit   'node-releases': [ '2.0.36' ],
16 silly audit   nwsapi: [ '2.2.23' ],
16 silly audit   parse5: [ '7.3.0' ],
16 silly audit   pathe: [ '2.0.3' ],
16 silly audit   pathval: [ '2.0.1' ],
16 silly audit   picocolors: [ '1.1.1' ],
16 silly audit   picomatch: [ '4.0.3' ],
16 silly audit   postcss: [ '8.5.8' ],
16 silly audit   'pretty-format': [ '27.5.1' ],
16 silly audit   punycode: [ '2.3.1' ],
16 silly audit   react: [ '19.2.4' ],
16 silly audit   'react-dom': [ '19.2.4' ],
16 silly audit   'react-is': [ '17.0.2' ],
16 silly audit   'react-refresh': [ '0.18.0' ],
16 silly audit   'react-router': [ '7.13.1' ],
16 silly audit   'react-router-dom': [ '7.13.1' ],
16 silly audit   redent: [ '3.0.0' ],
16 silly audit   rollup: [ '4.59.0' ],
16 silly audit   'rrweb-cssom': [ '0.8.0' ],
16 silly audit   'safer-buffer': [ '2.1.2' ],
16 silly audit   saxes: [ '6.0.0' ],
16 silly audit   scheduler: [ '0.27.0' ],
16 silly audit   semver: [ '6.3.1' ],
16 silly audit   'set-cookie-parser': [ '2.7.2' ],
16 silly audit   siginfo: [ '2.0.0' ],
16 silly audit   'source-map-js': [ '1.2.1' ],
16 silly audit   stackback: [ '0.0.2' ],
16 silly audit   'std-env': [ '3.10.0' ],
16 silly audit   'strip-indent': [ '3.0.0' ],
16 silly audit   'strip-literal': [ '3.1.0' ],
16 silly audit   'symbol-tree': [ '3.2.4' ],
16 silly audit   tinybench: [ '2.9.0' ],
16 silly audit   tinyexec: [ '0.3.2' ],
16 silly audit   tinyglobby: [ '0.2.15' ],
16 silly audit   tinypool: [ '1.1.1' ],
16 silly audit   tinyrainbow: [ '2.0.0' ],
16 silly audit   tinyspy: [ '4.0.4' ],
16 silly audit   tldts: [ '6.1.86' ],
16 silly audit   'tldts-core': [ '6.1.86' ],
16 silly audit   'tough-cookie': [ '5.1.2' ],
16 silly audit   tr46: [ '5.1.1' ],
16 silly audit   typescript: [ '5.8.3' ],
16 silly audit   'undici-types': [ '6.21.0' ],
16 silly audit   'update-browserslist-db': [ '1.2.3' ],
16 silly audit   vite: [ '6.4.1' ],
16 silly audit   'vite-node': [ '3.2.4' ],
16 silly audit   vitest: [ '3.2.4' ],
16 silly audit   'w3c-xmlserializer': [ '5.0.0' ],
16 silly audit   'webidl-conversions': [ '7.0.0' ],
16 silly audit   'whatwg-encoding': [ '3.1.1' ],
16 silly audit   'whatwg-mimetype': [ '4.0.0' ],
16 silly audit   'whatwg-url': [ '14.2.0' ],
16 silly audit   'why-is-node-running': [ '2.3.0' ],
16 silly audit   ws: [ '8.19.0' ],
16 silly audit   'xml-name-validator': [ '5.0.0' ],
16 silly audit   xmlchars: [ '2.2.0' ],
16 silly audit   yallist: [ '3.1.1' ]
16 silly audit }
17 verbose reify failed optional dependency D:\codex_code\socialvibe\.worktrees\socialvibe-stability-chat\frontend\node_modules\fsevents
18 silly reify mark deleted [
18 silly reify   'D:\\codex_code\\socialvibe\\.worktrees\\socialvibe-stability-chat\\frontend\\node_modules\\fsevents'
18 silly reify ]
19 verbose reify failed optional dependency D:\codex_code\socialvibe\.worktrees\socialvibe-stability-chat\frontend\node_modules\@rollup\rollup-win32-ia32-msvc
20 silly reify mark deleted [
20 silly reify   'D:\\codex_code\\socialvibe\\.worktrees\\socialvibe-stability-chat\\frontend\\node_modules\\@rollup\\rollup-win32-ia32-msvc'
20 silly reify ]
21 verbose reify failed optional dependency D:\codex_code\socialvibe\.worktrees\socialvibe-stability-chat\frontend\node_modules\@rollup\rollup-win32-arm64-msvc
22 silly reify mark deleted [
22 silly reify   'D:\\codex_code\\socialvibe\\.worktrees\\socialvibe-stability-chat\\frontend\\node_modules\\@rollup\\rollup-win32-arm64-msvc'
22 silly reify ]
23 verbose reify failed optional dependency D:\codex_code\socialvibe\.worktrees\socialvibe-stability-chat\frontend\node_modules\@rollup\rollup-openharmony-arm64
24 silly reify mark deleted [
24 silly reify   'D:\\codex_code\\socialvibe\\.worktrees\\socialvibe-stability-chat\\frontend\\node_modules\\@rollup\\rollup-openharmony-arm64'
24 silly reify ]
25 verbose reify failed optional dependency D:\codex_code\socialvibe\.worktrees\socialvibe-stability-chat\frontend\node_modules\@rollup\rollup-openbsd-x64
26 silly reify mark deleted [
26 silly reify   'D:\\codex_code\\socialvibe\\.worktrees\\socialvibe-stability-chat\\frontend\\node_modules\\@rollup\\rollup-openbsd-x64'
26 silly reify ]
27 verbose reify failed optional dependency D:\codex_code\socialvibe\.worktrees\socialvibe-stability-chat\frontend\node_modules\@rollup\rollup-linux-x64-musl
28 silly reify mark deleted [
28 silly reify   'D:\\codex_code\\socialvibe\\.worktrees\\socialvibe-stability-chat\\frontend\\node_modules\\@rollup\\rollup-linux-x64-musl'
28 silly reify ]
29 verbose reify failed optional dependency D:\codex_code\socialvibe\.worktrees\socialvibe-stability-chat\frontend\node_modules\@rollup\rollup-linux-x64-gnu
30 silly reify mark deleted [
30 silly reify   'D:\\codex_code\\socialvibe\\.worktrees\\socialvibe-stability-chat\\frontend\\node_modules\\@rollup\\rollup-linux-x64-gnu'
30 silly reify ]
31 verbose reify failed optional dependency D:\codex_code\socialvibe\.worktrees\socialvibe-stability-chat\frontend\node_modules\@rollup\rollup-linux-s390x-gnu
32 silly reify mark deleted [
32 silly reify   'D:\\codex_code\\socialvibe\\.worktrees\\socialvibe-stability-chat\\frontend\\node_modules\\@rollup\\rollup-linux-s390x-gnu'
32 silly reify ]
33 verbose reify failed optional dependency D:\codex_code\socialvibe\.worktrees\socialvibe-stability-chat\frontend\node_modules\@rollup\rollup-linux-riscv64-musl
34 silly reify mark deleted [
34 silly reify   'D:\\codex_code\\socialvibe\\.worktrees\\socialvibe-stability-chat\\frontend\\node_modules\\@rollup\\rollup-linux-riscv64-musl'
34 silly reify ]
35 verbose reify failed optional dependency D:\codex_code\socialvibe\.worktrees\socialvibe-stability-chat\frontend\node_modules\@rollup\rollup-linux-riscv64-gnu
36 silly reify mark deleted [
36 silly reify   'D:\\codex_code\\socialvibe\\.worktrees\\socialvibe-stability-chat\\frontend\\node_modules\\@rollup\\rollup-linux-riscv64-gnu'
36 silly reify ]
37 verbose reify failed optional dependency D:\codex_code\socialvibe\.worktrees\socialvibe-stability-chat\frontend\node_modules\@rollup\rollup-linux-ppc64-musl
38 silly reify mark deleted [
38 silly reify   'D:\\codex_code\\socialvibe\\.worktrees\\socialvibe-stability-chat\\frontend\\node_modules\\@rollup\\rollup-linux-ppc64-musl'
38 silly reify ]
39 verbose reify failed optional dependency D:\codex_code\socialvibe\.worktrees\socialvibe-stability-chat\frontend\node_modules\@rollup\rollup-linux-ppc64-gnu
40 silly reify mark deleted [
40 silly reify   'D:\\codex_code\\socialvibe\\.worktrees\\socialvibe-stability-chat\\frontend\\node_modules\\@rollup\\rollup-linux-ppc64-gnu'
40 silly reify ]
41 verbose reify failed optional dependency D:\codex_code\socialvibe\.worktrees\socialvibe-stability-chat\frontend\node_modules\@rollup\rollup-linux-loong64-musl
42 silly reify mark deleted [
42 silly reify   'D:\\codex_code\\socialvibe\\.worktrees\\socialvibe-stability-chat\\frontend\\node_modules\\@rollup\\rollup-linux-loong64-musl'
42 silly reify ]
43 verbose reify failed optional dependency D:\codex_code\socialvibe\.worktrees\socialvibe-stability-chat\frontend\node_modules\@rollup\rollup-linux-loong64-gnu
44 silly reify mark deleted [
44 silly reify   'D:\\codex_code\\socialvibe\\.worktrees\\socialvibe-stability-chat\\frontend\\node_modules\\@rollup\\rollup-linux-loong64-gnu'
44 silly reify ]
45 verbose reify failed optional dependency D:\codex_code\socialvibe\.worktrees\socialvibe-stability-chat\frontend\node_modules\@rollup\rollup-linux-arm64-musl
46 silly reify mark deleted [
46 silly reify   'D:\\codex_code\\socialvibe\\.worktrees\\socialvibe-stability-chat\\frontend\\node_modules\\@rollup\\rollup-linux-arm64-musl'
46 silly reify ]
47 verbose reify failed optional dependency D:\codex_code\socialvibe\.worktrees\socialvibe-stability-chat\frontend\node_modules\@rollup\rollup-linux-arm64-gnu
48 silly reify mark deleted [
48 silly reify   'D:\\codex_code\\socialvibe\\.worktrees\\socialvibe-stability-chat\\frontend\\node_modules\\@rollup\\rollup-linux-arm64-gnu'
48 silly reify ]
49 verbose reify failed optional dependency D:\codex_code\socialvibe\.worktrees\socialvibe-stability-chat\frontend\node_modules\@rollup\rollup-linux-arm-musleabihf
50 silly reify mark deleted [
50 silly reify   'D:\\codex_code\\socialvibe\\.worktrees\\socialvibe-stability-chat\\frontend\\node_modules\\@rollup\\rollup-linux-arm-musleabihf'
50 silly reify ]
51 verbose reify failed optional dependency D:\codex_code\socialvibe\.worktrees\socialvibe-stability-chat\frontend\node_modules\@rollup\rollup-linux-arm-gnueabihf
52 silly reify mark deleted [
52 silly reify   'D:\\codex_code\\socialvibe\\.worktrees\\socialvibe-stability-chat\\frontend\\node_modules\\@rollup\\rollup-linux-arm-gnueabihf'
52 silly reify ]
53 verbose reify failed optional dependency D:\codex_code\socialvibe\.worktrees\socialvibe-stability-chat\frontend\node_modules\@rollup\rollup-freebsd-x64
54 silly reify mark deleted [
54 silly reify   'D:\\codex_code\\socialvibe\\.worktrees\\socialvibe-stability-chat\\frontend\\node_modules\\@rollup\\rollup-freebsd-x64'
54 silly reify ]
55 verbose reify failed optional dependency D:\codex_code\socialvibe\.worktrees\socialvibe-stability-chat\frontend\node_modules\@rollup\rollup-freebsd-arm64
56 silly reify mark deleted [
56 silly reify   'D:\\codex_code\\socialvibe\\.worktrees\\socialvibe-stability-chat\\frontend\\node_modules\\@rollup\\rollup-freebsd-arm64'
56 silly reify ]
57 verbose reify failed optional dependency D:\codex_code\socialvibe\.worktrees\socialvibe-stability-chat\frontend\node_modules\@rollup\rollup-darwin-x64
58 silly reify mark deleted [
58 silly reify   'D:\\codex_code\\socialvibe\\.worktrees\\socialvibe-stability-chat\\frontend\\node_modules\\@rollup\\rollup-darwin-x64'
58 silly reify ]
59 verbose reify failed optional dependency D:\codex_code\socialvibe\.worktrees\socialvibe-stability-chat\frontend\node_modules\@rollup\rollup-darwin-arm64
60 silly reify mark deleted [
60 silly reify   'D:\\codex_code\\socialvibe\\.worktrees\\socialvibe-stability-chat\\frontend\\node_modules\\@rollup\\rollup-darwin-arm64'
60 silly reify ]
61 verbose reify failed optional dependency D:\codex_code\socialvibe\.worktrees\socialvibe-stability-chat\frontend\node_modules\@rollup\rollup-android-arm64
62 silly reify mark deleted [
62 silly reify   'D:\\codex_code\\socialvibe\\.worktrees\\socialvibe-stability-chat\\frontend\\node_modules\\@rollup\\rollup-android-arm64'
62 silly reify ]
63 verbose reify failed optional dependency D:\codex_code\socialvibe\.worktrees\socialvibe-stability-chat\frontend\node_modules\@rollup\rollup-android-arm-eabi
64 silly reify mark deleted [
64 silly reify   'D:\\codex_code\\socialvibe\\.worktrees\\socialvibe-stability-chat\\frontend\\node_modules\\@rollup\\rollup-android-arm-eabi'
64 silly reify ]
65 verbose reify failed optional dependency D:\codex_code\socialvibe\.worktrees\socialvibe-stability-chat\frontend\node_modules\@esbuild\win32-ia32
66 silly reify mark deleted [
66 silly reify   'D:\\codex_code\\socialvibe\\.worktrees\\socialvibe-stability-chat\\frontend\\node_modules\\@esbuild\\win32-ia32'
66 silly reify ]
67 verbose reify failed optional dependency D:\codex_code\socialvibe\.worktrees\socialvibe-stability-chat\frontend\node_modules\@esbuild\win32-arm64
68 silly reify mark deleted [
68 silly reify   'D:\\codex_code\\socialvibe\\.worktrees\\socialvibe-stability-chat\\frontend\\node_modules\\@esbuild\\win32-arm64'
68 silly reify ]
69 verbose reify failed optional dependency D:\codex_code\socialvibe\.worktrees\socialvibe-stability-chat\frontend\node_modules\@esbuild\sunos-x64
70 silly reify mark deleted [
70 silly reify   'D:\\codex_code\\socialvibe\\.worktrees\\socialvibe-stability-chat\\frontend\\node_modules\\@esbuild\\sunos-x64'
70 silly reify ]
71 verbose reify failed optional dependency D:\codex_code\socialvibe\.worktrees\socialvibe-stability-chat\frontend\node_modules\@esbuild\openharmony-arm64
72 silly reify mark deleted [
72 silly reify   'D:\\codex_code\\socialvibe\\.worktrees\\socialvibe-stability-chat\\frontend\\node_modules\\@esbuild\\openharmony-arm64'
72 silly reify ]
73 verbose reify failed optional dependency D:\codex_code\socialvibe\.worktrees\socialvibe-stability-chat\frontend\node_modules\@esbuild\openbsd-x64
74 silly reify mark deleted [
74 silly reify   'D:\\codex_code\\socialvibe\\.worktrees\\socialvibe-stability-chat\\frontend\\node_modules\\@esbuild\\openbsd-x64'
74 silly reify ]
75 verbose reify failed optional dependency D:\codex_code\socialvibe\.worktrees\socialvibe-stability-chat\frontend\node_modules\@esbuild\openbsd-arm64
76 silly reify mark deleted [
76 silly reify   'D:\\codex_code\\socialvibe\\.worktrees\\socialvibe-stability-chat\\frontend\\node_modules\\@esbuild\\openbsd-arm64'
76 silly reify ]
77 verbose reify failed optional dependency D:\codex_code\socialvibe\.worktrees\socialvibe-stability-chat\frontend\node_modules\@esbuild\netbsd-x64
78 silly reify mark deleted [
78 silly reify   'D:\\codex_code\\socialvibe\\.worktrees\\socialvibe-stability-chat\\frontend\\node_modules\\@esbuild\\netbsd-x64'
78 silly reify ]
79 verbose reify failed optional dependency D:\codex_code\socialvibe\.worktrees\socialvibe-stability-chat\frontend\node_modules\@esbuild\netbsd-arm64
80 silly reify mark deleted [
80 silly reify   'D:\\codex_code\\socialvibe\\.worktrees\\socialvibe-stability-chat\\frontend\\node_modules\\@esbuild\\netbsd-arm64'
80 silly reify ]
81 verbose reify failed optional dependency D:\codex_code\socialvibe\.worktrees\socialvibe-stability-chat\frontend\node_modules\@esbuild\linux-x64
82 silly reify mark deleted [
82 silly reify   'D:\\codex_code\\socialvibe\\.worktrees\\socialvibe-stability-chat\\frontend\\node_modules\\@esbuild\\linux-x64'
82 silly reify ]
83 verbose reify failed optional dependency D:\codex_code\socialvibe\.worktrees\socialvibe-stability-chat\frontend\node_modules\@esbuild\linux-s390x
84 silly reify mark deleted [
84 silly reify   'D:\\codex_code\\socialvibe\\.worktrees\\socialvibe-stability-chat\\frontend\\node_modules\\@esbuild\\linux-s390x'
84 silly reify ]
85 verbose reify failed optional dependency D:\codex_code\socialvibe\.worktrees\socialvibe-stability-chat\frontend\node_modules\@esbuild\linux-riscv64
86 silly reify mark deleted [
86 silly reify   'D:\\codex_code\\socialvibe\\.worktrees\\socialvibe-stability-chat\\frontend\\node_modules\\@esbuild\\linux-riscv64'
86 silly reify ]
87 verbose reify failed optional dependency D:\codex_code\socialvibe\.worktrees\socialvibe-stability-chat\frontend\node_modules\@esbuild\linux-ppc64
88 silly reify mark deleted [
88 silly reify   'D:\\codex_code\\socialvibe\\.worktrees\\socialvibe-stability-chat\\frontend\\node_modules\\@esbuild\\linux-ppc64'
88 silly reify ]
89 verbose reify failed optional dependency D:\codex_code\socialvibe\.worktrees\socialvibe-stability-chat\frontend\node_modules\@esbuild\linux-mips64el
90 silly reify mark deleted [
90 silly reify   'D:\\codex_code\\socialvibe\\.worktrees\\socialvibe-stability-chat\\frontend\\node_modules\\@esbuild\\linux-mips64el'
90 silly reify ]
91 verbose reify failed optional dependency D:\codex_code\socialvibe\.worktrees\socialvibe-stability-chat\frontend\node_modules\@esbuild\linux-loong64
92 silly reify mark deleted [
92 silly reify   'D:\\codex_code\\socialvibe\\.worktrees\\socialvibe-stability-chat\\frontend\\node_modules\\@esbuild\\linux-loong64'
92 silly reify ]
93 verbose reify failed optional dependency D:\codex_code\socialvibe\.worktrees\socialvibe-stability-chat\frontend\node_modules\@esbuild\linux-ia32
94 silly reify mark deleted [
94 silly reify   'D:\\codex_code\\socialvibe\\.worktrees\\socialvibe-stability-chat\\frontend\\node_modules\\@esbuild\\linux-ia32'
94 silly reify ]
95 verbose reify failed optional dependency D:\codex_code\socialvibe\.worktrees\socialvibe-stability-chat\frontend\node_modules\@esbuild\linux-arm64
96 silly reify mark deleted [
96 silly reify   'D:\\codex_code\\socialvibe\\.worktrees\\socialvibe-stability-chat\\frontend\\node_modules\\@esbuild\\linux-arm64'
96 silly reify ]
97 verbose reify failed optional dependency D:\codex_code\socialvibe\.worktrees\socialvibe-stability-chat\frontend\node_modules\@esbuild\linux-arm
98 silly reify mark deleted [
98 silly reify   'D:\\codex_code\\socialvibe\\.worktrees\\socialvibe-stability-chat\\frontend\\node_modules\\@esbuild\\linux-arm'
98 silly reify ]
99 verbose reify failed optional dependency D:\codex_code\socialvibe\.worktrees\socialvibe-stability-chat\frontend\node_modules\@esbuild\freebsd-x64
100 silly reify mark deleted [
100 silly reify   'D:\\codex_code\\socialvibe\\.worktrees\\socialvibe-stability-chat\\frontend\\node_modules\\@esbuild\\freebsd-x64'
100 silly reify ]
101 verbose reify failed optional dependency D:\codex_code\socialvibe\.worktrees\socialvibe-stability-chat\frontend\node_modules\@esbuild\freebsd-arm64
102 silly reify mark deleted [
102 silly reify   'D:\\codex_code\\socialvibe\\.worktrees\\socialvibe-stability-chat\\frontend\\node_modules\\@esbuild\\freebsd-arm64'
102 silly reify ]
103 verbose reify failed optional dependency D:\codex_code\socialvibe\.worktrees\socialvibe-stability-chat\frontend\node_modules\@esbuild\darwin-x64
104 silly reify mark deleted [
104 silly reify   'D:\\codex_code\\socialvibe\\.worktrees\\socialvibe-stability-chat\\frontend\\node_modules\\@esbuild\\darwin-x64'
104 silly reify ]
105 verbose reify failed optional dependency D:\codex_code\socialvibe\.worktrees\socialvibe-stability-chat\frontend\node_modules\@esbuild\darwin-arm64
106 silly reify mark deleted [
106 silly reify   'D:\\codex_code\\socialvibe\\.worktrees\\socialvibe-stability-chat\\frontend\\node_modules\\@esbuild\\darwin-arm64'
106 silly reify ]
107 verbose reify failed optional dependency D:\codex_code\socialvibe\.worktrees\socialvibe-stability-chat\frontend\node_modules\@esbuild\android-x64
108 silly reify mark deleted [
108 silly reify   'D:\\codex_code\\socialvibe\\.worktrees\\socialvibe-stability-chat\\frontend\\node_modules\\@esbuild\\android-x64'
108 silly reify ]
109 verbose reify failed optional dependency D:\codex_code\socialvibe\.worktrees\socialvibe-stability-chat\frontend\node_modules\@esbuild\android-arm64
110 silly reify mark deleted [
110 silly reify   'D:\\codex_code\\socialvibe\\.worktrees\\socialvibe-stability-chat\\frontend\\node_modules\\@esbuild\\android-arm64'
110 silly reify ]
111 verbose reify failed optional dependency D:\codex_code\socialvibe\.worktrees\socialvibe-stability-chat\frontend\node_modules\@esbuild\android-arm
112 silly reify mark deleted [
112 silly reify   'D:\\codex_code\\socialvibe\\.worktrees\\socialvibe-stability-chat\\frontend\\node_modules\\@esbuild\\android-arm'
112 silly reify ]
113 verbose reify failed optional dependency D:\codex_code\socialvibe\.worktrees\socialvibe-stability-chat\frontend\node_modules\@esbuild\aix-ppc64
114 silly reify mark deleted [
114 silly reify   'D:\\codex_code\\socialvibe\\.worktrees\\socialvibe-stability-chat\\frontend\\node_modules\\@esbuild\\aix-ppc64'
114 silly reify ]
115 http cache xmlchars@https://registry.npmjs.org/xmlchars/-/xmlchars-2.2.0.tgz 1ms (cache hit)
116 http cache yallist@https://registry.npmjs.org/yallist/-/yallist-3.1.1.tgz 0ms (cache hit)
117 http cache xml-name-validator@https://registry.npmjs.org/xml-name-validator/-/xml-name-validator-5.0.0.tgz 0ms (cache hit)
118 http cache ws@https://registry.npmjs.org/ws/-/ws-8.19.0.tgz 0ms (cache hit)
119 http cache why-is-node-running@https://registry.npmjs.org/why-is-node-running/-/why-is-node-running-2.3.0.tgz 0ms (cache hit)
120 http cache whatwg-url@https://registry.npmjs.org/whatwg-url/-/whatwg-url-14.2.0.tgz 0ms (cache hit)
121 http cache whatwg-encoding@https://registry.npmjs.org/whatwg-encoding/-/whatwg-encoding-3.1.1.tgz 0ms (cache hit)
122 http cache whatwg-mimetype@https://registry.npmjs.org/whatwg-mimetype/-/whatwg-mimetype-4.0.0.tgz 0ms (cache hit)
123 http cache webidl-conversions@https://registry.npmjs.org/webidl-conversions/-/webidl-conversions-7.0.0.tgz 0ms (cache hit)
124 http cache vitest@https://registry.npmjs.org/vitest/-/vitest-3.2.4.tgz 0ms (cache hit)
125 http cache w3c-xmlserializer@https://registry.npmjs.org/w3c-xmlserializer/-/w3c-xmlserializer-5.0.0.tgz 0ms (cache hit)
126 http cache vite-node@https://registry.npmjs.org/vite-node/-/vite-node-3.2.4.tgz 0ms (cache hit)
127 http cache vite@https://registry.npmjs.org/vite/-/vite-6.4.1.tgz 0ms (cache hit)
128 http cache update-browserslist-db@https://registry.npmjs.org/update-browserslist-db/-/update-browserslist-db-1.2.3.tgz 0ms (cache hit)
129 http cache undici-types@https://registry.npmjs.org/undici-types/-/undici-types-6.21.0.tgz 0ms (cache hit)
130 http cache tr46@https://registry.npmjs.org/tr46/-/tr46-5.1.1.tgz 0ms (cache hit)
131 http cache typescript@https://registry.npmjs.org/typescript/-/typescript-5.8.3.tgz 0ms (cache hit)
132 http cache tough-cookie@https://registry.npmjs.org/tough-cookie/-/tough-cookie-5.1.2.tgz 0ms (cache hit)
133 http cache tldts-core@https://registry.npmjs.org/tldts-core/-/tldts-core-6.1.86.tgz 0ms (cache hit)
134 http cache tldts@https://registry.npmjs.org/tldts/-/tldts-6.1.86.tgz 0ms (cache hit)
135 http cache tinyspy@https://registry.npmjs.org/tinyspy/-/tinyspy-4.0.4.tgz 0ms (cache hit)
136 http cache tinyrainbow@https://registry.npmjs.org/tinyrainbow/-/tinyrainbow-2.0.0.tgz 0ms (cache hit)
137 http cache tinypool@https://registry.npmjs.org/tinypool/-/tinypool-1.1.1.tgz 0ms (cache hit)
138 http cache tinyexec@https://registry.npmjs.org/tinyexec/-/tinyexec-0.3.2.tgz 0ms (cache hit)
139 http cache tinyglobby@https://registry.npmjs.org/tinyglobby/-/tinyglobby-0.2.15.tgz 0ms (cache hit)
140 http cache tinybench@https://registry.npmjs.org/tinybench/-/tinybench-2.9.0.tgz 0ms (cache hit)
141 http cache symbol-tree@https://registry.npmjs.org/symbol-tree/-/symbol-tree-3.2.4.tgz 0ms (cache hit)
142 http cache strip-indent@https://registry.npmjs.org/strip-indent/-/strip-indent-3.0.0.tgz 0ms (cache hit)
143 http cache std-env@https://registry.npmjs.org/std-env/-/std-env-3.10.0.tgz 0ms (cache hit)
144 http cache strip-literal@https://registry.npmjs.org/strip-literal/-/strip-literal-3.1.0.tgz 0ms (cache hit)
145 http cache stackback@https://registry.npmjs.org/stackback/-/stackback-0.0.2.tgz 0ms (cache hit)
146 http cache source-map-js@https://registry.npmjs.org/source-map-js/-/source-map-js-1.2.1.tgz 0ms (cache hit)
147 http cache siginfo@https://registry.npmjs.org/siginfo/-/siginfo-2.0.0.tgz 0ms (cache hit)
148 http cache semver@https://registry.npmjs.org/semver/-/semver-6.3.1.tgz 0ms (cache hit)
149 http cache scheduler@https://registry.npmjs.org/scheduler/-/scheduler-0.27.0.tgz 0ms (cache hit)
150 http cache set-cookie-parser@https://registry.npmjs.org/set-cookie-parser/-/set-cookie-parser-2.7.2.tgz 0ms (cache hit)
151 http cache saxes@https://registry.npmjs.org/saxes/-/saxes-6.0.0.tgz 0ms (cache hit)
152 http cache rrweb-cssom@https://registry.npmjs.org/rrweb-cssom/-/rrweb-cssom-0.8.0.tgz 0ms (cache hit)
153 http cache safer-buffer@https://registry.npmjs.org/safer-buffer/-/safer-buffer-2.1.2.tgz 0ms (cache hit)
154 http cache rollup@https://registry.npmjs.org/rollup/-/rollup-4.59.0.tgz 0ms (cache hit)
155 http cache react-router-dom@https://registry.npmjs.org/react-router-dom/-/react-router-dom-7.13.1.tgz 0ms (cache hit)
156 http cache redent@https://registry.npmjs.org/redent/-/redent-3.0.0.tgz 0ms (cache hit)
157 http cache react-refresh@https://registry.npmjs.org/react-refresh/-/react-refresh-0.18.0.tgz 0ms (cache hit)
158 http cache react-router@https://registry.npmjs.org/react-router/-/react-router-7.13.1.tgz 0ms (cache hit)
159 http cache react-is@https://registry.npmjs.org/react-is/-/react-is-17.0.2.tgz 0ms (cache hit)
160 http cache react@https://registry.npmjs.org/react/-/react-19.2.4.tgz 0ms (cache hit)
161 http cache pretty-format@https://registry.npmjs.org/pretty-format/-/pretty-format-27.5.1.tgz 0ms (cache hit)
162 http cache react-dom@https://registry.npmjs.org/react-dom/-/react-dom-19.2.4.tgz 0ms (cache hit)
163 http cache punycode@https://registry.npmjs.org/punycode/-/punycode-2.3.1.tgz 0ms (cache hit)
164 http cache picomatch@https://registry.npmjs.org/picomatch/-/picomatch-4.0.3.tgz 0ms (cache hit)
165 http cache pathval@https://registry.npmjs.org/pathval/-/pathval-2.0.1.tgz 0ms (cache hit)
166 http cache picocolors@https://registry.npmjs.org/picocolors/-/picocolors-1.1.1.tgz 0ms (cache hit)
167 http cache postcss@https://registry.npmjs.org/postcss/-/postcss-8.5.8.tgz 0ms (cache hit)
168 http cache pathe@https://registry.npmjs.org/pathe/-/pathe-2.0.3.tgz 0ms (cache hit)
169 http cache parse5@https://registry.npmjs.org/parse5/-/parse5-7.3.0.tgz 0ms (cache hit)
170 http cache ms@https://registry.npmjs.org/ms/-/ms-2.1.3.tgz 0ms (cache hit)
171 http cache nwsapi@https://registry.npmjs.org/nwsapi/-/nwsapi-2.2.23.tgz 0ms (cache hit)
172 http cache node-releases@https://registry.npmjs.org/node-releases/-/node-releases-2.0.36.tgz 0ms (cache hit)
173 http cache min-indent@https://registry.npmjs.org/min-indent/-/min-indent-1.0.1.tgz 0ms (cache hit)
174 http cache nanoid@https://registry.npmjs.org/nanoid/-/nanoid-3.3.11.tgz 0ms (cache hit)
175 http cache lz-string@https://registry.npmjs.org/lz-string/-/lz-string-1.5.0.tgz 0ms (cache hit)
176 http cache magic-string@https://registry.npmjs.org/magic-string/-/magic-string-0.30.21.tgz 0ms (cache hit)
177 http cache lucide-react@https://registry.npmjs.org/lucide-react/-/lucide-react-0.574.0.tgz 0ms (cache hit)
178 http cache lru-cache@https://registry.npmjs.org/lru-cache/-/lru-cache-5.1.1.tgz 0ms (cache hit)
179 http cache loupe@https://registry.npmjs.org/loupe/-/loupe-3.2.1.tgz 0ms (cache hit)
180 http cache json5@https://registry.npmjs.org/json5/-/json5-2.2.3.tgz 1ms (cache hit)
181 http cache jsesc@https://registry.npmjs.org/jsesc/-/jsesc-3.1.0.tgz 0ms (cache hit)
182 http cache jsdom@https://registry.npmjs.org/jsdom/-/jsdom-26.1.0.tgz 0ms (cache hit)
183 http cache is-potential-custom-element-name@https://registry.npmjs.org/is-potential-custom-element-name/-/is-potential-custom-element-name-1.0.1.tgz 0ms (cache hit)
184 http cache indent-string@https://registry.npmjs.org/indent-string/-/indent-string-4.0.0.tgz 0ms (cache hit)
185 http cache iconv-lite@https://registry.npmjs.org/iconv-lite/-/iconv-lite-0.6.3.tgz 0ms (cache hit)
186 http cache js-tokens@https://registry.npmjs.org/js-tokens/-/js-tokens-4.0.0.tgz 0ms (cache hit)
187 http cache https-proxy-agent@https://registry.npmjs.org/https-proxy-agent/-/https-proxy-agent-7.0.6.tgz 0ms (cache hit)
188 http cache http-proxy-agent@https://registry.npmjs.org/http-proxy-agent/-/http-proxy-agent-7.0.2.tgz 0ms (cache hit)
189 http cache html-encoding-sniffer@https://registry.npmjs.org/html-encoding-sniffer/-/html-encoding-sniffer-4.0.0.tgz 0ms (cache hit)
190 http cache gensync@https://registry.npmjs.org/gensync/-/gensync-1.0.0-beta.2.tgz 0ms (cache hit)
191 http cache expect-type@https://registry.npmjs.org/expect-type/-/expect-type-1.3.0.tgz 0ms (cache hit)
192 http cache fdir@https://registry.npmjs.org/fdir/-/fdir-6.5.0.tgz 0ms (cache hit)
193 http cache escalade@https://registry.npmjs.org/escalade/-/escalade-3.2.0.tgz 0ms (cache hit)
194 http cache estree-walker@https://registry.npmjs.org/estree-walker/-/estree-walker-3.0.3.tgz 0ms (cache hit)
195 http cache esbuild@https://registry.npmjs.org/esbuild/-/esbuild-0.25.12.tgz 0ms (cache hit)
196 http cache entities@https://registry.npmjs.org/entities/-/entities-6.0.1.tgz 0ms (cache hit)
197 http cache es-module-lexer@https://registry.npmjs.org/es-module-lexer/-/es-module-lexer-1.7.0.tgz 0ms (cache hit)
198 http cache electron-to-chromium@https://registry.npmjs.org/electron-to-chromium/-/electron-to-chromium-1.5.307.tgz 0ms (cache hit)
199 http cache dom-accessibility-api@https://registry.npmjs.org/dom-accessibility-api/-/dom-accessibility-api-0.5.16.tgz 0ms (cache hit)
200 http cache dequal@https://registry.npmjs.org/dequal/-/dequal-2.0.3.tgz 0ms (cache hit)
201 http cache decimal.js@https://registry.npmjs.org/decimal.js/-/decimal.js-10.6.0.tgz 0ms (cache hit)
202 http cache deep-eql@https://registry.npmjs.org/deep-eql/-/deep-eql-5.0.2.tgz 0ms (cache hit)
203 http cache debug@https://registry.npmjs.org/debug/-/debug-4.4.3.tgz 0ms (cache hit)
204 http cache data-urls@https://registry.npmjs.org/data-urls/-/data-urls-5.0.0.tgz 0ms (cache hit)
205 http cache css.escape@https://registry.npmjs.org/css.escape/-/css.escape-1.5.1.tgz 0ms (cache hit)
206 http cache cssstyle@https://registry.npmjs.org/cssstyle/-/cssstyle-4.6.0.tgz 0ms (cache hit)
207 http cache check-error@https://registry.npmjs.org/check-error/-/check-error-2.1.3.tgz 0ms (cache hit)
208 http cache convert-source-map@https://registry.npmjs.org/convert-source-map/-/convert-source-map-2.0.0.tgz 0ms (cache hit)
209 http cache chai@https://registry.npmjs.org/chai/-/chai-5.3.3.tgz 0ms (cache hit)
210 http cache cookie@https://registry.npmjs.org/cookie/-/cookie-1.1.1.tgz 0ms (cache hit)
211 http cache caniuse-lite@https://registry.npmjs.org/caniuse-lite/-/caniuse-lite-1.0.30001776.tgz 0ms (cache hit)
212 http cache cac@https://registry.npmjs.org/cac/-/cac-6.7.14.tgz 0ms (cache hit)
213 http cache baseline-browser-mapping@https://registry.npmjs.org/baseline-browser-mapping/-/baseline-browser-mapping-2.10.0.tgz 0ms (cache hit)
214 http cache browserslist@https://registry.npmjs.org/browserslist/-/browserslist-4.28.1.tgz 0ms (cache hit)
215 http cache aria-query@https://registry.npmjs.org/aria-query/-/aria-query-5.3.0.tgz 0ms (cache hit)
216 http cache ansi-regex@https://registry.npmjs.org/ansi-regex/-/ansi-regex-5.0.1.tgz 0ms (cache hit)
217 http cache ansi-styles@https://registry.npmjs.org/ansi-styles/-/ansi-styles-5.2.0.tgz 0ms (cache hit)
218 http cache @vitest/spy@https://registry.npmjs.org/@vitest/spy/-/spy-3.2.4.tgz 0ms (cache hit)
219 http cache agent-base@https://registry.npmjs.org/agent-base/-/agent-base-7.1.4.tgz 0ms (cache hit)
220 http cache assertion-error@https://registry.npmjs.org/assertion-error/-/assertion-error-2.0.1.tgz 0ms (cache hit)
221 http cache @vitest/utils@https://registry.npmjs.org/@vitest/utils/-/utils-3.2.4.tgz 0ms (cache hit)
222 http cache @vitest/runner@https://registry.npmjs.org/@vitest/runner/-/runner-3.2.4.tgz 0ms (cache hit)
223 http cache @vitest/snapshot@https://registry.npmjs.org/@vitest/snapshot/-/snapshot-3.2.4.tgz 0ms (cache hit)
224 http cache @vitest/pretty-format@https://registry.npmjs.org/@vitest/pretty-format/-/pretty-format-3.2.4.tgz 0ms (cache hit)
225 http cache @types/node@https://registry.npmjs.org/@types/node/-/node-22.19.13.tgz 0ms (cache hit)
226 http cache @vitest/mocker@https://registry.npmjs.org/@vitest/mocker/-/mocker-3.2.4.tgz 0ms (cache hit)
227 http cache @vitest/expect@https://registry.npmjs.org/@vitest/expect/-/expect-3.2.4.tgz 0ms (cache hit)
228 http cache @vitejs/plugin-react@https://registry.npmjs.org/@vitejs/plugin-react/-/plugin-react-5.1.4.tgz 0ms (cache hit)
229 http cache @types/estree@https://registry.npmjs.org/@types/estree/-/estree-1.0.8.tgz 0ms (cache hit)
230 http cache @types/deep-eql@https://registry.npmjs.org/@types/deep-eql/-/deep-eql-4.0.2.tgz 0ms (cache hit)
231 http cache @types/chai@https://registry.npmjs.org/@types/chai/-/chai-5.2.3.tgz 0ms (cache hit)
232 http cache @types/babel__traverse@https://registry.npmjs.org/@types/babel__traverse/-/babel__traverse-7.28.0.tgz 0ms (cache hit)
233 http cache @types/babel__template@https://registry.npmjs.org/@types/babel__template/-/babel__template-7.4.4.tgz 0ms (cache hit)
234 http cache @testing-library/react@https://registry.npmjs.org/@testing-library/react/-/react-16.3.2.tgz 0ms (cache hit)
235 http cache @types/babel__core@https://registry.npmjs.org/@types/babel__core/-/babel__core-7.20.5.tgz 0ms (cache hit)
236 http cache @testing-library/jest-dom@https://registry.npmjs.org/@testing-library/jest-dom/-/jest-dom-6.9.1.tgz 0ms (cache hit)
237 http cache @types/babel__generator@https://registry.npmjs.org/@types/babel__generator/-/babel__generator-7.27.0.tgz 0ms (cache hit)
238 http cache @testing-library/dom@https://registry.npmjs.org/@testing-library/dom/-/dom-10.4.1.tgz 0ms (cache hit)
239 http cache @types/aria-query@https://registry.npmjs.org/@types/aria-query/-/aria-query-5.0.4.tgz 0ms (cache hit)
240 http cache @rollup/rollup-win32-x64-msvc@https://registry.npmjs.org/@rollup/rollup-win32-x64-msvc/-/rollup-win32-x64-msvc-4.59.0.tgz 0ms (cache hit)
241 http cache @rolldown/pluginutils@https://registry.npmjs.org/@rolldown/pluginutils/-/pluginutils-1.0.0-rc.3.tgz 0ms (cache hit)
242 http cache @jridgewell/sourcemap-codec@https://registry.npmjs.org/@jridgewell/sourcemap-codec/-/sourcemap-codec-1.5.5.tgz 0ms (cache hit)
243 http cache @rollup/rollup-win32-x64-gnu@https://registry.npmjs.org/@rollup/rollup-win32-x64-gnu/-/rollup-win32-x64-gnu-4.59.0.tgz 0ms (cache hit)
244 http cache @jridgewell/resolve-uri@https://registry.npmjs.org/@jridgewell/resolve-uri/-/resolve-uri-3.1.2.tgz 0ms (cache hit)
245 http cache @jridgewell/trace-mapping@https://registry.npmjs.org/@jridgewell/trace-mapping/-/trace-mapping-0.3.31.tgz 0ms (cache hit)
246 http cache @jridgewell/remapping@https://registry.npmjs.org/@jridgewell/remapping/-/remapping-2.3.5.tgz 0ms (cache hit)
247 http cache @esbuild/win32-x64@https://registry.npmjs.org/@esbuild/win32-x64/-/win32-x64-0.25.12.tgz 0ms (cache hit)
248 http cache @csstools/css-tokenizer@https://registry.npmjs.org/@csstools/css-tokenizer/-/css-tokenizer-3.0.4.tgz 0ms (cache hit)
249 http cache @csstools/css-parser-algorithms@https://registry.npmjs.org/@csstools/css-parser-algorithms/-/css-parser-algorithms-3.0.5.tgz 0ms (cache hit)
250 http cache @csstools/css-color-parser@https://registry.npmjs.org/@csstools/css-color-parser/-/css-color-parser-3.1.0.tgz 0ms (cache hit)
251 http cache @csstools/css-calc@https://registry.npmjs.org/@csstools/css-calc/-/css-calc-2.1.4.tgz 0ms (cache hit)
252 http cache @babel/types@https://registry.npmjs.org/@babel/types/-/types-7.29.0.tgz 0ms (cache hit)
253 http cache @jridgewell/gen-mapping@https://registry.npmjs.org/@jridgewell/gen-mapping/-/gen-mapping-0.3.13.tgz 0ms (cache hit)
254 http cache @csstools/color-helpers@https://registry.npmjs.org/@csstools/color-helpers/-/color-helpers-5.1.0.tgz 0ms (cache hit)
255 http cache @babel/template@https://registry.npmjs.org/@babel/template/-/template-7.28.6.tgz 0ms (cache hit)
256 http cache @babel/traverse@https://registry.npmjs.org/@babel/traverse/-/traverse-7.29.0.tgz 0ms (cache hit)
257 http cache @babel/runtime@https://registry.npmjs.org/@babel/runtime/-/runtime-7.28.6.tgz 0ms (cache hit)
258 http cache @babel/plugin-transform-react-jsx-source@https://registry.npmjs.org/@babel/plugin-transform-react-jsx-source/-/plugin-transform-react-jsx-source-7.27.1.tgz 0ms (cache hit)
259 http cache @babel/parser@https://registry.npmjs.org/@babel/parser/-/parser-7.29.0.tgz 0ms (cache hit)
260 http cache @babel/plugin-transform-react-jsx-self@https://registry.npmjs.org/@babel/plugin-transform-react-jsx-self/-/plugin-transform-react-jsx-self-7.27.1.tgz 0ms (cache hit)
261 http cache @babel/helpers@https://registry.npmjs.org/@babel/helpers/-/helpers-7.28.6.tgz 0ms (cache hit)
262 http cache @babel/helper-validator-identifier@https://registry.npmjs.org/@babel/helper-validator-identifier/-/helper-validator-identifier-7.28.5.tgz 0ms (cache hit)
263 http cache @babel/helper-validator-option@https://registry.npmjs.org/@babel/helper-validator-option/-/helper-validator-option-7.27.1.tgz 0ms (cache hit)
264 http cache @babel/helper-string-parser@https://registry.npmjs.org/@babel/helper-string-parser/-/helper-string-parser-7.27.1.tgz 0ms (cache hit)
265 http cache @babel/helper-plugin-utils@https://registry.npmjs.org/@babel/helper-plugin-utils/-/helper-plugin-utils-7.28.6.tgz 0ms (cache hit)
266 http cache @babel/helper-module-transforms@https://registry.npmjs.org/@babel/helper-module-transforms/-/helper-module-transforms-7.28.6.tgz 0ms (cache hit)
267 http cache @babel/generator@https://registry.npmjs.org/@babel/generator/-/generator-7.29.1.tgz 0ms (cache hit)
268 http cache @babel/helper-module-imports@https://registry.npmjs.org/@babel/helper-module-imports/-/helper-module-imports-7.28.6.tgz 0ms (cache hit)
269 http cache @babel/helper-globals@https://registry.npmjs.org/@babel/helper-globals/-/helper-globals-7.28.0.tgz 0ms (cache hit)
270 http cache @babel/helper-compilation-targets@https://registry.npmjs.org/@babel/helper-compilation-targets/-/helper-compilation-targets-7.28.6.tgz 0ms (cache hit)
271 http cache @babel/core@https://registry.npmjs.org/@babel/core/-/core-7.29.0.tgz 0ms (cache hit)
272 http cache @babel/compat-data@https://registry.npmjs.org/@babel/compat-data/-/compat-data-7.29.0.tgz 0ms (cache hit)
273 http cache @asamuzakjp/css-color@https://registry.npmjs.org/@asamuzakjp/css-color/-/css-color-3.2.0.tgz 0ms (cache hit)
274 http cache js-tokens@https://registry.npmjs.org/js-tokens/-/js-tokens-9.0.1.tgz 0ms (cache hit)
275 http cache @adobe/css-tools@https://registry.npmjs.org/@adobe/css-tools/-/css-tools-4.4.4.tgz 0ms (cache hit)
276 http cache dom-accessibility-api@https://registry.npmjs.org/dom-accessibility-api/-/dom-accessibility-api-0.6.3.tgz 0ms (cache hit)
277 http cache @babel/code-frame@https://registry.npmjs.org/@babel/code-frame/-/code-frame-7.29.0.tgz 0ms (cache hit)
278 http cache lru-cache@https://registry.npmjs.org/lru-cache/-/lru-cache-10.4.3.tgz 0ms (cache hit)
279 warn deprecated whatwg-encoding@3.1.1: Use @exodus/bytes instead for a more spec-conformant and faster implementation
280 http fetch POST 200 https://registry.npmjs.org/-/npm/v1/security/advisories/bulk 2569ms
281 silly audit report {}
282 info run esbuild@0.25.12 postinstall node_modules/esbuild node install.js
283 info run esbuild@0.25.12 postinstall { code: 0, signal: null }
284 silly ADD node_modules/yallist
285 silly ADD node_modules/xmlchars
286 silly ADD node_modules/xml-name-validator
287 silly ADD node_modules/ws
288 silly ADD node_modules/why-is-node-running
289 silly ADD node_modules/whatwg-url
290 silly ADD node_modules/whatwg-mimetype
291 silly ADD node_modules/whatwg-encoding
292 silly ADD node_modules/webidl-conversions
293 silly ADD node_modules/w3c-xmlserializer
294 silly ADD node_modules/vitest
295 silly ADD node_modules/vite-node
296 silly ADD node_modules/vite
297 silly ADD node_modules/update-browserslist-db
298 silly ADD node_modules/undici-types
299 silly ADD node_modules/typescript
300 silly ADD node_modules/tr46
301 silly ADD node_modules/tough-cookie
302 silly ADD node_modules/tldts-core
303 silly ADD node_modules/tldts
304 silly ADD node_modules/tinyspy
305 silly ADD node_modules/tinyrainbow
306 silly ADD node_modules/tinypool
307 silly ADD node_modules/tinyglobby
308 silly ADD node_modules/tinyexec
309 silly ADD node_modules/tinybench
310 silly ADD node_modules/symbol-tree
311 silly ADD node_modules/strip-literal
312 silly ADD node_modules/strip-literal/node_modules/js-tokens
313 silly ADD node_modules/strip-indent
314 silly ADD node_modules/std-env
315 silly ADD node_modules/stackback
316 silly ADD node_modules/source-map-js
317 silly ADD node_modules/siginfo
318 silly ADD node_modules/set-cookie-parser
319 silly ADD node_modules/semver
320 silly ADD node_modules/scheduler
321 silly ADD node_modules/saxes
322 silly ADD node_modules/safer-buffer
323 silly ADD node_modules/rrweb-cssom
324 silly ADD node_modules/rollup
325 silly ADD node_modules/redent
326 silly ADD node_modules/react-router-dom
327 silly ADD node_modules/react-router
328 silly ADD node_modules/react-refresh
329 silly ADD node_modules/react-is
330 silly ADD node_modules/react-dom
331 silly ADD node_modules/react
332 silly ADD node_modules/punycode
333 silly ADD node_modules/pretty-format
334 silly ADD node_modules/postcss
335 silly ADD node_modules/picomatch
336 silly ADD node_modules/picocolors
337 silly ADD node_modules/pathval
338 silly ADD node_modules/pathe
339 silly ADD node_modules/parse5
340 silly ADD node_modules/nwsapi
341 silly ADD node_modules/node-releases
342 silly ADD node_modules/nanoid
343 silly ADD node_modules/ms
344 silly ADD node_modules/min-indent
345 silly ADD node_modules/magic-string
346 silly ADD node_modules/lz-string
347 silly ADD node_modules/lucide-react
348 silly ADD node_modules/lru-cache
349 silly ADD node_modules/loupe
350 silly ADD node_modules/json5
351 silly ADD node_modules/jsesc
352 silly ADD node_modules/jsdom
353 silly ADD node_modules/js-tokens
354 silly ADD node_modules/is-potential-custom-element-name
355 silly ADD node_modules/indent-string
356 silly ADD node_modules/iconv-lite
357 silly ADD node_modules/https-proxy-agent
358 silly ADD node_modules/http-proxy-agent
359 silly ADD node_modules/html-encoding-sniffer
360 silly ADD node_modules/gensync
361 silly ADD node_modules/fsevents
362 silly ADD node_modules/fdir
363 silly ADD node_modules/expect-type
364 silly ADD node_modules/estree-walker
365 silly ADD node_modules/escalade
366 silly ADD node_modules/esbuild
367 silly ADD node_modules/es-module-lexer
368 silly ADD node_modules/entities
369 silly ADD node_modules/electron-to-chromium
370 silly ADD node_modules/dom-accessibility-api
371 silly ADD node_modules/dequal
372 silly ADD node_modules/deep-eql
373 silly ADD node_modules/decimal.js
374 silly ADD node_modules/debug
375 silly ADD node_modules/data-urls
376 silly ADD node_modules/cssstyle
377 silly ADD node_modules/css.escape
378 silly ADD node_modules/cookie
379 silly ADD node_modules/convert-source-map
380 silly ADD node_modules/check-error
381 silly ADD node_modules/chai
382 silly ADD node_modules/caniuse-lite
383 silly ADD node_modules/cac
384 silly ADD node_modules/browserslist
385 silly ADD node_modules/baseline-browser-mapping
386 silly ADD node_modules/assertion-error
387 silly ADD node_modules/aria-query
388 silly ADD node_modules/ansi-styles
389 silly ADD node_modules/ansi-regex
390 silly ADD node_modules/agent-base
391 silly ADD node_modules/@vitest/utils
392 silly ADD node_modules/@vitest/spy
393 silly ADD node_modules/@vitest/snapshot
394 silly ADD node_modules/@vitest/runner
395 silly ADD node_modules/@vitest/pretty-format
396 silly ADD node_modules/@vitest/mocker
397 silly ADD node_modules/@vitest/expect
398 silly ADD node_modules/@vitejs/plugin-react
399 silly ADD node_modules/@types/node
400 silly ADD node_modules/@types/estree
401 silly ADD node_modules/@types/deep-eql
402 silly ADD node_modules/@types/chai
403 silly ADD node_modules/@types/babel__traverse
404 silly ADD node_modules/@types/babel__template
405 silly ADD node_modules/@types/babel__generator
406 silly ADD node_modules/@types/babel__core
407 silly ADD node_modules/@types/aria-query
408 silly ADD node_modules/@testing-library/react
409 silly ADD node_modules/@testing-library/jest-dom
410 silly ADD node_modules/@testing-library/jest-dom/node_modules/dom-accessibility-api
411 silly ADD node_modules/@testing-library/dom
412 silly ADD node_modules/@rollup/rollup-win32-x64-msvc
413 silly ADD node_modules/@rollup/rollup-win32-x64-gnu
414 silly ADD node_modules/@rollup/rollup-win32-ia32-msvc
415 silly ADD node_modules/@rollup/rollup-win32-arm64-msvc
416 silly ADD node_modules/@rollup/rollup-openharmony-arm64
417 silly ADD node_modules/@rollup/rollup-openbsd-x64
418 silly ADD node_modules/@rollup/rollup-linux-x64-musl
419 silly ADD node_modules/@rollup/rollup-linux-x64-gnu
420 silly ADD node_modules/@rollup/rollup-linux-s390x-gnu
421 silly ADD node_modules/@rollup/rollup-linux-riscv64-musl
422 silly ADD node_modules/@rollup/rollup-linux-riscv64-gnu
423 silly ADD node_modules/@rollup/rollup-linux-ppc64-musl
424 silly ADD node_modules/@rollup/rollup-linux-ppc64-gnu
425 silly ADD node_modules/@rollup/rollup-linux-loong64-musl
426 silly ADD node_modules/@rollup/rollup-linux-loong64-gnu
427 silly ADD node_modules/@rollup/rollup-linux-arm64-musl
428 silly ADD node_modules/@rollup/rollup-linux-arm64-gnu
429 silly ADD node_modules/@rollup/rollup-linux-arm-musleabihf
430 silly ADD node_modules/@rollup/rollup-linux-arm-gnueabihf
431 silly ADD node_modules/@rollup/rollup-freebsd-x64
432 silly ADD node_modules/@rollup/rollup-freebsd-arm64
433 silly ADD node_modules/@rollup/rollup-darwin-x64
434 silly ADD node_modules/@rollup/rollup-darwin-arm64
435 silly ADD node_modules/@rollup/rollup-android-arm64
436 silly ADD node_modules/@rollup/rollup-android-arm-eabi
437 silly ADD node_modules/@rolldown/pluginutils
438 silly ADD node_modules/@jridgewell/trace-mapping
439 silly ADD node_modules/@jridgewell/sourcemap-codec
440 silly ADD node_modules/@jridgewell/resolve-uri
441 silly ADD node_modules/@jridgewell/remapping
442 silly ADD node_modules/@jridgewell/gen-mapping
443 silly ADD node_modules/@esbuild/win32-x64
444 silly ADD node_modules/@esbuild/win32-ia32
445 silly ADD node_modules/@esbuild/win32-arm64
446 silly ADD node_modules/@esbuild/sunos-x64
447 silly ADD node_modules/@esbuild/openharmony-arm64
448 silly ADD node_modules/@esbuild/openbsd-x64
449 silly ADD node_modules/@esbuild/openbsd-arm64
450 silly ADD node_modules/@esbuild/netbsd-x64
451 silly ADD node_modules/@esbuild/netbsd-arm64
452 silly ADD node_modules/@esbuild/linux-x64
453 silly ADD node_modules/@esbuild/linux-s390x
454 silly ADD node_modules/@esbuild/linux-riscv64
455 silly ADD node_modules/@esbuild/linux-ppc64
456 silly ADD node_modules/@esbuild/linux-mips64el
457 silly ADD node_modules/@esbuild/linux-loong64
458 silly ADD node_modules/@esbuild/linux-ia32
459 silly ADD node_modules/@esbuild/linux-arm64
460 silly ADD node_modules/@esbuild/linux-arm
461 silly ADD node_modules/@esbuild/freebsd-x64
462 silly ADD node_modules/@esbuild/freebsd-arm64
463 silly ADD node_modules/@esbuild/darwin-x64
464 silly ADD node_modules/@esbuild/darwin-arm64
465 silly ADD node_modules/@esbuild/android-x64
466 silly ADD node_modules/@esbuild/android-arm64
467 silly ADD node_modules/@esbuild/android-arm
468 silly ADD node_modules/@esbuild/aix-ppc64
469 silly ADD node_modules/@csstools/css-tokenizer
470 silly ADD node_modules/@csstools/css-parser-algorithms
471 silly ADD node_modules/@csstools/css-color-parser
472 silly ADD node_modules/@csstools/css-calc
473 silly ADD node_modules/@csstools/color-helpers
474 silly ADD node_modules/@babel/types
475 silly ADD node_modules/@babel/traverse
476 silly ADD node_modules/@babel/template
477 silly ADD node_modules/@babel/runtime
478 silly ADD node_modules/@babel/plugin-transform-react-jsx-source
479 silly ADD node_modules/@babel/plugin-transform-react-jsx-self
480 silly ADD node_modules/@babel/parser
481 silly ADD node_modules/@babel/helpers
482 silly ADD node_modules/@babel/helper-validator-option
483 silly ADD node_modules/@babel/helper-validator-identifier
484 silly ADD node_modules/@babel/helper-string-parser
485 silly ADD node_modules/@babel/helper-plugin-utils
486 silly ADD node_modules/@babel/helper-module-transforms
487 silly ADD node_modules/@babel/helper-module-imports
488 silly ADD node_modules/@babel/helper-globals
489 silly ADD node_modules/@babel/helper-compilation-targets
490 silly ADD node_modules/@babel/generator
491 silly ADD node_modules/@babel/core
492 silly ADD node_modules/@babel/compat-data
493 silly ADD node_modules/@babel/code-frame
494 silly ADD node_modules/@asamuzakjp/css-color
495 silly ADD node_modules/@asamuzakjp/css-color/node_modules/lru-cache
496 silly ADD node_modules/@adobe/css-tools
497 verbose cwd D:\codex_code\socialvibe
498 verbose os Windows_NT 10.0.26200
499 verbose node v24.10.0
500 verbose npm  v11.6.1
501 verbose exit 0
502 info ok
