0 verbose cli D:\Program Files\nodejs\node.exe D:\Program Files\nodejs\node_modules\npm\bin\npm-cli.js
1 info using npm@11.6.1
2 info using node@v24.10.0
3 silly config load:file:D:\Program Files\nodejs\node_modules\npm\npmrc
4 silly config load:file:D:\codex_code\socialvibe\.worktrees\socialvibe-mvp\backend\.npmrc
5 silly config load:file:C:\Users\lenovo\.npmrc
6 silly config load:file:D:\codex_code\socialvibe\.worktrees\socialvibe-mvp\backend\etc\npmrc
7 verbose title npm install
8 verbose argv "--prefix" ".worktrees/socialvibe-mvp/backend" "install" "--cache" ".npm-cache"
9 verbose logfile logs-max:10 dir:D:\codex_code\socialvibe\.npm-cache\_logs\2026-03-04T09_22_05_690Z-
10 verbose logfile D:\codex_code\socialvibe\.npm-cache\_logs\2026-03-04T09_22_05_690Z-debug-0.log
11 silly logfile done cleaning log files
12 silly packumentCache heap:4496293888 maxSize:1124073472 maxEntrySize:562036736
13 silly idealTree buildDeps
14 silly reify mark retired [
14 silly reify   'D:\\codex_code\\socialvibe\\.worktrees\\socialvibe-mvp\\backend\\node_modules\\@types\\pg'
14 silly reify ]
15 silly reify mark retired [
15 silly reify   'D:\\codex_code\\socialvibe\\.worktrees\\socialvibe-mvp\\backend\\node_modules\\pg'
15 silly reify ]
16 silly reify mark retired [
16 silly reify   'D:\\codex_code\\socialvibe\\.worktrees\\socialvibe-mvp\\backend\\node_modules\\pg-cloudflare'
16 silly reify ]
17 silly reify mark retired [
17 silly reify   'D:\\codex_code\\socialvibe\\.worktrees\\socialvibe-mvp\\backend\\node_modules\\pg-connection-string'
17 silly reify ]
18 silly reify mark retired [
18 silly reify   'D:\\codex_code\\socialvibe\\.worktrees\\socialvibe-mvp\\backend\\node_modules\\pg-int8'
18 silly reify ]
19 silly reify mark retired [
19 silly reify   'D:\\codex_code\\socialvibe\\.worktrees\\socialvibe-mvp\\backend\\node_modules\\pg-pool'
19 silly reify ]
20 silly reify mark retired [
20 silly reify   'D:\\codex_code\\socialvibe\\.worktrees\\socialvibe-mvp\\backend\\node_modules\\pg-protocol'
20 silly reify ]
21 silly reify mark retired [
21 silly reify   'D:\\codex_code\\socialvibe\\.worktrees\\socialvibe-mvp\\backend\\node_modules\\pg-types'
21 silly reify ]
22 silly reify mark retired [
22 silly reify   'D:\\codex_code\\socialvibe\\.worktrees\\socialvibe-mvp\\backend\\node_modules\\pgpass'
22 silly reify ]
23 silly reify mark retired [
23 silly reify   'D:\\codex_code\\socialvibe\\.worktrees\\socialvibe-mvp\\backend\\node_modules\\postgres-array'
23 silly reify ]
24 silly reify mark retired [
24 silly reify   'D:\\codex_code\\socialvibe\\.worktrees\\socialvibe-mvp\\backend\\node_modules\\postgres-bytea'
24 silly reify ]
25 silly reify mark retired [
25 silly reify   'D:\\codex_code\\socialvibe\\.worktrees\\socialvibe-mvp\\backend\\node_modules\\postgres-date'
25 silly reify ]
26 silly reify mark retired [
26 silly reify   'D:\\codex_code\\socialvibe\\.worktrees\\socialvibe-mvp\\backend\\node_modules\\postgres-interval'
26 silly reify ]
27 silly reify mark retired [
27 silly reify   'D:\\codex_code\\socialvibe\\.worktrees\\socialvibe-mvp\\backend\\node_modules\\split2'
27 silly reify ]
28 silly reify mark retired [
28 silly reify   'D:\\codex_code\\socialvibe\\.worktrees\\socialvibe-mvp\\backend\\node_modules\\xtend'
28 silly reify ]
29 silly reify moves {
29 silly reify   'D:\\codex_code\\socialvibe\\.worktrees\\socialvibe-mvp\\backend\\node_modules\\@types\\pg': 'D:\\codex_code\\socialvibe\\.worktrees\\socialvibe-mvp\\backend\\node_modules\\@types\\.pg-DQ6bghSj',
29 silly reify   'D:\\codex_code\\socialvibe\\.worktrees\\socialvibe-mvp\\backend\\node_modules\\pg': 'D:\\codex_code\\socialvibe\\.worktrees\\socialvibe-mvp\\backend\\node_modules\\.pg-f6N5Bwd6',
29 silly reify   'D:\\codex_code\\socialvibe\\.worktrees\\socialvibe-mvp\\backend\\node_modules\\pg-cloudflare': 'D:\\codex_code\\socialvibe\\.worktrees\\socialvibe-mvp\\backend\\node_modules\\.pg-cloudflare-aGZNAddV',
29 silly reify   'D:\\codex_code\\socialvibe\\.worktrees\\socialvibe-mvp\\backend\\node_modules\\pg-connection-string': 'D:\\codex_code\\socialvibe\\.worktrees\\socialvibe-mvp\\backend\\node_modules\\.pg-connection-string-LuY5TmlL',
29 silly reify   'D:\\codex_code\\socialvibe\\.worktrees\\socialvibe-mvp\\backend\\node_modules\\pg-int8': 'D:\\codex_code\\socialvibe\\.worktrees\\socialvibe-mvp\\backend\\node_modules\\.pg-int8-i1UQJ9EG',
29 silly reify   'D:\\codex_code\\socialvibe\\.worktrees\\socialvibe-mvp\\backend\\node_modules\\pg-pool': 'D:\\codex_code\\socialvibe\\.worktrees\\socialvibe-mvp\\backend\\node_modules\\.pg-pool-2ad2YTrZ',
29 silly reify   'D:\\codex_code\\socialvibe\\.worktrees\\socialvibe-mvp\\backend\\node_modules\\pg-protocol': 'D:\\codex_code\\socialvibe\\.worktrees\\socialvibe-mvp\\backend\\node_modules\\.pg-protocol-mlTKx9Yc',
29 silly reify   'D:\\codex_code\\socialvibe\\.worktrees\\socialvibe-mvp\\backend\\node_modules\\pg-types': 'D:\\codex_code\\socialvibe\\.worktrees\\socialvibe-mvp\\backend\\node_modules\\.pg-types-aAhkg8il',
29 silly reify   'D:\\codex_code\\socialvibe\\.worktrees\\socialvibe-mvp\\backend\\node_modules\\pgpass': 'D:\\codex_code\\socialvibe\\.worktrees\\socialvibe-mvp\\backend\\node_modules\\.pgpass-Zw7uZza4',
29 silly reify   'D:\\codex_code\\socialvibe\\.worktrees\\socialvibe-mvp\\backend\\node_modules\\postgres-array': 'D:\\codex_code\\socialvibe\\.worktrees\\socialvibe-mvp\\backend\\node_modules\\.postgres-array-6HZkr7LR',
29 silly reify   'D:\\codex_code\\socialvibe\\.worktrees\\socialvibe-mvp\\backend\\node_modules\\postgres-bytea': 'D:\\codex_code\\socialvibe\\.worktrees\\socialvibe-mvp\\backend\\node_modules\\.postgres-bytea-gi5w3KWR',
29 silly reify   'D:\\codex_code\\socialvibe\\.worktrees\\socialvibe-mvp\\backend\\node_modules\\postgres-date': 'D:\\codex_code\\socialvibe\\.worktrees\\socialvibe-mvp\\backend\\node_modules\\.postgres-date-lYLYvHiA',
29 silly reify   'D:\\codex_code\\socialvibe\\.worktrees\\socialvibe-mvp\\backend\\node_modules\\postgres-interval': 'D:\\codex_code\\socialvibe\\.worktrees\\socialvibe-mvp\\backend\\node_modules\\.postgres-interval-Nk6swYDt',
29 silly reify   'D:\\codex_code\\socialvibe\\.worktrees\\socialvibe-mvp\\backend\\node_modules\\split2': 'D:\\codex_code\\socialvibe\\.worktrees\\socialvibe-mvp\\backend\\node_modules\\.split2-j5Nw5fu8',
29 silly reify   'D:\\codex_code\\socialvibe\\.worktrees\\socialvibe-mvp\\backend\\node_modules\\xtend': 'D:\\codex_code\\socialvibe\\.worktrees\\socialvibe-mvp\\backend\\node_modules\\.xtend-ClyuOtBf'
29 silly reify }
30 silly audit bulk request {
30 silly audit   '@esbuild/aix-ppc64': [ '0.27.3' ],
30 silly audit   '@esbuild/android-arm': [ '0.27.3' ],
30 silly audit   '@esbuild/android-arm64': [ '0.27.3' ],
30 silly audit   '@esbuild/android-x64': [ '0.27.3' ],
30 silly audit   '@esbuild/darwin-arm64': [ '0.27.3' ],
30 silly audit   '@esbuild/darwin-x64': [ '0.27.3' ],
30 silly audit   '@esbuild/freebsd-arm64': [ '0.27.3' ],
30 silly audit   '@esbuild/freebsd-x64': [ '0.27.3' ],
30 silly audit   '@esbuild/linux-arm': [ '0.27.3' ],
30 silly audit   '@esbuild/linux-arm64': [ '0.27.3' ],
30 silly audit   '@esbuild/linux-ia32': [ '0.27.3' ],
30 silly audit   '@esbuild/linux-loong64': [ '0.27.3' ],
30 silly audit   '@esbuild/linux-mips64el': [ '0.27.3' ],
30 silly audit   '@esbuild/linux-ppc64': [ '0.27.3' ],
30 silly audit   '@esbuild/linux-riscv64': [ '0.27.3' ],
30 silly audit   '@esbuild/linux-s390x': [ '0.27.3' ],
30 silly audit   '@esbuild/linux-x64': [ '0.27.3' ],
30 silly audit   '@esbuild/netbsd-arm64': [ '0.27.3' ],
30 silly audit   '@esbuild/netbsd-x64': [ '0.27.3' ],
30 silly audit   '@esbuild/openbsd-arm64': [ '0.27.3' ],
30 silly audit   '@esbuild/openbsd-x64': [ '0.27.3' ],
30 silly audit   '@esbuild/openharmony-arm64': [ '0.27.3' ],
30 silly audit   '@esbuild/sunos-x64': [ '0.27.3' ],
30 silly audit   '@esbuild/win32-arm64': [ '0.27.3' ],
30 silly audit   '@esbuild/win32-ia32': [ '0.27.3' ],
30 silly audit   '@esbuild/win32-x64': [ '0.27.3' ],
30 silly audit   '@jridgewell/sourcemap-codec': [ '1.5.5' ],
30 silly audit   '@noble/hashes': [ '1.8.0' ],
30 silly audit   '@paralleldrive/cuid2': [ '2.3.1' ],
30 silly audit   '@rollup/rollup-android-arm-eabi': [ '4.59.0' ],
30 silly audit   '@rollup/rollup-android-arm64': [ '4.59.0' ],
30 silly audit   '@rollup/rollup-darwin-arm64': [ '4.59.0' ],
30 silly audit   '@rollup/rollup-darwin-x64': [ '4.59.0' ],
30 silly audit   '@rollup/rollup-freebsd-arm64': [ '4.59.0' ],
30 silly audit   '@rollup/rollup-freebsd-x64': [ '4.59.0' ],
30 silly audit   '@rollup/rollup-linux-arm-gnueabihf': [ '4.59.0' ],
30 silly audit   '@rollup/rollup-linux-arm-musleabihf': [ '4.59.0' ],
30 silly audit   '@rollup/rollup-linux-arm64-gnu': [ '4.59.0' ],
30 silly audit   '@rollup/rollup-linux-arm64-musl': [ '4.59.0' ],
30 silly audit   '@rollup/rollup-linux-loong64-gnu': [ '4.59.0' ],
30 silly audit   '@rollup/rollup-linux-loong64-musl': [ '4.59.0' ],
30 silly audit   '@rollup/rollup-linux-ppc64-gnu': [ '4.59.0' ],
30 silly audit   '@rollup/rollup-linux-ppc64-musl': [ '4.59.0' ],
30 silly audit   '@rollup/rollup-linux-riscv64-gnu': [ '4.59.0' ],
30 silly audit   '@rollup/rollup-linux-riscv64-musl': [ '4.59.0' ],
30 silly audit   '@rollup/rollup-linux-s390x-gnu': [ '4.59.0' ],
30 silly audit   '@rollup/rollup-linux-x64-gnu': [ '4.59.0' ],
30 silly audit   '@rollup/rollup-linux-x64-musl': [ '4.59.0' ],
30 silly audit   '@rollup/rollup-openbsd-x64': [ '4.59.0' ],
30 silly audit   '@rollup/rollup-openharmony-arm64': [ '4.59.0' ],
30 silly audit   '@rollup/rollup-win32-arm64-msvc': [ '4.59.0' ],
30 silly audit   '@rollup/rollup-win32-ia32-msvc': [ '4.59.0' ],
30 silly audit   '@rollup/rollup-win32-x64-gnu': [ '4.59.0' ],
30 silly audit   '@rollup/rollup-win32-x64-msvc': [ '4.59.0' ],
30 silly audit   '@supabase/auth-js': [ '2.98.0' ],
30 silly audit   '@supabase/functions-js': [ '2.98.0' ],
30 silly audit   '@supabase/postgrest-js': [ '2.98.0' ],
30 silly audit   '@supabase/realtime-js': [ '2.98.0' ],
30 silly audit   '@supabase/storage-js': [ '2.98.0' ],
30 silly audit   '@supabase/supabase-js': [ '2.98.0' ],
30 silly audit   '@types/body-parser': [ '1.19.6' ],
30 silly audit   '@types/chai': [ '5.2.3' ],
30 silly audit   '@types/connect': [ '3.4.38' ],
30 silly audit   '@types/cookiejar': [ '2.1.5' ],
30 silly audit   '@types/deep-eql': [ '4.0.2' ],
30 silly audit   '@types/estree': [ '1.0.8' ],
30 silly audit   '@types/express': [ '5.0.6' ],
30 silly audit   '@types/express-serve-static-core': [ '5.1.1' ],
30 silly audit   '@types/http-errors': [ '2.0.5' ],
30 silly audit   '@types/methods': [ '1.1.4' ],
30 silly audit   '@types/node': [ '22.19.13' ],
30 silly audit   '@types/phoenix': [ '1.6.7' ],
30 silly audit   '@types/qs': [ '6.14.0' ],
30 silly audit   '@types/range-parser': [ '1.2.7' ],
30 silly audit   '@types/send': [ '1.2.1' ],
30 silly audit   '@types/serve-static': [ '2.2.0' ],
30 silly audit   '@types/superagent': [ '8.1.9' ],
30 silly audit   '@types/supertest': [ '6.0.3' ],
30 silly audit   '@types/ws': [ '8.18.1' ],
30 silly audit   '@vitest/expect': [ '3.2.4' ],
30 silly audit   '@vitest/mocker': [ '3.2.4' ],
30 silly audit   '@vitest/pretty-format': [ '3.2.4' ],
30 silly audit   '@vitest/runner': [ '3.2.4' ],
30 silly audit   '@vitest/snapshot': [ '3.2.4' ],
30 silly audit   '@vitest/spy': [ '3.2.4' ],
30 silly audit   '@vitest/utils': [ '3.2.4' ],
30 silly audit   accepts: [ '1.3.8' ],
30 silly audit   'array-flatten': [ '1.1.1' ],
30 silly audit   asap: [ '2.0.6' ],
30 silly audit   'assertion-error': [ '2.0.1' ],
30 silly audit   asynckit: [ '0.4.0' ],
30 silly audit   'body-parser': [ '1.20.4' ],
30 silly audit   bytes: [ '3.1.2' ],
30 silly audit   cac: [ '6.7.14' ],
30 silly audit   'call-bind-apply-helpers': [ '1.0.2' ],
30 silly audit   'call-bound': [ '1.0.4' ],
30 silly audit   chai: [ '5.3.3' ],
30 silly audit   'check-error': [ '2.1.3' ],
30 silly audit   'combined-stream': [ '1.0.8' ],
30 silly audit   'component-emitter': [ '1.3.1' ],
30 silly audit   'content-disposition': [ '0.5.4' ],
30 silly audit   'content-type': [ '1.0.5' ],
30 silly audit   cookie: [ '0.7.2' ],
30 silly audit   'cookie-signature': [ '1.0.7', '1.2.2' ],
30 silly audit   cookiejar: [ '2.1.4' ],
30 silly audit   debug: [ '2.6.9', '4.4.3' ],
30 silly audit   'deep-eql': [ '5.0.2' ],
30 silly audit   'delayed-stream': [ '1.0.0' ],
30 silly audit   depd: [ '2.0.0' ],
30 silly audit   destroy: [ '1.2.0' ],
30 silly audit   dezalgo: [ '1.0.4' ],
30 silly audit   'dunder-proto': [ '1.0.1' ],
30 silly audit   'ee-first': [ '1.1.1' ],
30 silly audit   encodeurl: [ '2.0.0' ],
30 silly audit   'es-define-property': [ '1.0.1' ],
30 silly audit   'es-errors': [ '1.3.0' ],
30 silly audit   'es-module-lexer': [ '1.7.0' ],
30 silly audit   'es-object-atoms': [ '1.1.1' ],
30 silly audit   'es-set-tostringtag': [ '2.1.0' ],
30 silly audit   esbuild: [ '0.27.3' ],
30 silly audit   'escape-html': [ '1.0.3' ],
30 silly audit   'estree-walker': [ '3.0.3' ],
30 silly audit   etag: [ '1.8.1' ],
30 silly audit   'expect-type': [ '1.3.0' ],
30 silly audit   express: [ '4.22.1' ],
30 silly audit   'fast-safe-stringify': [ '2.1.1' ],
30 silly audit   fdir: [ '6.5.0' ],
30 silly audit   finalhandler: [ '1.3.2' ],
30 silly audit   'form-data': [ '4.0.5' ],
30 silly audit   formidable: [ '3.5.4' ],
30 silly audit   forwarded: [ '0.2.0' ],
30 silly audit   fresh: [ '0.5.2' ],
30 silly audit   fsevents: [ '2.3.3' ],
30 silly audit   'function-bind': [ '1.1.2' ],
30 silly audit   'get-intrinsic': [ '1.3.0' ],
30 silly audit   'get-proto': [ '1.0.1' ],
30 silly audit   'get-tsconfig': [ '4.13.6' ],
30 silly audit   gopd: [ '1.2.0' ],
30 silly audit   'has-symbols': [ '1.1.0' ],
30 silly audit   'has-tostringtag': [ '1.0.2' ],
30 silly audit   hasown: [ '2.0.2' ],
30 silly audit   'http-errors': [ '2.0.1' ],
30 silly audit   'iceberg-js': [ '0.8.1' ],
30 silly audit   'iconv-lite': [ '0.4.24' ],
30 silly audit   inherits: [ '2.0.4' ],
30 silly audit   'ipaddr.js': [ '1.9.1' ],
30 silly audit   'js-tokens': [ '9.0.1' ],
30 silly audit   loupe: [ '3.2.1' ],
30 silly audit   'magic-string': [ '0.30.21' ],
30 silly audit   'math-intrinsics': [ '1.1.0' ],
30 silly audit   'media-typer': [ '0.3.0' ],
30 silly audit   'merge-descriptors': [ '1.0.3' ],
30 silly audit   methods: [ '1.1.2' ],
30 silly audit   mime: [ '1.6.0', '2.6.0' ],
30 silly audit   'mime-db': [ '1.52.0' ],
30 silly audit   'mime-types': [ '2.1.35' ],
30 silly audit   ms: [ '2.0.0', '2.1.3' ],
30 silly audit   nanoid: [ '3.3.11' ],
30 silly audit   negotiator: [ '0.6.3' ],
30 silly audit   'object-inspect': [ '1.13.4' ],
30 silly audit   'on-finished': [ '2.4.1' ],
30 silly audit   once: [ '1.4.0' ],
30 silly audit   parseurl: [ '1.3.3' ],
30 silly audit   'path-to-regexp': [ '0.1.12' ],
30 silly audit   pathe: [ '2.0.3' ],
30 silly audit   pathval: [ '2.0.1' ],
30 silly audit   picocolors: [ '1.1.1' ],
30 silly audit   picomatch: [ '4.0.3' ],
30 silly audit   postcss: [ '8.5.8' ],
30 silly audit   'proxy-addr': [ '2.0.7' ],
30 silly audit   qs: [ '6.14.2' ],
30 silly audit   'range-parser': [ '1.2.1' ],
30 silly audit   'raw-body': [ '2.5.3' ],
30 silly audit   'resolve-pkg-maps': [ '1.0.0' ],
30 silly audit   rollup: [ '4.59.0' ],
30 silly audit   'safe-buffer': [ '5.2.1' ],
30 silly audit   'safer-buffer': [ '2.1.2' ],
30 silly audit   send: [ '0.19.2' ],
30 silly audit   'serve-static': [ '1.16.3' ],
30 silly audit   setprototypeof: [ '1.2.0' ],
30 silly audit   'side-channel': [ '1.1.0' ],
30 silly audit   'side-channel-list': [ '1.0.0' ],
30 silly audit   'side-channel-map': [ '1.0.1' ],
30 silly audit   'side-channel-weakmap': [ '1.0.2' ],
30 silly audit   siginfo: [ '2.0.0' ],
30 silly audit   'source-map-js': [ '1.2.1' ],
30 silly audit   stackback: [ '0.0.2' ],
30 silly audit   statuses: [ '2.0.2' ],
30 silly audit   'std-env': [ '3.10.0' ],
30 silly audit   'strip-literal': [ '3.1.0' ],
30 silly audit   superagent: [ '10.3.0' ],
30 silly audit   supertest: [ '7.2.2' ],
30 silly audit   tinybench: [ '2.9.0' ],
30 silly audit   tinyexec: [ '0.3.2' ],
30 silly audit   tinyglobby: [ '0.2.15' ],
30 silly audit   tinypool: [ '1.1.1' ],
30 silly audit   tinyrainbow: [ '2.0.0' ],
30 silly audit   tinyspy: [ '4.0.4' ],
30 silly audit   toidentifier: [ '1.0.1' ],
30 silly audit   tslib: [ '2.8.1' ],
30 silly audit   tsx: [ '4.21.0' ],
30 silly audit   'type-is': [ '1.6.18' ],
30 silly audit   typescript: [ '5.9.3' ],
30 silly audit   'undici-types': [ '6.21.0' ],
30 silly audit   unpipe: [ '1.0.0' ],
30 silly audit   'utils-merge': [ '1.0.1' ],
30 silly audit   vary: [ '1.1.2' ],
30 silly audit   vite: [ '7.3.1' ],
30 silly audit   'vite-node': [ '3.2.4' ],
30 silly audit   vitest: [ '3.2.4' ],
30 silly audit   'why-is-node-running': [ '2.3.0' ],
30 silly audit   wrappy: [ '1.0.2' ],
30 silly audit   ws: [ '8.19.0' ],
30 silly audit   zod: [ '3.25.76' ]
30 silly audit }
31 http fetch POST 200 https://registry.npmjs.org/-/npm/v1/security/advisories/bulk 4190ms
32 silly audit report {}
33 silly REMOVE node_modules/xtend
34 silly REMOVE node_modules/split2
35 silly REMOVE node_modules/postgres-interval
36 silly REMOVE node_modules/postgres-date
37 silly REMOVE node_modules/postgres-bytea
38 silly REMOVE node_modules/postgres-array
39 silly REMOVE node_modules/pgpass
40 silly REMOVE node_modules/pg-types
41 silly REMOVE node_modules/pg-protocol
42 silly REMOVE node_modules/pg-pool
43 silly REMOVE node_modules/pg-int8
44 silly REMOVE node_modules/pg-connection-string
45 silly REMOVE node_modules/pg-cloudflare
46 silly REMOVE node_modules/pg
47 silly REMOVE node_modules/@types/pg
48 verbose cwd D:\codex_code\socialvibe
49 verbose os Windows_NT 10.0.26200
50 verbose node v24.10.0
51 verbose npm  v11.6.1
52 verbose exit 0
53 info ok
