0 verbose cli D:\Program Files\nodejs\node.exe D:\Program Files\nodejs\node_modules\npm\bin\npm-cli.js
1 info using npm@11.6.1
2 info using node@v24.10.0
3 silly config load:file:D:\Program Files\nodejs\node_modules\npm\npmrc
4 silly config load:file:D:\codex_code\socialvibe\backend\.npmrc
5 silly config load:file:C:\Users\lenovo\.npmrc
6 silly config load:file:D:\codex_code\socialvibe\backend\etc\npmrc
7 verbose title npm install
8 verbose argv "--prefix" "backend" "install" "--cache" ".npm-cache"
9 verbose logfile logs-max:10 dir:D:\codex_code\socialvibe\.npm-cache\_logs\2026-03-04T11_08_05_054Z-
10 verbose logfile D:\codex_code\socialvibe\.npm-cache\_logs\2026-03-04T11_08_05_054Z-debug-0.log
11 silly logfile done cleaning log files
12 silly packumentCache heap:4496293888 maxSize:1124073472 maxEntrySize:562036736
13 silly idealTree buildDeps
14 silly reify moves {}
15 silly audit bulk request {
15 silly audit   '@esbuild/aix-ppc64': [ '0.27.3' ],
15 silly audit   '@esbuild/android-arm': [ '0.27.3' ],
15 silly audit   '@esbuild/android-arm64': [ '0.27.3' ],
15 silly audit   '@esbuild/android-x64': [ '0.27.3' ],
15 silly audit   '@esbuild/darwin-arm64': [ '0.27.3' ],
15 silly audit   '@esbuild/darwin-x64': [ '0.27.3' ],
15 silly audit   '@esbuild/freebsd-arm64': [ '0.27.3' ],
15 silly audit   '@esbuild/freebsd-x64': [ '0.27.3' ],
15 silly audit   '@esbuild/linux-arm': [ '0.27.3' ],
15 silly audit   '@esbuild/linux-arm64': [ '0.27.3' ],
15 silly audit   '@esbuild/linux-ia32': [ '0.27.3' ],
15 silly audit   '@esbuild/linux-loong64': [ '0.27.3' ],
15 silly audit   '@esbuild/linux-mips64el': [ '0.27.3' ],
15 silly audit   '@esbuild/linux-ppc64': [ '0.27.3' ],
15 silly audit   '@esbuild/linux-riscv64': [ '0.27.3' ],
15 silly audit   '@esbuild/linux-s390x': [ '0.27.3' ],
15 silly audit   '@esbuild/linux-x64': [ '0.27.3' ],
15 silly audit   '@esbuild/netbsd-arm64': [ '0.27.3' ],
15 silly audit   '@esbuild/netbsd-x64': [ '0.27.3' ],
15 silly audit   '@esbuild/openbsd-arm64': [ '0.27.3' ],
15 silly audit   '@esbuild/openbsd-x64': [ '0.27.3' ],
15 silly audit   '@esbuild/openharmony-arm64': [ '0.27.3' ],
15 silly audit   '@esbuild/sunos-x64': [ '0.27.3' ],
15 silly audit   '@esbuild/win32-arm64': [ '0.27.3' ],
15 silly audit   '@esbuild/win32-ia32': [ '0.27.3' ],
15 silly audit   '@esbuild/win32-x64': [ '0.27.3' ],
15 silly audit   '@jridgewell/sourcemap-codec': [ '1.5.5' ],
15 silly audit   '@noble/hashes': [ '1.8.0' ],
15 silly audit   '@paralleldrive/cuid2': [ '2.3.1' ],
15 silly audit   '@rollup/rollup-android-arm-eabi': [ '4.59.0' ],
15 silly audit   '@rollup/rollup-android-arm64': [ '4.59.0' ],
15 silly audit   '@rollup/rollup-darwin-arm64': [ '4.59.0' ],
15 silly audit   '@rollup/rollup-darwin-x64': [ '4.59.0' ],
15 silly audit   '@rollup/rollup-freebsd-arm64': [ '4.59.0' ],
15 silly audit   '@rollup/rollup-freebsd-x64': [ '4.59.0' ],
15 silly audit   '@rollup/rollup-linux-arm-gnueabihf': [ '4.59.0' ],
15 silly audit   '@rollup/rollup-linux-arm-musleabihf': [ '4.59.0' ],
15 silly audit   '@rollup/rollup-linux-arm64-gnu': [ '4.59.0' ],
15 silly audit   '@rollup/rollup-linux-arm64-musl': [ '4.59.0' ],
15 silly audit   '@rollup/rollup-linux-loong64-gnu': [ '4.59.0' ],
15 silly audit   '@rollup/rollup-linux-loong64-musl': [ '4.59.0' ],
15 silly audit   '@rollup/rollup-linux-ppc64-gnu': [ '4.59.0' ],
15 silly audit   '@rollup/rollup-linux-ppc64-musl': [ '4.59.0' ],
15 silly audit   '@rollup/rollup-linux-riscv64-gnu': [ '4.59.0' ],
15 silly audit   '@rollup/rollup-linux-riscv64-musl': [ '4.59.0' ],
15 silly audit   '@rollup/rollup-linux-s390x-gnu': [ '4.59.0' ],
15 silly audit   '@rollup/rollup-linux-x64-gnu': [ '4.59.0' ],
15 silly audit   '@rollup/rollup-linux-x64-musl': [ '4.59.0' ],
15 silly audit   '@rollup/rollup-openbsd-x64': [ '4.59.0' ],
15 silly audit   '@rollup/rollup-openharmony-arm64': [ '4.59.0' ],
15 silly audit   '@rollup/rollup-win32-arm64-msvc': [ '4.59.0' ],
15 silly audit   '@rollup/rollup-win32-ia32-msvc': [ '4.59.0' ],
15 silly audit   '@rollup/rollup-win32-x64-gnu': [ '4.59.0' ],
15 silly audit   '@rollup/rollup-win32-x64-msvc': [ '4.59.0' ],
15 silly audit   '@supabase/auth-js': [ '2.98.0' ],
15 silly audit   '@supabase/functions-js': [ '2.98.0' ],
15 silly audit   '@supabase/postgrest-js': [ '2.98.0' ],
15 silly audit   '@supabase/realtime-js': [ '2.98.0' ],
15 silly audit   '@supabase/storage-js': [ '2.98.0' ],
15 silly audit   '@supabase/supabase-js': [ '2.98.0' ],
15 silly audit   '@types/body-parser': [ '1.19.6' ],
15 silly audit   '@types/chai': [ '5.2.3' ],
15 silly audit   '@types/connect': [ '3.4.38' ],
15 silly audit   '@types/cookiejar': [ '2.1.5' ],
15 silly audit   '@types/deep-eql': [ '4.0.2' ],
15 silly audit   '@types/estree': [ '1.0.8' ],
15 silly audit   '@types/express': [ '5.0.6' ],
15 silly audit   '@types/express-serve-static-core': [ '5.1.1' ],
15 silly audit   '@types/http-errors': [ '2.0.5' ],
15 silly audit   '@types/methods': [ '1.1.4' ],
15 silly audit   '@types/node': [ '22.19.13' ],
15 silly audit   '@types/phoenix': [ '1.6.7' ],
15 silly audit   '@types/qs': [ '6.14.0' ],
15 silly audit   '@types/range-parser': [ '1.2.7' ],
15 silly audit   '@types/send': [ '1.2.1' ],
15 silly audit   '@types/serve-static': [ '2.2.0' ],
15 silly audit   '@types/superagent': [ '8.1.9' ],
15 silly audit   '@types/supertest': [ '6.0.3' ],
15 silly audit   '@types/ws': [ '8.18.1' ],
15 silly audit   '@vitest/expect': [ '3.2.4' ],
15 silly audit   '@vitest/mocker': [ '3.2.4' ],
15 silly audit   '@vitest/pretty-format': [ '3.2.4' ],
15 silly audit   '@vitest/runner': [ '3.2.4' ],
15 silly audit   '@vitest/snapshot': [ '3.2.4' ],
15 silly audit   '@vitest/spy': [ '3.2.4' ],
15 silly audit   '@vitest/utils': [ '3.2.4' ],
15 silly audit   accepts: [ '1.3.8' ],
15 silly audit   'array-flatten': [ '1.1.1' ],
15 silly audit   asap: [ '2.0.6' ],
15 silly audit   'assertion-error': [ '2.0.1' ],
15 silly audit   asynckit: [ '0.4.0' ],
15 silly audit   'body-parser': [ '1.20.4' ],
15 silly audit   bytes: [ '3.1.2' ],
15 silly audit   cac: [ '6.7.14' ],
15 silly audit   'call-bind-apply-helpers': [ '1.0.2' ],
15 silly audit   'call-bound': [ '1.0.4' ],
15 silly audit   chai: [ '5.3.3' ],
15 silly audit   'check-error': [ '2.1.3' ],
15 silly audit   'combined-stream': [ '1.0.8' ],
15 silly audit   'component-emitter': [ '1.3.1' ],
15 silly audit   'content-disposition': [ '0.5.4' ],
15 silly audit   'content-type': [ '1.0.5' ],
15 silly audit   cookie: [ '0.7.2' ],
15 silly audit   'cookie-signature': [ '1.0.7', '1.2.2' ],
15 silly audit   cookiejar: [ '2.1.4' ],
15 silly audit   debug: [ '2.6.9', '4.4.3' ],
15 silly audit   'deep-eql': [ '5.0.2' ],
15 silly audit   'delayed-stream': [ '1.0.0' ],
15 silly audit   depd: [ '2.0.0' ],
15 silly audit   destroy: [ '1.2.0' ],
15 silly audit   dezalgo: [ '1.0.4' ],
15 silly audit   'dunder-proto': [ '1.0.1' ],
15 silly audit   'ee-first': [ '1.1.1' ],
15 silly audit   encodeurl: [ '2.0.0' ],
15 silly audit   'es-define-property': [ '1.0.1' ],
15 silly audit   'es-errors': [ '1.3.0' ],
15 silly audit   'es-module-lexer': [ '1.7.0' ],
15 silly audit   'es-object-atoms': [ '1.1.1' ],
15 silly audit   'es-set-tostringtag': [ '2.1.0' ],
15 silly audit   esbuild: [ '0.27.3' ],
15 silly audit   'escape-html': [ '1.0.3' ],
15 silly audit   'estree-walker': [ '3.0.3' ],
15 silly audit   etag: [ '1.8.1' ],
15 silly audit   'expect-type': [ '1.3.0' ],
15 silly audit   express: [ '4.22.1' ],
15 silly audit   'fast-safe-stringify': [ '2.1.1' ],
15 silly audit   fdir: [ '6.5.0' ],
15 silly audit   finalhandler: [ '1.3.2' ],
15 silly audit   'form-data': [ '4.0.5' ],
15 silly audit   formidable: [ '3.5.4' ],
15 silly audit   forwarded: [ '0.2.0' ],
15 silly audit   fresh: [ '0.5.2' ],
15 silly audit   fsevents: [ '2.3.3' ],
15 silly audit   'function-bind': [ '1.1.2' ],
15 silly audit   'get-intrinsic': [ '1.3.0' ],
15 silly audit   'get-proto': [ '1.0.1' ],
15 silly audit   'get-tsconfig': [ '4.13.6' ],
15 silly audit   gopd: [ '1.2.0' ],
15 silly audit   'has-symbols': [ '1.1.0' ],
15 silly audit   'has-tostringtag': [ '1.0.2' ],
15 silly audit   hasown: [ '2.0.2' ],
15 silly audit   'http-errors': [ '2.0.1' ],
15 silly audit   'iceberg-js': [ '0.8.1' ],
15 silly audit   'iconv-lite': [ '0.4.24' ],
15 silly audit   inherits: [ '2.0.4' ],
15 silly audit   'ipaddr.js': [ '1.9.1' ],
15 silly audit   'js-tokens': [ '9.0.1' ],
15 silly audit   loupe: [ '3.2.1' ],
15 silly audit   'magic-string': [ '0.30.21' ],
15 silly audit   'math-intrinsics': [ '1.1.0' ],
15 silly audit   'media-typer': [ '0.3.0' ],
15 silly audit   'merge-descriptors': [ '1.0.3' ],
15 silly audit   methods: [ '1.1.2' ],
15 silly audit   mime: [ '1.6.0', '2.6.0' ],
15 silly audit   'mime-db': [ '1.52.0' ],
15 silly audit   'mime-types': [ '2.1.35' ],
15 silly audit   ms: [ '2.0.0', '2.1.3' ],
15 silly audit   nanoid: [ '3.3.11' ],
15 silly audit   negotiator: [ '0.6.3' ],
15 silly audit   'object-inspect': [ '1.13.4' ],
15 silly audit   'on-finished': [ '2.4.1' ],
15 silly audit   once: [ '1.4.0' ],
15 silly audit   parseurl: [ '1.3.3' ],
15 silly audit   'path-to-regexp': [ '0.1.12' ],
15 silly audit   pathe: [ '2.0.3' ],
15 silly audit   pathval: [ '2.0.1' ],
15 silly audit   picocolors: [ '1.1.1' ],
15 silly audit   picomatch: [ '4.0.3' ],
15 silly audit   postcss: [ '8.5.8' ],
15 silly audit   'proxy-addr': [ '2.0.7' ],
15 silly audit   qs: [ '6.14.2' ],
15 silly audit   'range-parser': [ '1.2.1' ],
15 silly audit   'raw-body': [ '2.5.3' ],
15 silly audit   'resolve-pkg-maps': [ '1.0.0' ],
15 silly audit   rollup: [ '4.59.0' ],
15 silly audit   'safe-buffer': [ '5.2.1' ],
15 silly audit   'safer-buffer': [ '2.1.2' ],
15 silly audit   send: [ '0.19.2' ],
15 silly audit   'serve-static': [ '1.16.3' ],
15 silly audit   setprototypeof: [ '1.2.0' ],
15 silly audit   'side-channel': [ '1.1.0' ],
15 silly audit   'side-channel-list': [ '1.0.0' ],
15 silly audit   'side-channel-map': [ '1.0.1' ],
15 silly audit   'side-channel-weakmap': [ '1.0.2' ],
15 silly audit   siginfo: [ '2.0.0' ],
15 silly audit   'source-map-js': [ '1.2.1' ],
15 silly audit   stackback: [ '0.0.2' ],
15 silly audit   statuses: [ '2.0.2' ],
15 silly audit   'std-env': [ '3.10.0' ],
15 silly audit   'strip-literal': [ '3.1.0' ],
15 silly audit   superagent: [ '10.3.0' ],
15 silly audit   supertest: [ '7.2.2' ],
15 silly audit   tinybench: [ '2.9.0' ],
15 silly audit   tinyexec: [ '0.3.2' ],
15 silly audit   tinyglobby: [ '0.2.15' ],
15 silly audit   tinypool: [ '1.1.1' ],
15 silly audit   tinyrainbow: [ '2.0.0' ],
15 silly audit   tinyspy: [ '4.0.4' ],
15 silly audit   toidentifier: [ '1.0.1' ],
15 silly audit   tslib: [ '2.8.1' ],
15 silly audit   tsx: [ '4.21.0' ],
15 silly audit   'type-is': [ '1.6.18' ],
15 silly audit   typescript: [ '5.9.3' ],
15 silly audit   'undici-types': [ '6.21.0' ],
15 silly audit   unpipe: [ '1.0.0' ],
15 silly audit   'utils-merge': [ '1.0.1' ],
15 silly audit   vary: [ '1.1.2' ],
15 silly audit   vite: [ '7.3.1' ],
15 silly audit   'vite-node': [ '3.2.4' ],
15 silly audit   vitest: [ '3.2.4' ],
15 silly audit   'why-is-node-running': [ '2.3.0' ],
15 silly audit   wrappy: [ '1.0.2' ],
15 silly audit   ws: [ '8.19.0' ],
15 silly audit   zod: [ '3.25.76' ]
15 silly audit }
16 verbose reify failed optional dependency D:\codex_code\socialvibe\backend\node_modules\fsevents
17 silly reify mark deleted [ 'D:\\codex_code\\socialvibe\\backend\\node_modules\\fsevents' ]
18 verbose reify failed optional dependency D:\codex_code\socialvibe\backend\node_modules\@rollup\rollup-win32-ia32-msvc
19 silly reify mark deleted [
19 silly reify   'D:\\codex_code\\socialvibe\\backend\\node_modules\\@rollup\\rollup-win32-ia32-msvc'
19 silly reify ]
20 verbose reify failed optional dependency D:\codex_code\socialvibe\backend\node_modules\@rollup\rollup-win32-arm64-msvc
21 silly reify mark deleted [
21 silly reify   'D:\\codex_code\\socialvibe\\backend\\node_modules\\@rollup\\rollup-win32-arm64-msvc'
21 silly reify ]
22 verbose reify failed optional dependency D:\codex_code\socialvibe\backend\node_modules\@rollup\rollup-openharmony-arm64
23 silly reify mark deleted [
23 silly reify   'D:\\codex_code\\socialvibe\\backend\\node_modules\\@rollup\\rollup-openharmony-arm64'
23 silly reify ]
24 verbose reify failed optional dependency D:\codex_code\socialvibe\backend\node_modules\@rollup\rollup-openbsd-x64
25 silly reify mark deleted [
25 silly reify   'D:\\codex_code\\socialvibe\\backend\\node_modules\\@rollup\\rollup-openbsd-x64'
25 silly reify ]
26 verbose reify failed optional dependency D:\codex_code\socialvibe\backend\node_modules\@rollup\rollup-linux-x64-musl
27 silly reify mark deleted [
27 silly reify   'D:\\codex_code\\socialvibe\\backend\\node_modules\\@rollup\\rollup-linux-x64-musl'
27 silly reify ]
28 verbose reify failed optional dependency D:\codex_code\socialvibe\backend\node_modules\@rollup\rollup-linux-x64-gnu
29 silly reify mark deleted [
29 silly reify   'D:\\codex_code\\socialvibe\\backend\\node_modules\\@rollup\\rollup-linux-x64-gnu'
29 silly reify ]
30 verbose reify failed optional dependency D:\codex_code\socialvibe\backend\node_modules\@rollup\rollup-linux-s390x-gnu
31 silly reify mark deleted [
31 silly reify   'D:\\codex_code\\socialvibe\\backend\\node_modules\\@rollup\\rollup-linux-s390x-gnu'
31 silly reify ]
32 verbose reify failed optional dependency D:\codex_code\socialvibe\backend\node_modules\@rollup\rollup-linux-riscv64-musl
33 silly reify mark deleted [
33 silly reify   'D:\\codex_code\\socialvibe\\backend\\node_modules\\@rollup\\rollup-linux-riscv64-musl'
33 silly reify ]
34 verbose reify failed optional dependency D:\codex_code\socialvibe\backend\node_modules\@rollup\rollup-linux-riscv64-gnu
35 silly reify mark deleted [
35 silly reify   'D:\\codex_code\\socialvibe\\backend\\node_modules\\@rollup\\rollup-linux-riscv64-gnu'
35 silly reify ]
36 verbose reify failed optional dependency D:\codex_code\socialvibe\backend\node_modules\@rollup\rollup-linux-ppc64-musl
37 silly reify mark deleted [
37 silly reify   'D:\\codex_code\\socialvibe\\backend\\node_modules\\@rollup\\rollup-linux-ppc64-musl'
37 silly reify ]
38 verbose reify failed optional dependency D:\codex_code\socialvibe\backend\node_modules\@rollup\rollup-linux-ppc64-gnu
39 silly reify mark deleted [
39 silly reify   'D:\\codex_code\\socialvibe\\backend\\node_modules\\@rollup\\rollup-linux-ppc64-gnu'
39 silly reify ]
40 verbose reify failed optional dependency D:\codex_code\socialvibe\backend\node_modules\@rollup\rollup-linux-loong64-musl
41 silly reify mark deleted [
41 silly reify   'D:\\codex_code\\socialvibe\\backend\\node_modules\\@rollup\\rollup-linux-loong64-musl'
41 silly reify ]
42 verbose reify failed optional dependency D:\codex_code\socialvibe\backend\node_modules\@rollup\rollup-linux-loong64-gnu
43 silly reify mark deleted [
43 silly reify   'D:\\codex_code\\socialvibe\\backend\\node_modules\\@rollup\\rollup-linux-loong64-gnu'
43 silly reify ]
44 verbose reify failed optional dependency D:\codex_code\socialvibe\backend\node_modules\@rollup\rollup-linux-arm64-musl
45 silly reify mark deleted [
45 silly reify   'D:\\codex_code\\socialvibe\\backend\\node_modules\\@rollup\\rollup-linux-arm64-musl'
45 silly reify ]
46 verbose reify failed optional dependency D:\codex_code\socialvibe\backend\node_modules\@rollup\rollup-linux-arm64-gnu
47 silly reify mark deleted [
47 silly reify   'D:\\codex_code\\socialvibe\\backend\\node_modules\\@rollup\\rollup-linux-arm64-gnu'
47 silly reify ]
48 verbose reify failed optional dependency D:\codex_code\socialvibe\backend\node_modules\@rollup\rollup-linux-arm-musleabihf
49 silly reify mark deleted [
49 silly reify   'D:\\codex_code\\socialvibe\\backend\\node_modules\\@rollup\\rollup-linux-arm-musleabihf'
49 silly reify ]
50 verbose reify failed optional dependency D:\codex_code\socialvibe\backend\node_modules\@rollup\rollup-linux-arm-gnueabihf
51 silly reify mark deleted [
51 silly reify   'D:\\codex_code\\socialvibe\\backend\\node_modules\\@rollup\\rollup-linux-arm-gnueabihf'
51 silly reify ]
52 verbose reify failed optional dependency D:\codex_code\socialvibe\backend\node_modules\@rollup\rollup-freebsd-x64
53 silly reify mark deleted [
53 silly reify   'D:\\codex_code\\socialvibe\\backend\\node_modules\\@rollup\\rollup-freebsd-x64'
53 silly reify ]
54 verbose reify failed optional dependency D:\codex_code\socialvibe\backend\node_modules\@rollup\rollup-freebsd-arm64
55 silly reify mark deleted [
55 silly reify   'D:\\codex_code\\socialvibe\\backend\\node_modules\\@rollup\\rollup-freebsd-arm64'
55 silly reify ]
56 verbose reify failed optional dependency D:\codex_code\socialvibe\backend\node_modules\@rollup\rollup-darwin-x64
57 silly reify mark deleted [
57 silly reify   'D:\\codex_code\\socialvibe\\backend\\node_modules\\@rollup\\rollup-darwin-x64'
57 silly reify ]
58 verbose reify failed optional dependency D:\codex_code\socialvibe\backend\node_modules\@rollup\rollup-darwin-arm64
59 silly reify mark deleted [
59 silly reify   'D:\\codex_code\\socialvibe\\backend\\node_modules\\@rollup\\rollup-darwin-arm64'
59 silly reify ]
60 verbose reify failed optional dependency D:\codex_code\socialvibe\backend\node_modules\@rollup\rollup-android-arm64
61 silly reify mark deleted [
61 silly reify   'D:\\codex_code\\socialvibe\\backend\\node_modules\\@rollup\\rollup-android-arm64'
61 silly reify ]
62 verbose reify failed optional dependency D:\codex_code\socialvibe\backend\node_modules\@rollup\rollup-android-arm-eabi
63 silly reify mark deleted [
63 silly reify   'D:\\codex_code\\socialvibe\\backend\\node_modules\\@rollup\\rollup-android-arm-eabi'
63 silly reify ]
64 verbose reify failed optional dependency D:\codex_code\socialvibe\backend\node_modules\@esbuild\win32-ia32
65 silly reify mark deleted [
65 silly reify   'D:\\codex_code\\socialvibe\\backend\\node_modules\\@esbuild\\win32-ia32'
65 silly reify ]
66 verbose reify failed optional dependency D:\codex_code\socialvibe\backend\node_modules\@esbuild\win32-arm64
67 silly reify mark deleted [
67 silly reify   'D:\\codex_code\\socialvibe\\backend\\node_modules\\@esbuild\\win32-arm64'
67 silly reify ]
68 verbose reify failed optional dependency D:\codex_code\socialvibe\backend\node_modules\@esbuild\sunos-x64
69 silly reify mark deleted [
69 silly reify   'D:\\codex_code\\socialvibe\\backend\\node_modules\\@esbuild\\sunos-x64'
69 silly reify ]
70 verbose reify failed optional dependency D:\codex_code\socialvibe\backend\node_modules\@esbuild\openharmony-arm64
71 silly reify mark deleted [
71 silly reify   'D:\\codex_code\\socialvibe\\backend\\node_modules\\@esbuild\\openharmony-arm64'
71 silly reify ]
72 verbose reify failed optional dependency D:\codex_code\socialvibe\backend\node_modules\@esbuild\openbsd-x64
73 silly reify mark deleted [
73 silly reify   'D:\\codex_code\\socialvibe\\backend\\node_modules\\@esbuild\\openbsd-x64'
73 silly reify ]
74 verbose reify failed optional dependency D:\codex_code\socialvibe\backend\node_modules\@esbuild\openbsd-arm64
75 silly reify mark deleted [
75 silly reify   'D:\\codex_code\\socialvibe\\backend\\node_modules\\@esbuild\\openbsd-arm64'
75 silly reify ]
76 verbose reify failed optional dependency D:\codex_code\socialvibe\backend\node_modules\@esbuild\netbsd-x64
77 silly reify mark deleted [
77 silly reify   'D:\\codex_code\\socialvibe\\backend\\node_modules\\@esbuild\\netbsd-x64'
77 silly reify ]
78 verbose reify failed optional dependency D:\codex_code\socialvibe\backend\node_modules\@esbuild\netbsd-arm64
79 silly reify mark deleted [
79 silly reify   'D:\\codex_code\\socialvibe\\backend\\node_modules\\@esbuild\\netbsd-arm64'
79 silly reify ]
80 verbose reify failed optional dependency D:\codex_code\socialvibe\backend\node_modules\@esbuild\linux-x64
81 silly reify mark deleted [
81 silly reify   'D:\\codex_code\\socialvibe\\backend\\node_modules\\@esbuild\\linux-x64'
81 silly reify ]
82 verbose reify failed optional dependency D:\codex_code\socialvibe\backend\node_modules\@esbuild\linux-s390x
83 silly reify mark deleted [
83 silly reify   'D:\\codex_code\\socialvibe\\backend\\node_modules\\@esbuild\\linux-s390x'
83 silly reify ]
84 verbose reify failed optional dependency D:\codex_code\socialvibe\backend\node_modules\@esbuild\linux-riscv64
85 silly reify mark deleted [
85 silly reify   'D:\\codex_code\\socialvibe\\backend\\node_modules\\@esbuild\\linux-riscv64'
85 silly reify ]
86 verbose reify failed optional dependency D:\codex_code\socialvibe\backend\node_modules\@esbuild\linux-ppc64
87 silly reify mark deleted [
87 silly reify   'D:\\codex_code\\socialvibe\\backend\\node_modules\\@esbuild\\linux-ppc64'
87 silly reify ]
88 verbose reify failed optional dependency D:\codex_code\socialvibe\backend\node_modules\@esbuild\linux-mips64el
89 silly reify mark deleted [
89 silly reify   'D:\\codex_code\\socialvibe\\backend\\node_modules\\@esbuild\\linux-mips64el'
89 silly reify ]
90 verbose reify failed optional dependency D:\codex_code\socialvibe\backend\node_modules\@esbuild\linux-loong64
91 silly reify mark deleted [
91 silly reify   'D:\\codex_code\\socialvibe\\backend\\node_modules\\@esbuild\\linux-loong64'
91 silly reify ]
92 verbose reify failed optional dependency D:\codex_code\socialvibe\backend\node_modules\@esbuild\linux-ia32
93 silly reify mark deleted [
93 silly reify   'D:\\codex_code\\socialvibe\\backend\\node_modules\\@esbuild\\linux-ia32'
93 silly reify ]
94 verbose reify failed optional dependency D:\codex_code\socialvibe\backend\node_modules\@esbuild\linux-arm64
95 silly reify mark deleted [
95 silly reify   'D:\\codex_code\\socialvibe\\backend\\node_modules\\@esbuild\\linux-arm64'
95 silly reify ]
96 verbose reify failed optional dependency D:\codex_code\socialvibe\backend\node_modules\@esbuild\linux-arm
97 silly reify mark deleted [
97 silly reify   'D:\\codex_code\\socialvibe\\backend\\node_modules\\@esbuild\\linux-arm'
97 silly reify ]
98 verbose reify failed optional dependency D:\codex_code\socialvibe\backend\node_modules\@esbuild\freebsd-x64
99 silly reify mark deleted [
99 silly reify   'D:\\codex_code\\socialvibe\\backend\\node_modules\\@esbuild\\freebsd-x64'
99 silly reify ]
100 verbose reify failed optional dependency D:\codex_code\socialvibe\backend\node_modules\@esbuild\freebsd-arm64
101 silly reify mark deleted [
101 silly reify   'D:\\codex_code\\socialvibe\\backend\\node_modules\\@esbuild\\freebsd-arm64'
101 silly reify ]
102 verbose reify failed optional dependency D:\codex_code\socialvibe\backend\node_modules\@esbuild\darwin-x64
103 silly reify mark deleted [
103 silly reify   'D:\\codex_code\\socialvibe\\backend\\node_modules\\@esbuild\\darwin-x64'
103 silly reify ]
104 verbose reify failed optional dependency D:\codex_code\socialvibe\backend\node_modules\@esbuild\darwin-arm64
105 silly reify mark deleted [
105 silly reify   'D:\\codex_code\\socialvibe\\backend\\node_modules\\@esbuild\\darwin-arm64'
105 silly reify ]
106 verbose reify failed optional dependency D:\codex_code\socialvibe\backend\node_modules\@esbuild\android-x64
107 silly reify mark deleted [
107 silly reify   'D:\\codex_code\\socialvibe\\backend\\node_modules\\@esbuild\\android-x64'
107 silly reify ]
108 verbose reify failed optional dependency D:\codex_code\socialvibe\backend\node_modules\@esbuild\android-arm64
109 silly reify mark deleted [
109 silly reify   'D:\\codex_code\\socialvibe\\backend\\node_modules\\@esbuild\\android-arm64'
109 silly reify ]
110 verbose reify failed optional dependency D:\codex_code\socialvibe\backend\node_modules\@esbuild\android-arm
111 silly reify mark deleted [
111 silly reify   'D:\\codex_code\\socialvibe\\backend\\node_modules\\@esbuild\\android-arm'
111 silly reify ]
112 verbose reify failed optional dependency D:\codex_code\socialvibe\backend\node_modules\@esbuild\aix-ppc64
113 silly reify mark deleted [
113 silly reify   'D:\\codex_code\\socialvibe\\backend\\node_modules\\@esbuild\\aix-ppc64'
113 silly reify ]
114 http cache zod@https://registry.npmjs.org/zod/-/zod-3.25.76.tgz 1ms (cache hit)
115 http cache ws@https://registry.npmjs.org/ws/-/ws-8.19.0.tgz 0ms (cache hit)
116 http cache why-is-node-running@https://registry.npmjs.org/why-is-node-running/-/why-is-node-running-2.3.0.tgz 0ms (cache hit)
117 http cache vitest@https://registry.npmjs.org/vitest/-/vitest-3.2.4.tgz 0ms (cache hit)
118 http cache vite@https://registry.npmjs.org/vite/-/vite-7.3.1.tgz 0ms (cache hit)
119 http cache vary@https://registry.npmjs.org/vary/-/vary-1.1.2.tgz 0ms (cache hit)
120 http cache vite-node@https://registry.npmjs.org/vite-node/-/vite-node-3.2.4.tgz 0ms (cache hit)
121 http cache utils-merge@https://registry.npmjs.org/utils-merge/-/utils-merge-1.0.1.tgz 0ms (cache hit)
122 http cache unpipe@https://registry.npmjs.org/unpipe/-/unpipe-1.0.0.tgz 0ms (cache hit)
123 http cache undici-types@https://registry.npmjs.org/undici-types/-/undici-types-6.21.0.tgz 0ms (cache hit)
124 http cache wrappy@https://registry.npmjs.org/wrappy/-/wrappy-1.0.2.tgz 0ms (cache hit)
125 http cache typescript@https://registry.npmjs.org/typescript/-/typescript-5.9.3.tgz 0ms (cache hit)
126 http cache tsx@https://registry.npmjs.org/tsx/-/tsx-4.21.0.tgz 0ms (cache hit)
127 http cache tslib@https://registry.npmjs.org/tslib/-/tslib-2.8.1.tgz 0ms (cache hit)
128 http cache toidentifier@https://registry.npmjs.org/toidentifier/-/toidentifier-1.0.1.tgz 0ms (cache hit)
129 http cache tinyspy@https://registry.npmjs.org/tinyspy/-/tinyspy-4.0.4.tgz 0ms (cache hit)
130 http cache tinyrainbow@https://registry.npmjs.org/tinyrainbow/-/tinyrainbow-2.0.0.tgz 0ms (cache hit)
131 http cache type-is@https://registry.npmjs.org/type-is/-/type-is-1.6.18.tgz 0ms (cache hit)
132 http cache tinypool@https://registry.npmjs.org/tinypool/-/tinypool-1.1.1.tgz 0ms (cache hit)
133 http cache tinyglobby@https://registry.npmjs.org/tinyglobby/-/tinyglobby-0.2.15.tgz 0ms (cache hit)
134 http cache tinyexec@https://registry.npmjs.org/tinyexec/-/tinyexec-0.3.2.tgz 0ms (cache hit)
135 http cache strip-literal@https://registry.npmjs.org/strip-literal/-/strip-literal-3.1.0.tgz 0ms (cache hit)
136 http cache superagent@https://registry.npmjs.org/superagent/-/superagent-10.3.0.tgz 0ms (cache hit)
137 http cache tinybench@https://registry.npmjs.org/tinybench/-/tinybench-2.9.0.tgz 0ms (cache hit)
138 http cache supertest@https://registry.npmjs.org/supertest/-/supertest-7.2.2.tgz 0ms (cache hit)
139 http cache std-env@https://registry.npmjs.org/std-env/-/std-env-3.10.0.tgz 0ms (cache hit)
140 http cache statuses@https://registry.npmjs.org/statuses/-/statuses-2.0.2.tgz 0ms (cache hit)
141 http cache source-map-js@https://registry.npmjs.org/source-map-js/-/source-map-js-1.2.1.tgz 0ms (cache hit)
142 http cache stackback@https://registry.npmjs.org/stackback/-/stackback-0.0.2.tgz 0ms (cache hit)
143 http cache siginfo@https://registry.npmjs.org/siginfo/-/siginfo-2.0.0.tgz 0ms (cache hit)
144 http cache side-channel-weakmap@https://registry.npmjs.org/side-channel-weakmap/-/side-channel-weakmap-1.0.2.tgz 0ms (cache hit)
145 http cache side-channel-map@https://registry.npmjs.org/side-channel-map/-/side-channel-map-1.0.1.tgz 0ms (cache hit)
146 http cache side-channel@https://registry.npmjs.org/side-channel/-/side-channel-1.1.0.tgz 0ms (cache hit)
147 http cache serve-static@https://registry.npmjs.org/serve-static/-/serve-static-1.16.3.tgz 0ms (cache hit)
148 http cache side-channel-list@https://registry.npmjs.org/side-channel-list/-/side-channel-list-1.0.0.tgz 0ms (cache hit)
149 http cache setprototypeof@https://registry.npmjs.org/setprototypeof/-/setprototypeof-1.2.0.tgz 0ms (cache hit)
150 http cache send@https://registry.npmjs.org/send/-/send-0.19.2.tgz 0ms (cache hit)
151 http cache safe-buffer@https://registry.npmjs.org/safe-buffer/-/safe-buffer-5.2.1.tgz 0ms (cache hit)
152 http cache safer-buffer@https://registry.npmjs.org/safer-buffer/-/safer-buffer-2.1.2.tgz 0ms (cache hit)
153 http cache rollup@https://registry.npmjs.org/rollup/-/rollup-4.59.0.tgz 0ms (cache hit)
154 http cache range-parser@https://registry.npmjs.org/range-parser/-/range-parser-1.2.1.tgz 0ms (cache hit)
155 http cache proxy-addr@https://registry.npmjs.org/proxy-addr/-/proxy-addr-2.0.7.tgz 0ms (cache hit)
156 http cache raw-body@https://registry.npmjs.org/raw-body/-/raw-body-2.5.3.tgz 0ms (cache hit)
157 http cache qs@https://registry.npmjs.org/qs/-/qs-6.14.2.tgz 0ms (cache hit)
158 http cache picocolors@https://registry.npmjs.org/picocolors/-/picocolors-1.1.1.tgz 0ms (cache hit)
159 http cache resolve-pkg-maps@https://registry.npmjs.org/resolve-pkg-maps/-/resolve-pkg-maps-1.0.0.tgz 0ms (cache hit)
160 http cache picomatch@https://registry.npmjs.org/picomatch/-/picomatch-4.0.3.tgz 0ms (cache hit)
161 http cache postcss@https://registry.npmjs.org/postcss/-/postcss-8.5.8.tgz 0ms (cache hit)
162 http cache pathval@https://registry.npmjs.org/pathval/-/pathval-2.0.1.tgz 0ms (cache hit)
163 http cache path-to-regexp@https://registry.npmjs.org/path-to-regexp/-/path-to-regexp-0.1.12.tgz 0ms (cache hit)
164 http cache pathe@https://registry.npmjs.org/pathe/-/pathe-2.0.3.tgz 0ms (cache hit)
165 http cache parseurl@https://registry.npmjs.org/parseurl/-/parseurl-1.3.3.tgz 0ms (cache hit)
166 http cache once@https://registry.npmjs.org/once/-/once-1.4.0.tgz 0ms (cache hit)
167 http cache on-finished@https://registry.npmjs.org/on-finished/-/on-finished-2.4.1.tgz 0ms (cache hit)
168 http cache negotiator@https://registry.npmjs.org/negotiator/-/negotiator-0.6.3.tgz 0ms (cache hit)
169 http cache object-inspect@https://registry.npmjs.org/object-inspect/-/object-inspect-1.13.4.tgz 0ms (cache hit)
170 http cache nanoid@https://registry.npmjs.org/nanoid/-/nanoid-3.3.11.tgz 0ms (cache hit)
171 http cache mime-types@https://registry.npmjs.org/mime-types/-/mime-types-2.1.35.tgz 0ms (cache hit)
172 http cache mime-db@https://registry.npmjs.org/mime-db/-/mime-db-1.52.0.tgz 0ms (cache hit)
173 http cache ms@https://registry.npmjs.org/ms/-/ms-2.0.0.tgz 0ms (cache hit)
174 http cache merge-descriptors@https://registry.npmjs.org/merge-descriptors/-/merge-descriptors-1.0.3.tgz 0ms (cache hit)
175 http cache mime@https://registry.npmjs.org/mime/-/mime-1.6.0.tgz 0ms (cache hit)
176 http cache methods@https://registry.npmjs.org/methods/-/methods-1.1.2.tgz 0ms (cache hit)
177 http cache media-typer@https://registry.npmjs.org/media-typer/-/media-typer-0.3.0.tgz 0ms (cache hit)
178 http cache magic-string@https://registry.npmjs.org/magic-string/-/magic-string-0.30.21.tgz 0ms (cache hit)
179 http cache loupe@https://registry.npmjs.org/loupe/-/loupe-3.2.1.tgz 0ms (cache hit)
180 http cache js-tokens@https://registry.npmjs.org/js-tokens/-/js-tokens-9.0.1.tgz 0ms (cache hit)
181 http cache math-intrinsics@https://registry.npmjs.org/math-intrinsics/-/math-intrinsics-1.1.0.tgz 0ms (cache hit)
182 http cache inherits@https://registry.npmjs.org/inherits/-/inherits-2.0.4.tgz 0ms (cache hit)
183 http cache iceberg-js@https://registry.npmjs.org/iceberg-js/-/iceberg-js-0.8.1.tgz 0ms (cache hit)
184 http cache iconv-lite@https://registry.npmjs.org/iconv-lite/-/iconv-lite-0.4.24.tgz 0ms (cache hit)
185 http cache ipaddr.js@https://registry.npmjs.org/ipaddr.js/-/ipaddr.js-1.9.1.tgz 0ms (cache hit)
186 http cache http-errors@https://registry.npmjs.org/http-errors/-/http-errors-2.0.1.tgz 0ms (cache hit)
187 http cache has-symbols@https://registry.npmjs.org/has-symbols/-/has-symbols-1.1.0.tgz 0ms (cache hit)
188 http cache gopd@https://registry.npmjs.org/gopd/-/gopd-1.2.0.tgz 0ms (cache hit)
189 http cache has-tostringtag@https://registry.npmjs.org/has-tostringtag/-/has-tostringtag-1.0.2.tgz 0ms (cache hit)
190 http cache get-tsconfig@https://registry.npmjs.org/get-tsconfig/-/get-tsconfig-4.13.6.tgz 0ms (cache hit)
191 http cache hasown@https://registry.npmjs.org/hasown/-/hasown-2.0.2.tgz 0ms (cache hit)
192 http cache get-intrinsic@https://registry.npmjs.org/get-intrinsic/-/get-intrinsic-1.3.0.tgz 0ms (cache hit)
193 http cache get-proto@https://registry.npmjs.org/get-proto/-/get-proto-1.0.1.tgz 0ms (cache hit)
194 http cache function-bind@https://registry.npmjs.org/function-bind/-/function-bind-1.1.2.tgz 0ms (cache hit)
195 http cache fresh@https://registry.npmjs.org/fresh/-/fresh-0.5.2.tgz 0ms (cache hit)
196 http cache forwarded@https://registry.npmjs.org/forwarded/-/forwarded-0.2.0.tgz 0ms (cache hit)
197 http cache formidable@https://registry.npmjs.org/formidable/-/formidable-3.5.4.tgz 0ms (cache hit)
198 http cache form-data@https://registry.npmjs.org/form-data/-/form-data-4.0.5.tgz 0ms (cache hit)
199 http cache finalhandler@https://registry.npmjs.org/finalhandler/-/finalhandler-1.3.2.tgz 0ms (cache hit)
200 http cache express@https://registry.npmjs.org/express/-/express-4.22.1.tgz 0ms (cache hit)
201 http cache fdir@https://registry.npmjs.org/fdir/-/fdir-6.5.0.tgz 0ms (cache hit)
202 http cache fast-safe-stringify@https://registry.npmjs.org/fast-safe-stringify/-/fast-safe-stringify-2.1.1.tgz 0ms (cache hit)
203 http cache etag@https://registry.npmjs.org/etag/-/etag-1.8.1.tgz 0ms (cache hit)
204 http cache expect-type@https://registry.npmjs.org/expect-type/-/expect-type-1.3.0.tgz 0ms (cache hit)
205 http cache estree-walker@https://registry.npmjs.org/estree-walker/-/estree-walker-3.0.3.tgz 0ms (cache hit)
206 http cache escape-html@https://registry.npmjs.org/escape-html/-/escape-html-1.0.3.tgz 0ms (cache hit)
207 http cache esbuild@https://registry.npmjs.org/esbuild/-/esbuild-0.27.3.tgz 0ms (cache hit)
208 http cache es-set-tostringtag@https://registry.npmjs.org/es-set-tostringtag/-/es-set-tostringtag-2.1.0.tgz 0ms (cache hit)
209 http cache es-object-atoms@https://registry.npmjs.org/es-object-atoms/-/es-object-atoms-1.1.1.tgz 0ms (cache hit)
210 http cache es-errors@https://registry.npmjs.org/es-errors/-/es-errors-1.3.0.tgz 0ms (cache hit)
211 http cache es-define-property@https://registry.npmjs.org/es-define-property/-/es-define-property-1.0.1.tgz 0ms (cache hit)
212 http cache es-module-lexer@https://registry.npmjs.org/es-module-lexer/-/es-module-lexer-1.7.0.tgz 0ms (cache hit)
213 http cache ee-first@https://registry.npmjs.org/ee-first/-/ee-first-1.1.1.tgz 0ms (cache hit)
214 http cache dunder-proto@https://registry.npmjs.org/dunder-proto/-/dunder-proto-1.0.1.tgz 0ms (cache hit)
215 http cache encodeurl@https://registry.npmjs.org/encodeurl/-/encodeurl-2.0.0.tgz 0ms (cache hit)
216 http cache dezalgo@https://registry.npmjs.org/dezalgo/-/dezalgo-1.0.4.tgz 0ms (cache hit)
217 http cache depd@https://registry.npmjs.org/depd/-/depd-2.0.0.tgz 0ms (cache hit)
218 http cache deep-eql@https://registry.npmjs.org/deep-eql/-/deep-eql-5.0.2.tgz 0ms (cache hit)
219 http cache destroy@https://registry.npmjs.org/destroy/-/destroy-1.2.0.tgz 0ms (cache hit)
220 http cache delayed-stream@https://registry.npmjs.org/delayed-stream/-/delayed-stream-1.0.0.tgz 0ms (cache hit)
221 http cache debug@https://registry.npmjs.org/debug/-/debug-2.6.9.tgz 0ms (cache hit)
222 http cache cookiejar@https://registry.npmjs.org/cookiejar/-/cookiejar-2.1.4.tgz 0ms (cache hit)
223 http cache cookie-signature@https://registry.npmjs.org/cookie-signature/-/cookie-signature-1.0.7.tgz 0ms (cache hit)
224 http cache content-disposition@https://registry.npmjs.org/content-disposition/-/content-disposition-0.5.4.tgz 0ms (cache hit)
225 http cache cookie@https://registry.npmjs.org/cookie/-/cookie-0.7.2.tgz 0ms (cache hit)
226 http cache combined-stream@https://registry.npmjs.org/combined-stream/-/combined-stream-1.0.8.tgz 0ms (cache hit)
227 http cache content-type@https://registry.npmjs.org/content-type/-/content-type-1.0.5.tgz 0ms (cache hit)
228 http cache component-emitter@https://registry.npmjs.org/component-emitter/-/component-emitter-1.3.1.tgz 0ms (cache hit)
229 http cache call-bound@https://registry.npmjs.org/call-bound/-/call-bound-1.0.4.tgz 0ms (cache hit)
230 http cache check-error@https://registry.npmjs.org/check-error/-/check-error-2.1.3.tgz 0ms (cache hit)
231 http cache call-bind-apply-helpers@https://registry.npmjs.org/call-bind-apply-helpers/-/call-bind-apply-helpers-1.0.2.tgz 0ms (cache hit)
232 http cache chai@https://registry.npmjs.org/chai/-/chai-5.3.3.tgz 0ms (cache hit)
233 http cache cac@https://registry.npmjs.org/cac/-/cac-6.7.14.tgz 0ms (cache hit)
234 http cache bytes@https://registry.npmjs.org/bytes/-/bytes-3.1.2.tgz 0ms (cache hit)
235 http cache asynckit@https://registry.npmjs.org/asynckit/-/asynckit-0.4.0.tgz 0ms (cache hit)
236 http cache body-parser@https://registry.npmjs.org/body-parser/-/body-parser-1.20.4.tgz 0ms (cache hit)
237 http cache @vitest/utils@https://registry.npmjs.org/@vitest/utils/-/utils-3.2.4.tgz 0ms (cache hit)
238 http cache asap@https://registry.npmjs.org/asap/-/asap-2.0.6.tgz 0ms (cache hit)
239 http cache assertion-error@https://registry.npmjs.org/assertion-error/-/assertion-error-2.0.1.tgz 0ms (cache hit)
240 http cache array-flatten@https://registry.npmjs.org/array-flatten/-/array-flatten-1.1.1.tgz 0ms (cache hit)
241 http cache @vitest/runner@https://registry.npmjs.org/@vitest/runner/-/runner-3.2.4.tgz 0ms (cache hit)
242 http cache @types/ws@https://registry.npmjs.org/@types/ws/-/ws-8.18.1.tgz 0ms (cache hit)
243 http cache accepts@https://registry.npmjs.org/accepts/-/accepts-1.3.8.tgz 0ms (cache hit)
244 http cache @vitest/spy@https://registry.npmjs.org/@vitest/spy/-/spy-3.2.4.tgz 0ms (cache hit)
245 http cache @vitest/snapshot@https://registry.npmjs.org/@vitest/snapshot/-/snapshot-3.2.4.tgz 0ms (cache hit)
246 http cache @vitest/pretty-format@https://registry.npmjs.org/@vitest/pretty-format/-/pretty-format-3.2.4.tgz 0ms (cache hit)
247 http cache @vitest/expect@https://registry.npmjs.org/@vitest/expect/-/expect-3.2.4.tgz 0ms (cache hit)
248 http cache @types/serve-static@https://registry.npmjs.org/@types/serve-static/-/serve-static-2.2.0.tgz 0ms (cache hit)
249 http cache @vitest/mocker@https://registry.npmjs.org/@vitest/mocker/-/mocker-3.2.4.tgz 0ms (cache hit)
250 http cache @types/supertest@https://registry.npmjs.org/@types/supertest/-/supertest-6.0.3.tgz 0ms (cache hit)
251 http cache @types/superagent@https://registry.npmjs.org/@types/superagent/-/superagent-8.1.9.tgz 0ms (cache hit)
252 http cache @types/send@https://registry.npmjs.org/@types/send/-/send-1.2.1.tgz 0ms (cache hit)
253 http cache @types/phoenix@https://registry.npmjs.org/@types/phoenix/-/phoenix-1.6.7.tgz 0ms (cache hit)
254 http cache @types/qs@https://registry.npmjs.org/@types/qs/-/qs-6.14.0.tgz 0ms (cache hit)
255 http cache @types/node@https://registry.npmjs.org/@types/node/-/node-22.19.13.tgz 0ms (cache hit)
256 http cache @types/express-serve-static-core@https://registry.npmjs.org/@types/express-serve-static-core/-/express-serve-static-core-5.1.1.tgz 0ms (cache hit)
257 http cache @types/http-errors@https://registry.npmjs.org/@types/http-errors/-/http-errors-2.0.5.tgz 0ms (cache hit)
258 http cache @types/express@https://registry.npmjs.org/@types/express/-/express-5.0.6.tgz 0ms (cache hit)
259 http cache @types/methods@https://registry.npmjs.org/@types/methods/-/methods-1.1.4.tgz 0ms (cache hit)
260 http cache @types/estree@https://registry.npmjs.org/@types/estree/-/estree-1.0.8.tgz 0ms (cache hit)
261 http cache @types/range-parser@https://registry.npmjs.org/@types/range-parser/-/range-parser-1.2.7.tgz 0ms (cache hit)
262 http cache @types/deep-eql@https://registry.npmjs.org/@types/deep-eql/-/deep-eql-4.0.2.tgz 0ms (cache hit)
263 http cache @types/cookiejar@https://registry.npmjs.org/@types/cookiejar/-/cookiejar-2.1.5.tgz 0ms (cache hit)
264 http cache @types/body-parser@https://registry.npmjs.org/@types/body-parser/-/body-parser-1.19.6.tgz 0ms (cache hit)
265 http cache @supabase/supabase-js@https://registry.npmjs.org/@supabase/supabase-js/-/supabase-js-2.98.0.tgz 0ms (cache hit)
266 http cache @supabase/storage-js@https://registry.npmjs.org/@supabase/storage-js/-/storage-js-2.98.0.tgz 0ms (cache hit)
267 http cache @types/chai@https://registry.npmjs.org/@types/chai/-/chai-5.2.3.tgz 0ms (cache hit)
268 http cache @supabase/realtime-js@https://registry.npmjs.org/@supabase/realtime-js/-/realtime-js-2.98.0.tgz 0ms (cache hit)
269 http cache @supabase/functions-js@https://registry.npmjs.org/@supabase/functions-js/-/functions-js-2.98.0.tgz 0ms (cache hit)
270 http cache @supabase/postgrest-js@https://registry.npmjs.org/@supabase/postgrest-js/-/postgrest-js-2.98.0.tgz 0ms (cache hit)
271 http cache @rollup/rollup-win32-x64-msvc@https://registry.npmjs.org/@rollup/rollup-win32-x64-msvc/-/rollup-win32-x64-msvc-4.59.0.tgz 0ms (cache hit)
272 http cache @types/connect@https://registry.npmjs.org/@types/connect/-/connect-3.4.38.tgz 0ms (cache hit)
273 http cache @rollup/rollup-win32-x64-gnu@https://registry.npmjs.org/@rollup/rollup-win32-x64-gnu/-/rollup-win32-x64-gnu-4.59.0.tgz 0ms (cache hit)
274 http cache @supabase/auth-js@https://registry.npmjs.org/@supabase/auth-js/-/auth-js-2.98.0.tgz 0ms (cache hit)
275 http cache @paralleldrive/cuid2@https://registry.npmjs.org/@paralleldrive/cuid2/-/cuid2-2.3.1.tgz 0ms (cache hit)
276 http cache @jridgewell/sourcemap-codec@https://registry.npmjs.org/@jridgewell/sourcemap-codec/-/sourcemap-codec-1.5.5.tgz 0ms (cache hit)
277 http cache @esbuild/win32-x64@https://registry.npmjs.org/@esbuild/win32-x64/-/win32-x64-0.27.3.tgz 0ms (cache hit)
278 http cache debug@https://registry.npmjs.org/debug/-/debug-4.4.3.tgz 0ms (cache hit)
279 http cache @noble/hashes@https://registry.npmjs.org/@noble/hashes/-/hashes-1.8.0.tgz 0ms (cache hit)
280 http cache ms@https://registry.npmjs.org/ms/-/ms-2.1.3.tgz 0ms (cache hit)
281 http cache ms@https://registry.npmjs.org/ms/-/ms-2.1.3.tgz 0ms (cache hit)
282 http cache debug@https://registry.npmjs.org/debug/-/debug-4.4.3.tgz 0ms (cache hit)
283 http cache ms@https://registry.npmjs.org/ms/-/ms-2.1.3.tgz 0ms (cache hit)
284 http cache ms@https://registry.npmjs.org/ms/-/ms-2.1.3.tgz 0ms (cache hit)
285 http cache cookie-signature@https://registry.npmjs.org/cookie-signature/-/cookie-signature-1.2.2.tgz 0ms (cache hit)
286 http cache mime@https://registry.npmjs.org/mime/-/mime-2.6.0.tgz 0ms (cache hit)
287 http cache debug@https://registry.npmjs.org/debug/-/debug-4.4.3.tgz 0ms (cache hit)
288 http fetch POST 200 https://registry.npmjs.org/-/npm/v1/security/advisories/bulk 2267ms
289 silly audit report {}
290 info run esbuild@0.27.3 postinstall node_modules/esbuild node install.js
291 info run esbuild@0.27.3 postinstall { code: 0, signal: null }
292 silly ADD node_modules/zod
293 silly ADD node_modules/ws
294 silly ADD node_modules/wrappy
295 silly ADD node_modules/why-is-node-running
296 silly ADD node_modules/vitest
297 silly ADD node_modules/vitest/node_modules/ms
298 silly ADD node_modules/vitest/node_modules/debug
299 silly ADD node_modules/vite-node
300 silly ADD node_modules/vite-node/node_modules/ms
301 silly ADD node_modules/vite-node/node_modules/debug
302 silly ADD node_modules/vite
303 silly ADD node_modules/vary
304 silly ADD node_modules/utils-merge
305 silly ADD node_modules/unpipe
306 silly ADD node_modules/undici-types
307 silly ADD node_modules/typescript
308 silly ADD node_modules/type-is
309 silly ADD node_modules/tsx
310 silly ADD node_modules/tslib
311 silly ADD node_modules/toidentifier
312 silly ADD node_modules/tinyspy
313 silly ADD node_modules/tinyrainbow
314 silly ADD node_modules/tinypool
315 silly ADD node_modules/tinyglobby
316 silly ADD node_modules/tinyexec
317 silly ADD node_modules/tinybench
318 silly ADD node_modules/supertest
319 silly ADD node_modules/supertest/node_modules/cookie-signature
320 silly ADD node_modules/superagent
321 silly ADD node_modules/superagent/node_modules/ms
322 silly ADD node_modules/superagent/node_modules/mime
323 silly ADD node_modules/superagent/node_modules/debug
324 silly ADD node_modules/strip-literal
325 silly ADD node_modules/std-env
326 silly ADD node_modules/statuses
327 silly ADD node_modules/stackback
328 silly ADD node_modules/source-map-js
329 silly ADD node_modules/siginfo
330 silly ADD node_modules/side-channel-weakmap
331 silly ADD node_modules/side-channel-map
332 silly ADD node_modules/side-channel-list
333 silly ADD node_modules/side-channel
334 silly ADD node_modules/setprototypeof
335 silly ADD node_modules/serve-static
336 silly ADD node_modules/send
337 silly ADD node_modules/send/node_modules/ms
338 silly ADD node_modules/safer-buffer
339 silly ADD node_modules/safe-buffer
340 silly ADD node_modules/rollup
341 silly ADD node_modules/resolve-pkg-maps
342 silly ADD node_modules/raw-body
343 silly ADD node_modules/range-parser
344 silly ADD node_modules/qs
345 silly ADD node_modules/proxy-addr
346 silly ADD node_modules/postcss
347 silly ADD node_modules/picomatch
348 silly ADD node_modules/picocolors
349 silly ADD node_modules/pathval
350 silly ADD node_modules/pathe
351 silly ADD node_modules/path-to-regexp
352 silly ADD node_modules/parseurl
353 silly ADD node_modules/once
354 silly ADD node_modules/on-finished
355 silly ADD node_modules/object-inspect
356 silly ADD node_modules/negotiator
357 silly ADD node_modules/nanoid
358 silly ADD node_modules/ms
359 silly ADD node_modules/mime-types
360 silly ADD node_modules/mime-db
361 silly ADD node_modules/mime
362 silly ADD node_modules/methods
363 silly ADD node_modules/merge-descriptors
364 silly ADD node_modules/media-typer
365 silly ADD node_modules/math-intrinsics
366 silly ADD node_modules/magic-string
367 silly ADD node_modules/loupe
368 silly ADD node_modules/js-tokens
369 silly ADD node_modules/ipaddr.js
370 silly ADD node_modules/inherits
371 silly ADD node_modules/iconv-lite
372 silly ADD node_modules/iceberg-js
373 silly ADD node_modules/http-errors
374 silly ADD node_modules/hasown
375 silly ADD node_modules/has-tostringtag
376 silly ADD node_modules/has-symbols
377 silly ADD node_modules/gopd
378 silly ADD node_modules/get-tsconfig
379 silly ADD node_modules/get-proto
380 silly ADD node_modules/get-intrinsic
381 silly ADD node_modules/function-bind
382 silly ADD node_modules/fsevents
383 silly ADD node_modules/fresh
384 silly ADD node_modules/forwarded
385 silly ADD node_modules/formidable
386 silly ADD node_modules/form-data
387 silly ADD node_modules/finalhandler
388 silly ADD node_modules/fdir
389 silly ADD node_modules/fast-safe-stringify
390 silly ADD node_modules/express
391 silly ADD node_modules/expect-type
392 silly ADD node_modules/etag
393 silly ADD node_modules/estree-walker
394 silly ADD node_modules/escape-html
395 silly ADD node_modules/esbuild
396 silly ADD node_modules/es-set-tostringtag
397 silly ADD node_modules/es-object-atoms
398 silly ADD node_modules/es-module-lexer
399 silly ADD node_modules/es-errors
400 silly ADD node_modules/es-define-property
401 silly ADD node_modules/encodeurl
402 silly ADD node_modules/ee-first
403 silly ADD node_modules/dunder-proto
404 silly ADD node_modules/dezalgo
405 silly ADD node_modules/destroy
406 silly ADD node_modules/depd
407 silly ADD node_modules/delayed-stream
408 silly ADD node_modules/deep-eql
409 silly ADD node_modules/debug
410 silly ADD node_modules/cookiejar
411 silly ADD node_modules/cookie-signature
412 silly ADD node_modules/cookie
413 silly ADD node_modules/content-type
414 silly ADD node_modules/content-disposition
415 silly ADD node_modules/component-emitter
416 silly ADD node_modules/combined-stream
417 silly ADD node_modules/check-error
418 silly ADD node_modules/chai
419 silly ADD node_modules/call-bound
420 silly ADD node_modules/call-bind-apply-helpers
421 silly ADD node_modules/cac
422 silly ADD node_modules/bytes
423 silly ADD node_modules/body-parser
424 silly ADD node_modules/asynckit
425 silly ADD node_modules/assertion-error
426 silly ADD node_modules/asap
427 silly ADD node_modules/array-flatten
428 silly ADD node_modules/accepts
429 silly ADD node_modules/@vitest/utils
430 silly ADD node_modules/@vitest/spy
431 silly ADD node_modules/@vitest/snapshot
432 silly ADD node_modules/@vitest/runner
433 silly ADD node_modules/@vitest/pretty-format
434 silly ADD node_modules/@vitest/mocker
435 silly ADD node_modules/@vitest/expect
436 silly ADD node_modules/@types/ws
437 silly ADD node_modules/@types/supertest
438 silly ADD node_modules/@types/superagent
439 silly ADD node_modules/@types/serve-static
440 silly ADD node_modules/@types/send
441 silly ADD node_modules/@types/range-parser
442 silly ADD node_modules/@types/qs
443 silly ADD node_modules/@types/phoenix
444 silly ADD node_modules/@types/node
445 silly ADD node_modules/@types/methods
446 silly ADD node_modules/@types/http-errors
447 silly ADD node_modules/@types/express-serve-static-core
448 silly ADD node_modules/@types/express
449 silly ADD node_modules/@types/estree
450 silly ADD node_modules/@types/deep-eql
451 silly ADD node_modules/@types/cookiejar
452 silly ADD node_modules/@types/connect
453 silly ADD node_modules/@types/chai
454 silly ADD node_modules/@types/body-parser
455 silly ADD node_modules/@supabase/supabase-js
456 silly ADD node_modules/@supabase/storage-js
457 silly ADD node_modules/@supabase/realtime-js
458 silly ADD node_modules/@supabase/postgrest-js
459 silly ADD node_modules/@supabase/functions-js
460 silly ADD node_modules/@supabase/auth-js
461 silly ADD node_modules/@rollup/rollup-win32-x64-msvc
462 silly ADD node_modules/@rollup/rollup-win32-x64-gnu
463 silly ADD node_modules/@rollup/rollup-win32-ia32-msvc
464 silly ADD node_modules/@rollup/rollup-win32-arm64-msvc
465 silly ADD node_modules/@rollup/rollup-openharmony-arm64
466 silly ADD node_modules/@rollup/rollup-openbsd-x64
467 silly ADD node_modules/@rollup/rollup-linux-x64-musl
468 silly ADD node_modules/@rollup/rollup-linux-x64-gnu
469 silly ADD node_modules/@rollup/rollup-linux-s390x-gnu
470 silly ADD node_modules/@rollup/rollup-linux-riscv64-musl
471 silly ADD node_modules/@rollup/rollup-linux-riscv64-gnu
472 silly ADD node_modules/@rollup/rollup-linux-ppc64-musl
473 silly ADD node_modules/@rollup/rollup-linux-ppc64-gnu
474 silly ADD node_modules/@rollup/rollup-linux-loong64-musl
475 silly ADD node_modules/@rollup/rollup-linux-loong64-gnu
476 silly ADD node_modules/@rollup/rollup-linux-arm64-musl
477 silly ADD node_modules/@rollup/rollup-linux-arm64-gnu
478 silly ADD node_modules/@rollup/rollup-linux-arm-musleabihf
479 silly ADD node_modules/@rollup/rollup-linux-arm-gnueabihf
480 silly ADD node_modules/@rollup/rollup-freebsd-x64
481 silly ADD node_modules/@rollup/rollup-freebsd-arm64
482 silly ADD node_modules/@rollup/rollup-darwin-x64
483 silly ADD node_modules/@rollup/rollup-darwin-arm64
484 silly ADD node_modules/@rollup/rollup-android-arm64
485 silly ADD node_modules/@rollup/rollup-android-arm-eabi
486 silly ADD node_modules/@paralleldrive/cuid2
487 silly ADD node_modules/@noble/hashes
488 silly ADD node_modules/@jridgewell/sourcemap-codec
489 silly ADD node_modules/@esbuild/win32-x64
490 silly ADD node_modules/@esbuild/win32-ia32
491 silly ADD node_modules/@esbuild/win32-arm64
492 silly ADD node_modules/@esbuild/sunos-x64
493 silly ADD node_modules/@esbuild/openharmony-arm64
494 silly ADD node_modules/@esbuild/openbsd-x64
495 silly ADD node_modules/@esbuild/openbsd-arm64
496 silly ADD node_modules/@esbuild/netbsd-x64
497 silly ADD node_modules/@esbuild/netbsd-arm64
498 silly ADD node_modules/@esbuild/linux-x64
499 silly ADD node_modules/@esbuild/linux-s390x
500 silly ADD node_modules/@esbuild/linux-riscv64
501 silly ADD node_modules/@esbuild/linux-ppc64
502 silly ADD node_modules/@esbuild/linux-mips64el
503 silly ADD node_modules/@esbuild/linux-loong64
504 silly ADD node_modules/@esbuild/linux-ia32
505 silly ADD node_modules/@esbuild/linux-arm64
506 silly ADD node_modules/@esbuild/linux-arm
507 silly ADD node_modules/@esbuild/freebsd-x64
508 silly ADD node_modules/@esbuild/freebsd-arm64
509 silly ADD node_modules/@esbuild/darwin-x64
510 silly ADD node_modules/@esbuild/darwin-arm64
511 silly ADD node_modules/@esbuild/android-x64
512 silly ADD node_modules/@esbuild/android-arm64
513 silly ADD node_modules/@esbuild/android-arm
514 silly ADD node_modules/@esbuild/aix-ppc64
515 verbose cwd D:\codex_code\socialvibe
516 verbose os Windows_NT 10.0.26200
517 verbose node v24.10.0
518 verbose npm  v11.6.1
519 verbose exit 0
520 info ok
