0 verbose cli D:\Program Files\nodejs\node.exe D:\Program Files\nodejs\node_modules\npm\bin\npm-cli.js
1 info using npm@11.6.1
2 info using node@v24.10.0
3 silly config load:file:D:\Program Files\nodejs\node_modules\npm\npmrc
4 silly config load:file:D:\codex_code\socialvibe\.worktrees\socialvibe-mvp\backend\.npmrc
5 silly config load:file:C:\Users\lenovo\.npmrc
6 silly config load:file:D:\codex_code\socialvibe\.worktrees\socialvibe-mvp\backend\etc\npmrc
7 verbose title npm install
8 verbose argv "--prefix" ".worktrees/socialvibe-mvp/backend" "install" "--cache" ".npm-cache"
9 verbose logfile logs-max:10 dir:D:\codex_code\socialvibe\.npm-cache\_logs\2026-03-04T09_17_49_105Z-
10 verbose logfile D:\codex_code\socialvibe\.npm-cache\_logs\2026-03-04T09_17_49_105Z-debug-0.log
11 silly logfile done cleaning log files
12 silly packumentCache heap:4496293888 maxSize:1124073472 maxEntrySize:562036736
13 silly idealTree buildDeps
14 silly fetch manifest pg@^8.13.3
15 silly packumentCache full:https://registry.npmjs.org/pg cache-miss
16 http fetch GET 200 https://registry.npmjs.org/pg 2621ms (cache miss)
17 silly packumentCache full:https://registry.npmjs.org/pg set size:undefined disposed:false
18 silly fetch manifest pg-native@>=3.0.1
19 silly packumentCache full:https://registry.npmjs.org/pg-native cache-miss
20 http fetch GET 200 https://registry.npmjs.org/pg-native 322ms (cache miss)
21 silly packumentCache full:https://registry.npmjs.org/pg-native set size:undefined disposed:false
22 silly fetch manifest @types/pg@^8.11.11
23 silly packumentCache full:https://registry.npmjs.org/@types%2fpg cache-miss
24 http fetch GET 200 https://registry.npmjs.org/@types%2fpg 381ms (cache miss)
25 silly packumentCache full:https://registry.npmjs.org/@types%2fpg set size:undefined disposed:false
26 silly placeDep ROOT @types/pg@8.18.0 OK for: socialvibe-backend@0.1.0 want: ^8.11.11
27 silly placeDep ROOT pg@8.19.0 OK for: socialvibe-backend@0.1.0 want: ^8.13.3
28 silly fetch manifest pg-types@^2.2.0
29 silly packumentCache full:https://registry.npmjs.org/pg-types cache-miss
30 silly fetch manifest pg-protocol@*
31 silly packumentCache full:https://registry.npmjs.org/pg-protocol cache-miss
32 silly fetch manifest pg-connection-string@^2.11.0
33 silly packumentCache full:https://registry.npmjs.org/pg-connection-string cache-miss
34 silly fetch manifest pg-pool@^3.12.0
35 silly packumentCache full:https://registry.npmjs.org/pg-pool cache-miss
36 silly fetch manifest pg-protocol@^1.12.0
37 silly packumentCache full:https://registry.npmjs.org/pg-protocol cache-miss
38 silly fetch manifest pg-types@2.2.0
39 silly packumentCache full:https://registry.npmjs.org/pg-types cache-miss
40 silly fetch manifest pgpass@1.0.5
41 silly packumentCache full:https://registry.npmjs.org/pgpass cache-miss
42 silly fetch manifest pg-cloudflare@^1.3.0
43 silly packumentCache full:https://registry.npmjs.org/pg-cloudflare cache-miss
44 http fetch GET 200 https://registry.npmjs.org/pg-types 323ms (cache miss)
45 silly packumentCache full:https://registry.npmjs.org/pg-types set size:undefined disposed:false
46 http fetch GET 200 https://registry.npmjs.org/pg-protocol 1449ms (cache miss)
47 silly packumentCache full:https://registry.npmjs.org/pg-protocol set size:undefined disposed:false
48 http fetch GET 200 https://registry.npmjs.org/pg-connection-string 1467ms (cache miss)
49 silly packumentCache full:https://registry.npmjs.org/pg-connection-string set size:undefined disposed:false
50 http fetch GET 200 https://registry.npmjs.org/pg-cloudflare 2021ms (cache miss)
51 silly packumentCache full:https://registry.npmjs.org/pg-cloudflare set size:undefined disposed:false
52 http fetch GET 200 https://registry.npmjs.org/pgpass 2025ms (cache miss)
53 silly packumentCache full:https://registry.npmjs.org/pgpass set size:undefined disposed:false
54 http fetch GET 200 https://registry.npmjs.org/pg-types 2077ms (cache miss)
55 silly packumentCache full:https://registry.npmjs.org/pg-types set size:undefined disposed:false
56 http fetch GET 200 https://registry.npmjs.org/pg-pool 2269ms (cache miss)
57 silly packumentCache full:https://registry.npmjs.org/pg-pool set size:undefined disposed:false
58 http fetch GET 200 https://registry.npmjs.org/pg-protocol 4352ms (cache miss)
59 silly packumentCache full:https://registry.npmjs.org/pg-protocol set size:undefined disposed:false
60 silly placeDep ROOT pg-protocol@1.12.0 OK for: @types/pg@8.18.0 want: *
61 silly placeDep ROOT pg-types@2.2.0 OK for: @types/pg@8.18.0 want: ^2.2.0
62 silly fetch manifest pg-int8@1.0.1
63 silly packumentCache full:https://registry.npmjs.org/pg-int8 cache-miss
64 silly fetch manifest postgres-date@~1.0.4
65 silly packumentCache full:https://registry.npmjs.org/postgres-date cache-miss
66 silly fetch manifest postgres-array@~2.0.0
67 silly packumentCache full:https://registry.npmjs.org/postgres-array cache-miss
68 silly fetch manifest postgres-bytea@~1.0.0
69 silly packumentCache full:https://registry.npmjs.org/postgres-bytea cache-miss
70 silly fetch manifest postgres-interval@^1.1.0
71 silly packumentCache full:https://registry.npmjs.org/postgres-interval cache-miss
72 http fetch GET 200 https://registry.npmjs.org/pg-int8 291ms (cache miss)
73 silly packumentCache full:https://registry.npmjs.org/pg-int8 set size:undefined disposed:false
74 http fetch GET 200 https://registry.npmjs.org/postgres-bytea 304ms (cache miss)
75 silly packumentCache full:https://registry.npmjs.org/postgres-bytea set size:undefined disposed:false
76 http fetch GET 200 https://registry.npmjs.org/postgres-array 337ms (cache miss)
77 silly packumentCache full:https://registry.npmjs.org/postgres-array set size:undefined disposed:false
78 http fetch GET 200 https://registry.npmjs.org/postgres-interval 361ms (cache miss)
79 silly packumentCache full:https://registry.npmjs.org/postgres-interval set size:undefined disposed:false
80 http fetch GET 200 https://registry.npmjs.org/postgres-date 366ms (cache miss)
81 silly packumentCache full:https://registry.npmjs.org/postgres-date set size:undefined disposed:false
82 silly fetch manifest pg@>=8.0
83 silly packumentCache full:https://registry.npmjs.org/pg cache-miss
84 http cache https://registry.npmjs.org/pg 23ms (cache hit)
85 silly packumentCache full:https://registry.npmjs.org/pg set size:473026 disposed:false
86 silly placeDep ROOT pg-cloudflare@1.3.0 OK for: pg@8.19.0 want: ^1.3.0
87 silly placeDep ROOT pg-connection-string@2.11.0 OK for: pg@8.19.0 want: ^2.11.0
88 silly placeDep ROOT pg-pool@3.12.0 OK for: pg@8.19.0 want: ^3.12.0
89 silly placeDep ROOT pgpass@1.0.5 OK for: pg@8.19.0 want: 1.0.5
90 silly fetch manifest split2@^4.1.0
91 silly packumentCache full:https://registry.npmjs.org/split2 cache-miss
92 http fetch GET 200 https://registry.npmjs.org/split2 433ms (cache miss)
93 silly packumentCache full:https://registry.npmjs.org/split2 set size:undefined disposed:false
94 silly placeDep ROOT pg-int8@1.0.1 OK for: pg-types@2.2.0 want: 1.0.1
95 silly placeDep ROOT postgres-array@2.0.0 OK for: pg-types@2.2.0 want: ~2.0.0
96 silly placeDep ROOT postgres-bytea@1.0.1 OK for: pg-types@2.2.0 want: ~1.0.0
97 silly placeDep ROOT postgres-date@1.0.7 OK for: pg-types@2.2.0 want: ~1.0.4
98 silly placeDep ROOT postgres-interval@1.2.0 OK for: pg-types@2.2.0 want: ^1.1.0
99 silly fetch manifest xtend@^4.0.0
100 silly packumentCache full:https://registry.npmjs.org/xtend cache-miss
101 http fetch GET 200 https://registry.npmjs.org/xtend 316ms (cache miss)
102 silly packumentCache full:https://registry.npmjs.org/xtend set size:undefined disposed:false
103 silly placeDep ROOT split2@4.2.0 OK for: pgpass@1.0.5 want: ^4.1.0
104 silly placeDep ROOT xtend@4.0.2 OK for: postgres-interval@1.2.0 want: ^4.0.0
105 silly reify moves {}
106 silly audit bulk request {
106 silly audit   '@esbuild/aix-ppc64': [ '0.27.3' ],
106 silly audit   '@esbuild/android-arm': [ '0.27.3' ],
106 silly audit   '@esbuild/android-arm64': [ '0.27.3' ],
106 silly audit   '@esbuild/android-x64': [ '0.27.3' ],
106 silly audit   '@esbuild/darwin-arm64': [ '0.27.3' ],
106 silly audit   '@esbuild/darwin-x64': [ '0.27.3' ],
106 silly audit   '@esbuild/freebsd-arm64': [ '0.27.3' ],
106 silly audit   '@esbuild/freebsd-x64': [ '0.27.3' ],
106 silly audit   '@esbuild/linux-arm': [ '0.27.3' ],
106 silly audit   '@esbuild/linux-arm64': [ '0.27.3' ],
106 silly audit   '@esbuild/linux-ia32': [ '0.27.3' ],
106 silly audit   '@esbuild/linux-loong64': [ '0.27.3' ],
106 silly audit   '@esbuild/linux-mips64el': [ '0.27.3' ],
106 silly audit   '@esbuild/linux-ppc64': [ '0.27.3' ],
106 silly audit   '@esbuild/linux-riscv64': [ '0.27.3' ],
106 silly audit   '@esbuild/linux-s390x': [ '0.27.3' ],
106 silly audit   '@esbuild/linux-x64': [ '0.27.3' ],
106 silly audit   '@esbuild/netbsd-arm64': [ '0.27.3' ],
106 silly audit   '@esbuild/netbsd-x64': [ '0.27.3' ],
106 silly audit   '@esbuild/openbsd-arm64': [ '0.27.3' ],
106 silly audit   '@esbuild/openbsd-x64': [ '0.27.3' ],
106 silly audit   '@esbuild/openharmony-arm64': [ '0.27.3' ],
106 silly audit   '@esbuild/sunos-x64': [ '0.27.3' ],
106 silly audit   '@esbuild/win32-arm64': [ '0.27.3' ],
106 silly audit   '@esbuild/win32-ia32': [ '0.27.3' ],
106 silly audit   '@esbuild/win32-x64': [ '0.27.3' ],
106 silly audit   '@jridgewell/sourcemap-codec': [ '1.5.5' ],
106 silly audit   '@noble/hashes': [ '1.8.0' ],
106 silly audit   '@paralleldrive/cuid2': [ '2.3.1' ],
106 silly audit   '@rollup/rollup-android-arm-eabi': [ '4.59.0' ],
106 silly audit   '@rollup/rollup-android-arm64': [ '4.59.0' ],
106 silly audit   '@rollup/rollup-darwin-arm64': [ '4.59.0' ],
106 silly audit   '@rollup/rollup-darwin-x64': [ '4.59.0' ],
106 silly audit   '@rollup/rollup-freebsd-arm64': [ '4.59.0' ],
106 silly audit   '@rollup/rollup-freebsd-x64': [ '4.59.0' ],
106 silly audit   '@rollup/rollup-linux-arm-gnueabihf': [ '4.59.0' ],
106 silly audit   '@rollup/rollup-linux-arm-musleabihf': [ '4.59.0' ],
106 silly audit   '@rollup/rollup-linux-arm64-gnu': [ '4.59.0' ],
106 silly audit   '@rollup/rollup-linux-arm64-musl': [ '4.59.0' ],
106 silly audit   '@rollup/rollup-linux-loong64-gnu': [ '4.59.0' ],
106 silly audit   '@rollup/rollup-linux-loong64-musl': [ '4.59.0' ],
106 silly audit   '@rollup/rollup-linux-ppc64-gnu': [ '4.59.0' ],
106 silly audit   '@rollup/rollup-linux-ppc64-musl': [ '4.59.0' ],
106 silly audit   '@rollup/rollup-linux-riscv64-gnu': [ '4.59.0' ],
106 silly audit   '@rollup/rollup-linux-riscv64-musl': [ '4.59.0' ],
106 silly audit   '@rollup/rollup-linux-s390x-gnu': [ '4.59.0' ],
106 silly audit   '@rollup/rollup-linux-x64-gnu': [ '4.59.0' ],
106 silly audit   '@rollup/rollup-linux-x64-musl': [ '4.59.0' ],
106 silly audit   '@rollup/rollup-openbsd-x64': [ '4.59.0' ],
106 silly audit   '@rollup/rollup-openharmony-arm64': [ '4.59.0' ],
106 silly audit   '@rollup/rollup-win32-arm64-msvc': [ '4.59.0' ],
106 silly audit   '@rollup/rollup-win32-ia32-msvc': [ '4.59.0' ],
106 silly audit   '@rollup/rollup-win32-x64-gnu': [ '4.59.0' ],
106 silly audit   '@rollup/rollup-win32-x64-msvc': [ '4.59.0' ],
106 silly audit   '@supabase/auth-js': [ '2.98.0' ],
106 silly audit   '@supabase/functions-js': [ '2.98.0' ],
106 silly audit   '@supabase/postgrest-js': [ '2.98.0' ],
106 silly audit   '@supabase/realtime-js': [ '2.98.0' ],
106 silly audit   '@supabase/storage-js': [ '2.98.0' ],
106 silly audit   '@supabase/supabase-js': [ '2.98.0' ],
106 silly audit   '@types/body-parser': [ '1.19.6' ],
106 silly audit   '@types/chai': [ '5.2.3' ],
106 silly audit   '@types/connect': [ '3.4.38' ],
106 silly audit   '@types/cookiejar': [ '2.1.5' ],
106 silly audit   '@types/deep-eql': [ '4.0.2' ],
106 silly audit   '@types/estree': [ '1.0.8' ],
106 silly audit   '@types/express': [ '5.0.6' ],
106 silly audit   '@types/express-serve-static-core': [ '5.1.1' ],
106 silly audit   '@types/http-errors': [ '2.0.5' ],
106 silly audit   '@types/methods': [ '1.1.4' ],
106 silly audit   '@types/node': [ '22.19.13' ],
106 silly audit   '@types/phoenix': [ '1.6.7' ],
106 silly audit   '@types/qs': [ '6.14.0' ],
106 silly audit   '@types/range-parser': [ '1.2.7' ],
106 silly audit   '@types/send': [ '1.2.1' ],
106 silly audit   '@types/serve-static': [ '2.2.0' ],
106 silly audit   '@types/superagent': [ '8.1.9' ],
106 silly audit   '@types/supertest': [ '6.0.3' ],
106 silly audit   '@types/ws': [ '8.18.1' ],
106 silly audit   '@vitest/expect': [ '3.2.4' ],
106 silly audit   '@vitest/mocker': [ '3.2.4' ],
106 silly audit   '@vitest/pretty-format': [ '3.2.4' ],
106 silly audit   '@vitest/runner': [ '3.2.4' ],
106 silly audit   '@vitest/snapshot': [ '3.2.4' ],
106 silly audit   '@vitest/spy': [ '3.2.4' ],
106 silly audit   '@vitest/utils': [ '3.2.4' ],
106 silly audit   accepts: [ '1.3.8' ],
106 silly audit   'array-flatten': [ '1.1.1' ],
106 silly audit   asap: [ '2.0.6' ],
106 silly audit   'assertion-error': [ '2.0.1' ],
106 silly audit   asynckit: [ '0.4.0' ],
106 silly audit   'body-parser': [ '1.20.4' ],
106 silly audit   bytes: [ '3.1.2' ],
106 silly audit   cac: [ '6.7.14' ],
106 silly audit   'call-bind-apply-helpers': [ '1.0.2' ],
106 silly audit   'call-bound': [ '1.0.4' ],
106 silly audit   chai: [ '5.3.3' ],
106 silly audit   'check-error': [ '2.1.3' ],
106 silly audit   'combined-stream': [ '1.0.8' ],
106 silly audit   'component-emitter': [ '1.3.1' ],
106 silly audit   'content-disposition': [ '0.5.4' ],
106 silly audit   'content-type': [ '1.0.5' ],
106 silly audit   cookie: [ '0.7.2' ],
106 silly audit   'cookie-signature': [ '1.0.7', '1.2.2' ],
106 silly audit   cookiejar: [ '2.1.4' ],
106 silly audit   debug: [ '2.6.9', '4.4.3' ],
106 silly audit   'deep-eql': [ '5.0.2' ],
106 silly audit   'delayed-stream': [ '1.0.0' ],
106 silly audit   depd: [ '2.0.0' ],
106 silly audit   destroy: [ '1.2.0' ],
106 silly audit   dezalgo: [ '1.0.4' ],
106 silly audit   'dunder-proto': [ '1.0.1' ],
106 silly audit   'ee-first': [ '1.1.1' ],
106 silly audit   encodeurl: [ '2.0.0' ],
106 silly audit   'es-define-property': [ '1.0.1' ],
106 silly audit   'es-errors': [ '1.3.0' ],
106 silly audit   'es-module-lexer': [ '1.7.0' ],
106 silly audit   'es-object-atoms': [ '1.1.1' ],
106 silly audit   'es-set-tostringtag': [ '2.1.0' ],
106 silly audit   esbuild: [ '0.27.3' ],
106 silly audit   'escape-html': [ '1.0.3' ],
106 silly audit   'estree-walker': [ '3.0.3' ],
106 silly audit   etag: [ '1.8.1' ],
106 silly audit   'expect-type': [ '1.3.0' ],
106 silly audit   express: [ '4.22.1' ],
106 silly audit   'fast-safe-stringify': [ '2.1.1' ],
106 silly audit   fdir: [ '6.5.0' ],
106 silly audit   finalhandler: [ '1.3.2' ],
106 silly audit   'form-data': [ '4.0.5' ],
106 silly audit   formidable: [ '3.5.4' ],
106 silly audit   forwarded: [ '0.2.0' ],
106 silly audit   fresh: [ '0.5.2' ],
106 silly audit   fsevents: [ '2.3.3' ],
106 silly audit   'function-bind': [ '1.1.2' ],
106 silly audit   'get-intrinsic': [ '1.3.0' ],
106 silly audit   'get-proto': [ '1.0.1' ],
106 silly audit   'get-tsconfig': [ '4.13.6' ],
106 silly audit   gopd: [ '1.2.0' ],
106 silly audit   'has-symbols': [ '1.1.0' ],
106 silly audit   'has-tostringtag': [ '1.0.2' ],
106 silly audit   hasown: [ '2.0.2' ],
106 silly audit   'http-errors': [ '2.0.1' ],
106 silly audit   'iceberg-js': [ '0.8.1' ],
106 silly audit   'iconv-lite': [ '0.4.24' ],
106 silly audit   inherits: [ '2.0.4' ],
106 silly audit   'ipaddr.js': [ '1.9.1' ],
106 silly audit   'js-tokens': [ '9.0.1' ],
106 silly audit   loupe: [ '3.2.1' ],
106 silly audit   'magic-string': [ '0.30.21' ],
106 silly audit   'math-intrinsics': [ '1.1.0' ],
106 silly audit   'media-typer': [ '0.3.0' ],
106 silly audit   'merge-descriptors': [ '1.0.3' ],
106 silly audit   methods: [ '1.1.2' ],
106 silly audit   mime: [ '1.6.0', '2.6.0' ],
106 silly audit   'mime-db': [ '1.52.0' ],
106 silly audit   'mime-types': [ '2.1.35' ],
106 silly audit   ms: [ '2.0.0', '2.1.3' ],
106 silly audit   nanoid: [ '3.3.11' ],
106 silly audit   negotiator: [ '0.6.3' ],
106 silly audit   'object-inspect': [ '1.13.4' ],
106 silly audit   'on-finished': [ '2.4.1' ],
106 silly audit   once: [ '1.4.0' ],
106 silly audit   parseurl: [ '1.3.3' ],
106 silly audit   'path-to-regexp': [ '0.1.12' ],
106 silly audit   pathe: [ '2.0.3' ],
106 silly audit   pathval: [ '2.0.1' ],
106 silly audit   picocolors: [ '1.1.1' ],
106 silly audit   picomatch: [ '4.0.3' ],
106 silly audit   postcss: [ '8.5.8' ],
106 silly audit   'proxy-addr': [ '2.0.7' ],
106 silly audit   qs: [ '6.14.2' ],
106 silly audit   'range-parser': [ '1.2.1' ],
106 silly audit   'raw-body': [ '2.5.3' ],
106 silly audit   'resolve-pkg-maps': [ '1.0.0' ],
106 silly audit   rollup: [ '4.59.0' ],
106 silly audit   'safe-buffer': [ '5.2.1' ],
106 silly audit   'safer-buffer': [ '2.1.2' ],
106 silly audit   send: [ '0.19.2' ],
106 silly audit   'serve-static': [ '1.16.3' ],
106 silly audit   setprototypeof: [ '1.2.0' ],
106 silly audit   'side-channel': [ '1.1.0' ],
106 silly audit   'side-channel-list': [ '1.0.0' ],
106 silly audit   'side-channel-map': [ '1.0.1' ],
106 silly audit   'side-channel-weakmap': [ '1.0.2' ],
106 silly audit   siginfo: [ '2.0.0' ],
106 silly audit   'source-map-js': [ '1.2.1' ],
106 silly audit   stackback: [ '0.0.2' ],
106 silly audit   statuses: [ '2.0.2' ],
106 silly audit   'std-env': [ '3.10.0' ],
106 silly audit   'strip-literal': [ '3.1.0' ],
106 silly audit   superagent: [ '10.3.0' ],
106 silly audit   supertest: [ '7.2.2' ],
106 silly audit   tinybench: [ '2.9.0' ],
106 silly audit   tinyexec: [ '0.3.2' ],
106 silly audit   tinyglobby: [ '0.2.15' ],
106 silly audit   tinypool: [ '1.1.1' ],
106 silly audit   tinyrainbow: [ '2.0.0' ],
106 silly audit   tinyspy: [ '4.0.4' ],
106 silly audit   toidentifier: [ '1.0.1' ],
106 silly audit   tslib: [ '2.8.1' ],
106 silly audit   tsx: [ '4.21.0' ],
106 silly audit   'type-is': [ '1.6.18' ],
106 silly audit   typescript: [ '5.9.3' ],
106 silly audit   'undici-types': [ '6.21.0' ],
106 silly audit   unpipe: [ '1.0.0' ],
106 silly audit   'utils-merge': [ '1.0.1' ],
106 silly audit   vary: [ '1.1.2' ],
106 silly audit   vite: [ '7.3.1' ],
106 silly audit   'vite-node': [ '3.2.4' ],
106 silly audit   vitest: [ '3.2.4' ],
106 silly audit   'why-is-node-running': [ '2.3.0' ],
106 silly audit   wrappy: [ '1.0.2' ],
106 silly audit   ws: [ '8.19.0' ],
106 silly audit   zod: [ '3.25.76' ],
106 silly audit   '@types/pg': [ '8.18.0' ],
106 silly audit   pg: [ '8.19.0' ],
106 silly audit   'pg-protocol': [ '1.12.0' ],
106 silly audit   'pg-types': [ '2.2.0' ],
106 silly audit   'pg-cloudflare': [ '1.3.0' ],
106 silly audit   'pg-connection-string': [ '2.11.0' ],
106 silly audit   'pg-pool': [ '3.12.0' ],
106 silly audit   pgpass: [ '1.0.5' ],
106 silly audit   'pg-int8': [ '1.0.1' ],
106 silly audit   'postgres-array': [ '2.0.0' ],
106 silly audit   'postgres-bytea': [ '1.0.1' ],
106 silly audit   'postgres-date': [ '1.0.7' ],
106 silly audit   'postgres-interval': [ '1.2.0' ],
106 silly audit   split2: [ '4.2.0' ],
106 silly audit   xtend: [ '4.0.2' ]
106 silly audit }
107 http cache xtend@https://registry.npmjs.org/xtend/-/xtend-4.0.2.tgz 0ms (cache hit)
108 http cache split2@https://registry.npmjs.org/split2/-/split2-4.2.0.tgz 0ms (cache hit)
109 http cache postgres-date@https://registry.npmjs.org/postgres-date/-/postgres-date-1.0.7.tgz 0ms (cache hit)
110 http cache postgres-interval@https://registry.npmjs.org/postgres-interval/-/postgres-interval-1.2.0.tgz 0ms (cache hit)
111 http cache postgres-bytea@https://registry.npmjs.org/postgres-bytea/-/postgres-bytea-1.0.1.tgz 0ms (cache hit)
112 http cache postgres-array@https://registry.npmjs.org/postgres-array/-/postgres-array-2.0.0.tgz 1ms (cache hit)
113 http cache pg-int8@https://registry.npmjs.org/pg-int8/-/pg-int8-1.0.1.tgz 0ms (cache hit)
114 http cache pg-pool@https://registry.npmjs.org/pg-pool/-/pg-pool-3.12.0.tgz 0ms (cache hit)
115 http cache pgpass@https://registry.npmjs.org/pgpass/-/pgpass-1.0.5.tgz 0ms (cache hit)
116 http cache pg-connection-string@https://registry.npmjs.org/pg-connection-string/-/pg-connection-string-2.11.0.tgz 0ms (cache hit)
117 http cache pg-cloudflare@https://registry.npmjs.org/pg-cloudflare/-/pg-cloudflare-1.3.0.tgz 0ms (cache hit)
118 http cache @types/pg@https://registry.npmjs.org/@types/pg/-/pg-8.18.0.tgz 0ms (cache hit)
119 silly tarball no local data for xtend@https://registry.npmjs.org/xtend/-/xtend-4.0.2.tgz. Extracting by manifest.
120 silly tarball no local data for split2@https://registry.npmjs.org/split2/-/split2-4.2.0.tgz. Extracting by manifest.
121 silly tarball no local data for postgres-date@https://registry.npmjs.org/postgres-date/-/postgres-date-1.0.7.tgz. Extracting by manifest.
122 silly tarball no local data for postgres-interval@https://registry.npmjs.org/postgres-interval/-/postgres-interval-1.2.0.tgz. Extracting by manifest.
123 silly tarball no local data for postgres-bytea@https://registry.npmjs.org/postgres-bytea/-/postgres-bytea-1.0.1.tgz. Extracting by manifest.
124 silly tarball no local data for postgres-array@https://registry.npmjs.org/postgres-array/-/postgres-array-2.0.0.tgz. Extracting by manifest.
125 http cache pg-types@https://registry.npmjs.org/pg-types/-/pg-types-2.2.0.tgz 0ms (cache hit)
126 silly tarball no local data for pg-int8@https://registry.npmjs.org/pg-int8/-/pg-int8-1.0.1.tgz. Extracting by manifest.
127 silly tarball no local data for pg-pool@https://registry.npmjs.org/pg-pool/-/pg-pool-3.12.0.tgz. Extracting by manifest.
128 silly tarball no local data for pgpass@https://registry.npmjs.org/pgpass/-/pgpass-1.0.5.tgz. Extracting by manifest.
129 silly tarball no local data for pg-connection-string@https://registry.npmjs.org/pg-connection-string/-/pg-connection-string-2.11.0.tgz. Extracting by manifest.
130 http cache pg-protocol@https://registry.npmjs.org/pg-protocol/-/pg-protocol-1.12.0.tgz 0ms (cache hit)
131 http cache pg@https://registry.npmjs.org/pg/-/pg-8.19.0.tgz 0ms (cache hit)
132 silly tarball no local data for pg-cloudflare@https://registry.npmjs.org/pg-cloudflare/-/pg-cloudflare-1.3.0.tgz. Extracting by manifest.
133 silly tarball no local data for @types/pg@https://registry.npmjs.org/@types/pg/-/pg-8.18.0.tgz. Extracting by manifest.
134 silly tarball no local data for pg-types@https://registry.npmjs.org/pg-types/-/pg-types-2.2.0.tgz. Extracting by manifest.
135 silly tarball no local data for pg-protocol@https://registry.npmjs.org/pg-protocol/-/pg-protocol-1.12.0.tgz. Extracting by manifest.
136 silly tarball no local data for pg@https://registry.npmjs.org/pg/-/pg-8.19.0.tgz. Extracting by manifest.
137 http fetch POST 200 https://registry.npmjs.org/-/npm/v1/security/advisories/bulk 366ms
138 silly audit report {}
139 http fetch GET 200 https://registry.npmjs.org/xtend/-/xtend-4.0.2.tgz 380ms (cache miss)
140 http fetch GET 200 https://registry.npmjs.org/postgres-bytea/-/postgres-bytea-1.0.1.tgz 378ms (cache miss)
141 http fetch GET 200 https://registry.npmjs.org/postgres-date/-/postgres-date-1.0.7.tgz 381ms (cache miss)
142 http fetch GET 200 https://registry.npmjs.org/pg-int8/-/pg-int8-1.0.1.tgz 381ms (cache miss)
143 http fetch GET 200 https://registry.npmjs.org/postgres-interval/-/postgres-interval-1.2.0.tgz 387ms (cache miss)
144 http fetch GET 200 https://registry.npmjs.org/split2/-/split2-4.2.0.tgz 390ms (cache miss)
145 http fetch GET 200 https://registry.npmjs.org/postgres-array/-/postgres-array-2.0.0.tgz 386ms (cache miss)
146 http fetch GET 200 https://registry.npmjs.org/pg/-/pg-8.19.0.tgz 746ms (cache miss)
147 http fetch GET 200 https://registry.npmjs.org/pgpass/-/pgpass-1.0.5.tgz 1431ms (cache miss)
148 http fetch GET 200 https://registry.npmjs.org/pg-pool/-/pg-pool-3.12.0.tgz 1504ms (cache miss)
149 http fetch GET 200 https://registry.npmjs.org/@types/pg/-/pg-8.18.0.tgz 2501ms (cache miss)
150 http fetch GET 200 https://registry.npmjs.org/pg-types/-/pg-types-2.2.0.tgz 2620ms (cache miss)
151 http fetch GET 200 https://registry.npmjs.org/pg-protocol/-/pg-protocol-1.12.0.tgz 3839ms (cache miss)
152 http fetch GET https://registry.npmjs.org/pg-cloudflare/-/pg-cloudflare-1.3.0.tgz attempt 1 failed with ETIMEDOUT
153 http fetch GET https://registry.npmjs.org/pg-connection-string/-/pg-connection-string-2.11.0.tgz attempt 1 failed with ETIMEDOUT
154 http fetch GET 200 https://registry.npmjs.org/pg-cloudflare/-/pg-cloudflare-1.3.0.tgz 31370ms attempt #2 (cache miss)
155 http fetch GET 200 https://registry.npmjs.org/pg-connection-string/-/pg-connection-string-2.11.0.tgz 31408ms attempt #2 (cache miss)
156 silly ADD node_modules/xtend
157 silly ADD node_modules/split2
158 silly ADD node_modules/postgres-interval
159 silly ADD node_modules/postgres-date
160 silly ADD node_modules/postgres-bytea
161 silly ADD node_modules/postgres-array
162 silly ADD node_modules/pg-int8
163 silly ADD node_modules/pgpass
164 silly ADD node_modules/pg-pool
165 silly ADD node_modules/pg-connection-string
166 silly ADD node_modules/pg-cloudflare
167 silly ADD node_modules/pg-types
168 silly ADD node_modules/pg-protocol
169 silly ADD node_modules/pg
170 silly ADD node_modules/@types/pg
171 verbose cwd D:\codex_code\socialvibe
172 verbose os Windows_NT 10.0.26200
173 verbose node v24.10.0
174 verbose npm  v11.6.1
175 verbose exit 0
176 info ok
