0 verbose cli D:\Program Files\nodejs\node.exe D:\Program Files\nodejs\node_modules\npm\bin\npm-cli.js
1 info using npm@11.6.1
2 info using node@v24.10.0
3 silly config load:file:D:\Program Files\nodejs\node_modules\npm\npmrc
4 silly config load:file:D:\codex_code\socialvibe\frontend\.npmrc
5 silly config load:file:C:\Users\lenovo\.npmrc
6 silly config load:file:D:\codex_code\socialvibe\frontend\etc\npmrc
7 verbose title npm install
8 verbose argv "--prefix" "frontend" "install" "--cache" ".npm-cache"
9 verbose logfile logs-max:10 dir:D:\codex_code\socialvibe\.npm-cache\_logs\2026-03-04T11_09_38_375Z-
10 verbose logfile D:\codex_code\socialvibe\.npm-cache\_logs\2026-03-04T11_09_38_375Z-debug-0.log
11 silly logfile done cleaning log files
12 silly packumentCache heap:4496293888 maxSize:1124073472 maxEntrySize:562036736
13 silly idealTree buildDeps
14 silly reify moves {}
15 silly audit bulk request {
15 silly audit   '@adobe/css-tools': [ '4.4.4' ],
15 silly audit   '@asamuzakjp/css-color': [ '3.2.0' ],
15 silly audit   'lru-cache': [ '10.4.3', '5.1.1' ],
15 silly audit   '@babel/code-frame': [ '7.29.0' ],
15 silly audit   '@babel/compat-data': [ '7.29.0' ],
15 silly audit   '@babel/core': [ '7.29.0' ],
15 silly audit   '@babel/generator': [ '7.29.1' ],
15 silly audit   '@babel/helper-compilation-targets': [ '7.28.6' ],
15 silly audit   '@babel/helper-globals': [ '7.28.0' ],
15 silly audit   '@babel/helper-module-imports': [ '7.28.6' ],
15 silly audit   '@babel/helper-module-transforms': [ '7.28.6' ],
15 silly audit   '@babel/helper-plugin-utils': [ '7.28.6' ],
15 silly audit   '@babel/helper-string-parser': [ '7.27.1' ],
15 silly audit   '@babel/helper-validator-identifier': [ '7.28.5' ],
15 silly audit   '@babel/helper-validator-option': [ '7.27.1' ],
15 silly audit   '@babel/helpers': [ '7.28.6' ],
15 silly audit   '@babel/parser': [ '7.29.0' ],
15 silly audit   '@babel/plugin-transform-react-jsx-self': [ '7.27.1' ],
15 silly audit   '@babel/plugin-transform-react-jsx-source': [ '7.27.1' ],
15 silly audit   '@babel/runtime': [ '7.28.6' ],
15 silly audit   '@babel/template': [ '7.28.6' ],
15 silly audit   '@babel/traverse': [ '7.29.0' ],
15 silly audit   '@babel/types': [ '7.29.0' ],
15 silly audit   '@csstools/color-helpers': [ '5.1.0' ],
15 silly audit   '@csstools/css-calc': [ '2.1.4' ],
15 silly audit   '@csstools/css-color-parser': [ '3.1.0' ],
15 silly audit   '@csstools/css-parser-algorithms': [ '3.0.5' ],
15 silly audit   '@csstools/css-tokenizer': [ '3.0.4' ],
15 silly audit   '@esbuild/aix-ppc64': [ '0.25.12' ],
15 silly audit   '@esbuild/android-arm': [ '0.25.12' ],
15 silly audit   '@esbuild/android-arm64': [ '0.25.12' ],
15 silly audit   '@esbuild/android-x64': [ '0.25.12' ],
15 silly audit   '@esbuild/darwin-arm64': [ '0.25.12' ],
15 silly audit   '@esbuild/darwin-x64': [ '0.25.12' ],
15 silly audit   '@esbuild/freebsd-arm64': [ '0.25.12' ],
15 silly audit   '@esbuild/freebsd-x64': [ '0.25.12' ],
15 silly audit   '@esbuild/linux-arm': [ '0.25.12' ],
15 silly audit   '@esbuild/linux-arm64': [ '0.25.12' ],
15 silly audit   '@esbuild/linux-ia32': [ '0.25.12' ],
15 silly audit   '@esbuild/linux-loong64': [ '0.25.12' ],
15 silly audit   '@esbuild/linux-mips64el': [ '0.25.12' ],
15 silly audit   '@esbuild/linux-ppc64': [ '0.25.12' ],
15 silly audit   '@esbuild/linux-riscv64': [ '0.25.12' ],
15 silly audit   '@esbuild/linux-s390x': [ '0.25.12' ],
15 silly audit   '@esbuild/linux-x64': [ '0.25.12' ],
15 silly audit   '@esbuild/netbsd-arm64': [ '0.25.12' ],
15 silly audit   '@esbuild/netbsd-x64': [ '0.25.12' ],
15 silly audit   '@esbuild/openbsd-arm64': [ '0.25.12' ],
15 silly audit   '@esbuild/openbsd-x64': [ '0.25.12' ],
15 silly audit   '@esbuild/openharmony-arm64': [ '0.25.12' ],
15 silly audit   '@esbuild/sunos-x64': [ '0.25.12' ],
15 silly audit   '@esbuild/win32-arm64': [ '0.25.12' ],
15 silly audit   '@esbuild/win32-ia32': [ '0.25.12' ],
15 silly audit   '@esbuild/win32-x64': [ '0.25.12' ],
15 silly audit   '@jridgewell/gen-mapping': [ '0.3.13' ],
15 silly audit   '@jridgewell/remapping': [ '2.3.5' ],
15 silly audit   '@jridgewell/resolve-uri': [ '3.1.2' ],
15 silly audit   '@jridgewell/sourcemap-codec': [ '1.5.5' ],
15 silly audit   '@jridgewell/trace-mapping': [ '0.3.31' ],
15 silly audit   '@rolldown/pluginutils': [ '1.0.0-rc.3' ],
15 silly audit   '@rollup/rollup-android-arm-eabi': [ '4.59.0' ],
15 silly audit   '@rollup/rollup-android-arm64': [ '4.59.0' ],
15 silly audit   '@rollup/rollup-darwin-arm64': [ '4.59.0' ],
15 silly audit   '@rollup/rollup-darwin-x64': [ '4.59.0' ],
15 silly audit   '@rollup/rollup-freebsd-arm64': [ '4.59.0' ],
15 silly audit   '@rollup/rollup-freebsd-x64': [ '4.59.0' ],
15 silly audit   '@rollup/rollup-linux-arm-gnueabihf': [ '4.59.0' ],
15 silly audit   '@rollup/rollup-linux-arm-musleabihf': [ '4.59.0' ],
15 silly audit   '@rollup/rollup-linux-arm64-gnu': [ '4.59.0' ],
15 silly audit   '@rollup/rollup-linux-arm64-musl': [ '4.59.0' ],
15 silly audit   '@rollup/rollup-linux-loong64-gnu': [ '4.59.0' ],
15 silly audit   '@rollup/rollup-linux-loong64-musl': [ '4.59.0' ],
15 silly audit   '@rollup/rollup-linux-ppc64-gnu': [ '4.59.0' ],
15 silly audit   '@rollup/rollup-linux-ppc64-musl': [ '4.59.0' ],
15 silly audit   '@rollup/rollup-linux-riscv64-gnu': [ '4.59.0' ],
15 silly audit   '@rollup/rollup-linux-riscv64-musl': [ '4.59.0' ],
15 silly audit   '@rollup/rollup-linux-s390x-gnu': [ '4.59.0' ],
15 silly audit   '@rollup/rollup-linux-x64-gnu': [ '4.59.0' ],
15 silly audit   '@rollup/rollup-linux-x64-musl': [ '4.59.0' ],
15 silly audit   '@rollup/rollup-openbsd-x64': [ '4.59.0' ],
15 silly audit   '@rollup/rollup-openharmony-arm64': [ '4.59.0' ],
15 silly audit   '@rollup/rollup-win32-arm64-msvc': [ '4.59.0' ],
15 silly audit   '@rollup/rollup-win32-ia32-msvc': [ '4.59.0' ],
15 silly audit   '@rollup/rollup-win32-x64-gnu': [ '4.59.0' ],
15 silly audit   '@rollup/rollup-win32-x64-msvc': [ '4.59.0' ],
15 silly audit   '@testing-library/dom': [ '10.4.1' ],
15 silly audit   '@testing-library/jest-dom': [ '6.9.1' ],
15 silly audit   'dom-accessibility-api': [ '0.6.3', '0.5.16' ],
15 silly audit   '@testing-library/react': [ '16.3.2' ],
15 silly audit   '@types/aria-query': [ '5.0.4' ],
15 silly audit   '@types/babel__core': [ '7.20.5' ],
15 silly audit   '@types/babel__generator': [ '7.27.0' ],
15 silly audit   '@types/babel__template': [ '7.4.4' ],
15 silly audit   '@types/babel__traverse': [ '7.28.0' ],
15 silly audit   '@types/chai': [ '5.2.3' ],
15 silly audit   '@types/deep-eql': [ '4.0.2' ],
15 silly audit   '@types/estree': [ '1.0.8' ],
15 silly audit   '@types/node': [ '22.19.13' ],
15 silly audit   '@vitejs/plugin-react': [ '5.1.4' ],
15 silly audit   '@vitest/expect': [ '3.2.4' ],
15 silly audit   '@vitest/mocker': [ '3.2.4' ],
15 silly audit   '@vitest/pretty-format': [ '3.2.4' ],
15 silly audit   '@vitest/runner': [ '3.2.4' ],
15 silly audit   '@vitest/snapshot': [ '3.2.4' ],
15 silly audit   '@vitest/spy': [ '3.2.4' ],
15 silly audit   '@vitest/utils': [ '3.2.4' ],
15 silly audit   'agent-base': [ '7.1.4' ],
15 silly audit   'ansi-regex': [ '5.0.1' ],
15 silly audit   'ansi-styles': [ '5.2.0' ],
15 silly audit   'aria-query': [ '5.3.0' ],
15 silly audit   'assertion-error': [ '2.0.1' ],
15 silly audit   'baseline-browser-mapping': [ '2.10.0' ],
15 silly audit   browserslist: [ '4.28.1' ],
15 silly audit   cac: [ '6.7.14' ],
15 silly audit   'caniuse-lite': [ '1.0.30001776' ],
15 silly audit   chai: [ '5.3.3' ],
15 silly audit   'check-error': [ '2.1.3' ],
15 silly audit   'convert-source-map': [ '2.0.0' ],
15 silly audit   cookie: [ '1.1.1' ],
15 silly audit   'css.escape': [ '1.5.1' ],
15 silly audit   cssstyle: [ '4.6.0' ],
15 silly audit   'data-urls': [ '5.0.0' ],
15 silly audit   debug: [ '4.4.3' ],
15 silly audit   'decimal.js': [ '10.6.0' ],
15 silly audit   'deep-eql': [ '5.0.2' ],
15 silly audit   dequal: [ '2.0.3' ],
15 silly audit   'electron-to-chromium': [ '1.5.307' ],
15 silly audit   entities: [ '6.0.1' ],
15 silly audit   'es-module-lexer': [ '1.7.0' ],
15 silly audit   esbuild: [ '0.25.12' ],
15 silly audit   escalade: [ '3.2.0' ],
15 silly audit   'estree-walker': [ '3.0.3' ],
15 silly audit   'expect-type': [ '1.3.0' ],
15 silly audit   fdir: [ '6.5.0' ],
15 silly audit   fsevents: [ '2.3.3' ],
15 silly audit   gensync: [ '1.0.0-beta.2' ],
15 silly audit   'html-encoding-sniffer': [ '4.0.0' ],
15 silly audit   'http-proxy-agent': [ '7.0.2' ],
15 silly audit   'https-proxy-agent': [ '7.0.6' ],
15 silly audit   'iconv-lite': [ '0.6.3' ],
15 silly audit   'indent-string': [ '4.0.0' ],
15 silly audit   'is-potential-custom-element-name': [ '1.0.1' ],
15 silly audit   'js-tokens': [ '4.0.0', '9.0.1' ],
15 silly audit   jsdom: [ '26.1.0' ],
15 silly audit   jsesc: [ '3.1.0' ],
15 silly audit   json5: [ '2.2.3' ],
15 silly audit   loupe: [ '3.2.1' ],
15 silly audit   'lucide-react': [ '0.574.0' ],
15 silly audit   'lz-string': [ '1.5.0' ],
15 silly audit   'magic-string': [ '0.30.21' ],
15 silly audit   'min-indent': [ '1.0.1' ],
15 silly audit   ms: [ '2.1.3' ],
15 silly audit   nanoid: [ '3.3.11' ],
15 silly audit   'node-releases': [ '2.0.36' ],
15 silly audit   nwsapi: [ '2.2.23' ],
15 silly audit   parse5: [ '7.3.0' ],
15 silly audit   pathe: [ '2.0.3' ],
15 silly audit   pathval: [ '2.0.1' ],
15 silly audit   picocolors: [ '1.1.1' ],
15 silly audit   picomatch: [ '4.0.3' ],
15 silly audit   postcss: [ '8.5.8' ],
15 silly audit   'pretty-format': [ '27.5.1' ],
15 silly audit   punycode: [ '2.3.1' ],
15 silly audit   react: [ '19.2.4' ],
15 silly audit   'react-dom': [ '19.2.4' ],
15 silly audit   'react-is': [ '17.0.2' ],
15 silly audit   'react-refresh': [ '0.18.0' ],
15 silly audit   'react-router': [ '7.13.1' ],
15 silly audit   'react-router-dom': [ '7.13.1' ],
15 silly audit   redent: [ '3.0.0' ],
15 silly audit   rollup: [ '4.59.0' ],
15 silly audit   'rrweb-cssom': [ '0.8.0' ],
15 silly audit   'safer-buffer': [ '2.1.2' ],
15 silly audit   saxes: [ '6.0.0' ],
15 silly audit   scheduler: [ '0.27.0' ],
15 silly audit   semver: [ '6.3.1' ],
15 silly audit   'set-cookie-parser': [ '2.7.2' ],
15 silly audit   siginfo: [ '2.0.0' ],
15 silly audit   'source-map-js': [ '1.2.1' ],
15 silly audit   stackback: [ '0.0.2' ],
15 silly audit   'std-env': [ '3.10.0' ],
15 silly audit   'strip-indent': [ '3.0.0' ],
15 silly audit   'strip-literal': [ '3.1.0' ],
15 silly audit   'symbol-tree': [ '3.2.4' ],
15 silly audit   tinybench: [ '2.9.0' ],
15 silly audit   tinyexec: [ '0.3.2' ],
15 silly audit   tinyglobby: [ '0.2.15' ],
15 silly audit   tinypool: [ '1.1.1' ],
15 silly audit   tinyrainbow: [ '2.0.0' ],
15 silly audit   tinyspy: [ '4.0.4' ],
15 silly audit   tldts: [ '6.1.86' ],
15 silly audit   'tldts-core': [ '6.1.86' ],
15 silly audit   'tough-cookie': [ '5.1.2' ],
15 silly audit   tr46: [ '5.1.1' ],
15 silly audit   typescript: [ '5.8.3' ],
15 silly audit   'undici-types': [ '6.21.0' ],
15 silly audit   'update-browserslist-db': [ '1.2.3' ],
15 silly audit   vite: [ '6.4.1' ],
15 silly audit   'vite-node': [ '3.2.4' ],
15 silly audit   vitest: [ '3.2.4' ],
15 silly audit   'w3c-xmlserializer': [ '5.0.0' ],
15 silly audit   'webidl-conversions': [ '7.0.0' ],
15 silly audit   'whatwg-encoding': [ '3.1.1' ],
15 silly audit   'whatwg-mimetype': [ '4.0.0' ],
15 silly audit   'whatwg-url': [ '14.2.0' ],
15 silly audit   'why-is-node-running': [ '2.3.0' ],
15 silly audit   ws: [ '8.19.0' ],
15 silly audit   'xml-name-validator': [ '5.0.0' ],
15 silly audit   xmlchars: [ '2.2.0' ],
15 silly audit   yallist: [ '3.1.1' ]
15 silly audit }
16 verbose reify failed optional dependency D:\codex_code\socialvibe\frontend\node_modules\fsevents
17 silly reify mark deleted [ 'D:\\codex_code\\socialvibe\\frontend\\node_modules\\fsevents' ]
18 verbose reify failed optional dependency D:\codex_code\socialvibe\frontend\node_modules\@rollup\rollup-win32-ia32-msvc
19 silly reify mark deleted [
19 silly reify   'D:\\codex_code\\socialvibe\\frontend\\node_modules\\@rollup\\rollup-win32-ia32-msvc'
19 silly reify ]
20 verbose reify failed optional dependency D:\codex_code\socialvibe\frontend\node_modules\@rollup\rollup-win32-arm64-msvc
21 silly reify mark deleted [
21 silly reify   'D:\\codex_code\\socialvibe\\frontend\\node_modules\\@rollup\\rollup-win32-arm64-msvc'
21 silly reify ]
22 verbose reify failed optional dependency D:\codex_code\socialvibe\frontend\node_modules\@rollup\rollup-openharmony-arm64
23 silly reify mark deleted [
23 silly reify   'D:\\codex_code\\socialvibe\\frontend\\node_modules\\@rollup\\rollup-openharmony-arm64'
23 silly reify ]
24 verbose reify failed optional dependency D:\codex_code\socialvibe\frontend\node_modules\@rollup\rollup-openbsd-x64
25 silly reify mark deleted [
25 silly reify   'D:\\codex_code\\socialvibe\\frontend\\node_modules\\@rollup\\rollup-openbsd-x64'
25 silly reify ]
26 verbose reify failed optional dependency D:\codex_code\socialvibe\frontend\node_modules\@rollup\rollup-linux-x64-musl
27 silly reify mark deleted [
27 silly reify   'D:\\codex_code\\socialvibe\\frontend\\node_modules\\@rollup\\rollup-linux-x64-musl'
27 silly reify ]
28 verbose reify failed optional dependency D:\codex_code\socialvibe\frontend\node_modules\@rollup\rollup-linux-x64-gnu
29 silly reify mark deleted [
29 silly reify   'D:\\codex_code\\socialvibe\\frontend\\node_modules\\@rollup\\rollup-linux-x64-gnu'
29 silly reify ]
30 verbose reify failed optional dependency D:\codex_code\socialvibe\frontend\node_modules\@rollup\rollup-linux-s390x-gnu
31 silly reify mark deleted [
31 silly reify   'D:\\codex_code\\socialvibe\\frontend\\node_modules\\@rollup\\rollup-linux-s390x-gnu'
31 silly reify ]
32 verbose reify failed optional dependency D:\codex_code\socialvibe\frontend\node_modules\@rollup\rollup-linux-riscv64-musl
33 silly reify mark deleted [
33 silly reify   'D:\\codex_code\\socialvibe\\frontend\\node_modules\\@rollup\\rollup-linux-riscv64-musl'
33 silly reify ]
34 verbose reify failed optional dependency D:\codex_code\socialvibe\frontend\node_modules\@rollup\rollup-linux-riscv64-gnu
35 silly reify mark deleted [
35 silly reify   'D:\\codex_code\\socialvibe\\frontend\\node_modules\\@rollup\\rollup-linux-riscv64-gnu'
35 silly reify ]
36 verbose reify failed optional dependency D:\codex_code\socialvibe\frontend\node_modules\@rollup\rollup-linux-ppc64-musl
37 silly reify mark deleted [
37 silly reify   'D:\\codex_code\\socialvibe\\frontend\\node_modules\\@rollup\\rollup-linux-ppc64-musl'
37 silly reify ]
38 verbose reify failed optional dependency D:\codex_code\socialvibe\frontend\node_modules\@rollup\rollup-linux-ppc64-gnu
39 silly reify mark deleted [
39 silly reify   'D:\\codex_code\\socialvibe\\frontend\\node_modules\\@rollup\\rollup-linux-ppc64-gnu'
39 silly reify ]
40 verbose reify failed optional dependency D:\codex_code\socialvibe\frontend\node_modules\@rollup\rollup-linux-loong64-musl
41 silly reify mark deleted [
41 silly reify   'D:\\codex_code\\socialvibe\\frontend\\node_modules\\@rollup\\rollup-linux-loong64-musl'
41 silly reify ]
42 verbose reify failed optional dependency D:\codex_code\socialvibe\frontend\node_modules\@rollup\rollup-linux-loong64-gnu
43 silly reify mark deleted [
43 silly reify   'D:\\codex_code\\socialvibe\\frontend\\node_modules\\@rollup\\rollup-linux-loong64-gnu'
43 silly reify ]
44 verbose reify failed optional dependency D:\codex_code\socialvibe\frontend\node_modules\@rollup\rollup-linux-arm64-musl
45 silly reify mark deleted [
45 silly reify   'D:\\codex_code\\socialvibe\\frontend\\node_modules\\@rollup\\rollup-linux-arm64-musl'
45 silly reify ]
46 verbose reify failed optional dependency D:\codex_code\socialvibe\frontend\node_modules\@rollup\rollup-linux-arm64-gnu
47 silly reify mark deleted [
47 silly reify   'D:\\codex_code\\socialvibe\\frontend\\node_modules\\@rollup\\rollup-linux-arm64-gnu'
47 silly reify ]
48 verbose reify failed optional dependency D:\codex_code\socialvibe\frontend\node_modules\@rollup\rollup-linux-arm-musleabihf
49 silly reify mark deleted [
49 silly reify   'D:\\codex_code\\socialvibe\\frontend\\node_modules\\@rollup\\rollup-linux-arm-musleabihf'
49 silly reify ]
50 verbose reify failed optional dependency D:\codex_code\socialvibe\frontend\node_modules\@rollup\rollup-linux-arm-gnueabihf
51 silly reify mark deleted [
51 silly reify   'D:\\codex_code\\socialvibe\\frontend\\node_modules\\@rollup\\rollup-linux-arm-gnueabihf'
51 silly reify ]
52 verbose reify failed optional dependency D:\codex_code\socialvibe\frontend\node_modules\@rollup\rollup-freebsd-x64
53 silly reify mark deleted [
53 silly reify   'D:\\codex_code\\socialvibe\\frontend\\node_modules\\@rollup\\rollup-freebsd-x64'
53 silly reify ]
54 verbose reify failed optional dependency D:\codex_code\socialvibe\frontend\node_modules\@rollup\rollup-freebsd-arm64
55 silly reify mark deleted [
55 silly reify   'D:\\codex_code\\socialvibe\\frontend\\node_modules\\@rollup\\rollup-freebsd-arm64'
55 silly reify ]
56 verbose reify failed optional dependency D:\codex_code\socialvibe\frontend\node_modules\@rollup\rollup-darwin-x64
57 silly reify mark deleted [
57 silly reify   'D:\\codex_code\\socialvibe\\frontend\\node_modules\\@rollup\\rollup-darwin-x64'
57 silly reify ]
58 verbose reify failed optional dependency D:\codex_code\socialvibe\frontend\node_modules\@rollup\rollup-darwin-arm64
59 silly reify mark deleted [
59 silly reify   'D:\\codex_code\\socialvibe\\frontend\\node_modules\\@rollup\\rollup-darwin-arm64'
59 silly reify ]
60 verbose reify failed optional dependency D:\codex_code\socialvibe\frontend\node_modules\@rollup\rollup-android-arm64
61 silly reify mark deleted [
61 silly reify   'D:\\codex_code\\socialvibe\\frontend\\node_modules\\@rollup\\rollup-android-arm64'
61 silly reify ]
62 verbose reify failed optional dependency D:\codex_code\socialvibe\frontend\node_modules\@rollup\rollup-android-arm-eabi
63 silly reify mark deleted [
63 silly reify   'D:\\codex_code\\socialvibe\\frontend\\node_modules\\@rollup\\rollup-android-arm-eabi'
63 silly reify ]
64 verbose reify failed optional dependency D:\codex_code\socialvibe\frontend\node_modules\@esbuild\win32-ia32
65 silly reify mark deleted [
65 silly reify   'D:\\codex_code\\socialvibe\\frontend\\node_modules\\@esbuild\\win32-ia32'
65 silly reify ]
66 verbose reify failed optional dependency D:\codex_code\socialvibe\frontend\node_modules\@esbuild\win32-arm64
67 silly reify mark deleted [
67 silly reify   'D:\\codex_code\\socialvibe\\frontend\\node_modules\\@esbuild\\win32-arm64'
67 silly reify ]
68 verbose reify failed optional dependency D:\codex_code\socialvibe\frontend\node_modules\@esbuild\sunos-x64
69 silly reify mark deleted [
69 silly reify   'D:\\codex_code\\socialvibe\\frontend\\node_modules\\@esbuild\\sunos-x64'
69 silly reify ]
70 verbose reify failed optional dependency D:\codex_code\socialvibe\frontend\node_modules\@esbuild\openharmony-arm64
71 silly reify mark deleted [
71 silly reify   'D:\\codex_code\\socialvibe\\frontend\\node_modules\\@esbuild\\openharmony-arm64'
71 silly reify ]
72 verbose reify failed optional dependency D:\codex_code\socialvibe\frontend\node_modules\@esbuild\openbsd-x64
73 silly reify mark deleted [
73 silly reify   'D:\\codex_code\\socialvibe\\frontend\\node_modules\\@esbuild\\openbsd-x64'
73 silly reify ]
74 verbose reify failed optional dependency D:\codex_code\socialvibe\frontend\node_modules\@esbuild\openbsd-arm64
75 silly reify mark deleted [
75 silly reify   'D:\\codex_code\\socialvibe\\frontend\\node_modules\\@esbuild\\openbsd-arm64'
75 silly reify ]
76 verbose reify failed optional dependency D:\codex_code\socialvibe\frontend\node_modules\@esbuild\netbsd-x64
77 silly reify mark deleted [
77 silly reify   'D:\\codex_code\\socialvibe\\frontend\\node_modules\\@esbuild\\netbsd-x64'
77 silly reify ]
78 verbose reify failed optional dependency D:\codex_code\socialvibe\frontend\node_modules\@esbuild\netbsd-arm64
79 silly reify mark deleted [
79 silly reify   'D:\\codex_code\\socialvibe\\frontend\\node_modules\\@esbuild\\netbsd-arm64'
79 silly reify ]
80 verbose reify failed optional dependency D:\codex_code\socialvibe\frontend\node_modules\@esbuild\linux-x64
81 silly reify mark deleted [
81 silly reify   'D:\\codex_code\\socialvibe\\frontend\\node_modules\\@esbuild\\linux-x64'
81 silly reify ]
82 verbose reify failed optional dependency D:\codex_code\socialvibe\frontend\node_modules\@esbuild\linux-s390x
83 silly reify mark deleted [
83 silly reify   'D:\\codex_code\\socialvibe\\frontend\\node_modules\\@esbuild\\linux-s390x'
83 silly reify ]
84 verbose reify failed optional dependency D:\codex_code\socialvibe\frontend\node_modules\@esbuild\linux-riscv64
85 silly reify mark deleted [
85 silly reify   'D:\\codex_code\\socialvibe\\frontend\\node_modules\\@esbuild\\linux-riscv64'
85 silly reify ]
86 verbose reify failed optional dependency D:\codex_code\socialvibe\frontend\node_modules\@esbuild\linux-ppc64
87 silly reify mark deleted [
87 silly reify   'D:\\codex_code\\socialvibe\\frontend\\node_modules\\@esbuild\\linux-ppc64'
87 silly reify ]
88 verbose reify failed optional dependency D:\codex_code\socialvibe\frontend\node_modules\@esbuild\linux-mips64el
89 silly reify mark deleted [
89 silly reify   'D:\\codex_code\\socialvibe\\frontend\\node_modules\\@esbuild\\linux-mips64el'
89 silly reify ]
90 verbose reify failed optional dependency D:\codex_code\socialvibe\frontend\node_modules\@esbuild\linux-loong64
91 silly reify mark deleted [
91 silly reify   'D:\\codex_code\\socialvibe\\frontend\\node_modules\\@esbuild\\linux-loong64'
91 silly reify ]
92 verbose reify failed optional dependency D:\codex_code\socialvibe\frontend\node_modules\@esbuild\linux-ia32
93 silly reify mark deleted [
93 silly reify   'D:\\codex_code\\socialvibe\\frontend\\node_modules\\@esbuild\\linux-ia32'
93 silly reify ]
94 verbose reify failed optional dependency D:\codex_code\socialvibe\frontend\node_modules\@esbuild\linux-arm64
95 silly reify mark deleted [
95 silly reify   'D:\\codex_code\\socialvibe\\frontend\\node_modules\\@esbuild\\linux-arm64'
95 silly reify ]
96 verbose reify failed optional dependency D:\codex_code\socialvibe\frontend\node_modules\@esbuild\linux-arm
97 silly reify mark deleted [
97 silly reify   'D:\\codex_code\\socialvibe\\frontend\\node_modules\\@esbuild\\linux-arm'
97 silly reify ]
98 verbose reify failed optional dependency D:\codex_code\socialvibe\frontend\node_modules\@esbuild\freebsd-x64
99 silly reify mark deleted [
99 silly reify   'D:\\codex_code\\socialvibe\\frontend\\node_modules\\@esbuild\\freebsd-x64'
99 silly reify ]
100 verbose reify failed optional dependency D:\codex_code\socialvibe\frontend\node_modules\@esbuild\freebsd-arm64
101 silly reify mark deleted [
101 silly reify   'D:\\codex_code\\socialvibe\\frontend\\node_modules\\@esbuild\\freebsd-arm64'
101 silly reify ]
102 verbose reify failed optional dependency D:\codex_code\socialvibe\frontend\node_modules\@esbuild\darwin-x64
103 silly reify mark deleted [
103 silly reify   'D:\\codex_code\\socialvibe\\frontend\\node_modules\\@esbuild\\darwin-x64'
103 silly reify ]
104 verbose reify failed optional dependency D:\codex_code\socialvibe\frontend\node_modules\@esbuild\darwin-arm64
105 silly reify mark deleted [
105 silly reify   'D:\\codex_code\\socialvibe\\frontend\\node_modules\\@esbuild\\darwin-arm64'
105 silly reify ]
106 verbose reify failed optional dependency D:\codex_code\socialvibe\frontend\node_modules\@esbuild\android-x64
107 silly reify mark deleted [
107 silly reify   'D:\\codex_code\\socialvibe\\frontend\\node_modules\\@esbuild\\android-x64'
107 silly reify ]
108 verbose reify failed optional dependency D:\codex_code\socialvibe\frontend\node_modules\@esbuild\android-arm64
109 silly reify mark deleted [
109 silly reify   'D:\\codex_code\\socialvibe\\frontend\\node_modules\\@esbuild\\android-arm64'
109 silly reify ]
110 verbose reify failed optional dependency D:\codex_code\socialvibe\frontend\node_modules\@esbuild\android-arm
111 silly reify mark deleted [
111 silly reify   'D:\\codex_code\\socialvibe\\frontend\\node_modules\\@esbuild\\android-arm'
111 silly reify ]
112 verbose reify failed optional dependency D:\codex_code\socialvibe\frontend\node_modules\@esbuild\aix-ppc64
113 silly reify mark deleted [
113 silly reify   'D:\\codex_code\\socialvibe\\frontend\\node_modules\\@esbuild\\aix-ppc64'
113 silly reify ]
114 http cache xmlchars@https://registry.npmjs.org/xmlchars/-/xmlchars-2.2.0.tgz 0ms (cache hit)
115 http cache yallist@https://registry.npmjs.org/yallist/-/yallist-3.1.1.tgz 0ms (cache hit)
116 http cache xml-name-validator@https://registry.npmjs.org/xml-name-validator/-/xml-name-validator-5.0.0.tgz 0ms (cache hit)
117 http cache ws@https://registry.npmjs.org/ws/-/ws-8.19.0.tgz 0ms (cache hit)
118 http cache why-is-node-running@https://registry.npmjs.org/why-is-node-running/-/why-is-node-running-2.3.0.tgz 0ms (cache hit)
119 http cache whatwg-url@https://registry.npmjs.org/whatwg-url/-/whatwg-url-14.2.0.tgz 0ms (cache hit)
120 http cache whatwg-mimetype@https://registry.npmjs.org/whatwg-mimetype/-/whatwg-mimetype-4.0.0.tgz 0ms (cache hit)
121 http cache webidl-conversions@https://registry.npmjs.org/webidl-conversions/-/webidl-conversions-7.0.0.tgz 0ms (cache hit)
122 http cache whatwg-encoding@https://registry.npmjs.org/whatwg-encoding/-/whatwg-encoding-3.1.1.tgz 0ms (cache hit)
123 http cache vitest@https://registry.npmjs.org/vitest/-/vitest-3.2.4.tgz 0ms (cache hit)
124 http cache vite@https://registry.npmjs.org/vite/-/vite-6.4.1.tgz 0ms (cache hit)
125 http cache vite-node@https://registry.npmjs.org/vite-node/-/vite-node-3.2.4.tgz 0ms (cache hit)
126 http cache update-browserslist-db@https://registry.npmjs.org/update-browserslist-db/-/update-browserslist-db-1.2.3.tgz 0ms (cache hit)
127 http cache w3c-xmlserializer@https://registry.npmjs.org/w3c-xmlserializer/-/w3c-xmlserializer-5.0.0.tgz 0ms (cache hit)
128 http cache undici-types@https://registry.npmjs.org/undici-types/-/undici-types-6.21.0.tgz 0ms (cache hit)
129 http cache typescript@https://registry.npmjs.org/typescript/-/typescript-5.8.3.tgz 0ms (cache hit)
130 http cache tldts-core@https://registry.npmjs.org/tldts-core/-/tldts-core-6.1.86.tgz 0ms (cache hit)
131 http cache tough-cookie@https://registry.npmjs.org/tough-cookie/-/tough-cookie-5.1.2.tgz 0ms (cache hit)
132 http cache tr46@https://registry.npmjs.org/tr46/-/tr46-5.1.1.tgz 0ms (cache hit)
133 http cache tldts@https://registry.npmjs.org/tldts/-/tldts-6.1.86.tgz 0ms (cache hit)
134 http cache tinyrainbow@https://registry.npmjs.org/tinyrainbow/-/tinyrainbow-2.0.0.tgz 0ms (cache hit)
135 http cache tinypool@https://registry.npmjs.org/tinypool/-/tinypool-1.1.1.tgz 0ms (cache hit)
136 http cache tinyspy@https://registry.npmjs.org/tinyspy/-/tinyspy-4.0.4.tgz 0ms (cache hit)
137 http cache tinyglobby@https://registry.npmjs.org/tinyglobby/-/tinyglobby-0.2.15.tgz 0ms (cache hit)
138 http cache tinybench@https://registry.npmjs.org/tinybench/-/tinybench-2.9.0.tgz 0ms (cache hit)
139 http cache symbol-tree@https://registry.npmjs.org/symbol-tree/-/symbol-tree-3.2.4.tgz 0ms (cache hit)
140 http cache tinyexec@https://registry.npmjs.org/tinyexec/-/tinyexec-0.3.2.tgz 0ms (cache hit)
141 http cache strip-literal@https://registry.npmjs.org/strip-literal/-/strip-literal-3.1.0.tgz 0ms (cache hit)
142 http cache stackback@https://registry.npmjs.org/stackback/-/stackback-0.0.2.tgz 0ms (cache hit)
143 http cache std-env@https://registry.npmjs.org/std-env/-/std-env-3.10.0.tgz 0ms (cache hit)
144 http cache strip-indent@https://registry.npmjs.org/strip-indent/-/strip-indent-3.0.0.tgz 0ms (cache hit)
145 http cache siginfo@https://registry.npmjs.org/siginfo/-/siginfo-2.0.0.tgz 0ms (cache hit)
146 http cache set-cookie-parser@https://registry.npmjs.org/set-cookie-parser/-/set-cookie-parser-2.7.2.tgz 0ms (cache hit)
147 http cache scheduler@https://registry.npmjs.org/scheduler/-/scheduler-0.27.0.tgz 0ms (cache hit)
148 http cache source-map-js@https://registry.npmjs.org/source-map-js/-/source-map-js-1.2.1.tgz 0ms (cache hit)
149 http cache semver@https://registry.npmjs.org/semver/-/semver-6.3.1.tgz 0ms (cache hit)
150 http cache saxes@https://registry.npmjs.org/saxes/-/saxes-6.0.0.tgz 0ms (cache hit)
151 http cache safer-buffer@https://registry.npmjs.org/safer-buffer/-/safer-buffer-2.1.2.tgz 0ms (cache hit)
152 http cache rollup@https://registry.npmjs.org/rollup/-/rollup-4.59.0.tgz 0ms (cache hit)
153 http cache redent@https://registry.npmjs.org/redent/-/redent-3.0.0.tgz 0ms (cache hit)
154 http cache react-router-dom@https://registry.npmjs.org/react-router-dom/-/react-router-dom-7.13.1.tgz 0ms (cache hit)
155 http cache react-is@https://registry.npmjs.org/react-is/-/react-is-17.0.2.tgz 0ms (cache hit)
156 http cache rrweb-cssom@https://registry.npmjs.org/rrweb-cssom/-/rrweb-cssom-0.8.0.tgz 0ms (cache hit)
157 http cache react-router@https://registry.npmjs.org/react-router/-/react-router-7.13.1.tgz 0ms (cache hit)
158 http cache react-refresh@https://registry.npmjs.org/react-refresh/-/react-refresh-0.18.0.tgz 0ms (cache hit)
159 http cache react-dom@https://registry.npmjs.org/react-dom/-/react-dom-19.2.4.tgz 0ms (cache hit)
160 http cache postcss@https://registry.npmjs.org/postcss/-/postcss-8.5.8.tgz 1ms (cache hit)
161 http cache pretty-format@https://registry.npmjs.org/pretty-format/-/pretty-format-27.5.1.tgz 0ms (cache hit)
162 http cache picomatch@https://registry.npmjs.org/picomatch/-/picomatch-4.0.3.tgz 0ms (cache hit)
163 http cache react@https://registry.npmjs.org/react/-/react-19.2.4.tgz 0ms (cache hit)
164 http cache punycode@https://registry.npmjs.org/punycode/-/punycode-2.3.1.tgz 0ms (cache hit)
165 http cache picocolors@https://registry.npmjs.org/picocolors/-/picocolors-1.1.1.tgz 0ms (cache hit)
166 http cache pathe@https://registry.npmjs.org/pathe/-/pathe-2.0.3.tgz 0ms (cache hit)
167 http cache nwsapi@https://registry.npmjs.org/nwsapi/-/nwsapi-2.2.23.tgz 0ms (cache hit)
168 http cache parse5@https://registry.npmjs.org/parse5/-/parse5-7.3.0.tgz 0ms (cache hit)
169 http cache node-releases@https://registry.npmjs.org/node-releases/-/node-releases-2.0.36.tgz 0ms (cache hit)
170 http cache pathval@https://registry.npmjs.org/pathval/-/pathval-2.0.1.tgz 0ms (cache hit)
171 http cache ms@https://registry.npmjs.org/ms/-/ms-2.1.3.tgz 0ms (cache hit)
172 http cache lz-string@https://registry.npmjs.org/lz-string/-/lz-string-1.5.0.tgz 0ms (cache hit)
173 http cache nanoid@https://registry.npmjs.org/nanoid/-/nanoid-3.3.11.tgz 0ms (cache hit)
174 http cache min-indent@https://registry.npmjs.org/min-indent/-/min-indent-1.0.1.tgz 0ms (cache hit)
175 http cache lru-cache@https://registry.npmjs.org/lru-cache/-/lru-cache-5.1.1.tgz 0ms (cache hit)
176 http cache magic-string@https://registry.npmjs.org/magic-string/-/magic-string-0.30.21.tgz 0ms (cache hit)
177 http cache loupe@https://registry.npmjs.org/loupe/-/loupe-3.2.1.tgz 0ms (cache hit)
178 http cache json5@https://registry.npmjs.org/json5/-/json5-2.2.3.tgz 0ms (cache hit)
179 http cache lucide-react@https://registry.npmjs.org/lucide-react/-/lucide-react-0.574.0.tgz 0ms (cache hit)
180 http cache jsesc@https://registry.npmjs.org/jsesc/-/jsesc-3.1.0.tgz 0ms (cache hit)
181 http cache is-potential-custom-element-name@https://registry.npmjs.org/is-potential-custom-element-name/-/is-potential-custom-element-name-1.0.1.tgz 0ms (cache hit)
182 http cache jsdom@https://registry.npmjs.org/jsdom/-/jsdom-26.1.0.tgz 0ms (cache hit)
183 http cache iconv-lite@https://registry.npmjs.org/iconv-lite/-/iconv-lite-0.6.3.tgz 0ms (cache hit)
184 http cache js-tokens@https://registry.npmjs.org/js-tokens/-/js-tokens-4.0.0.tgz 0ms (cache hit)
185 http cache http-proxy-agent@https://registry.npmjs.org/http-proxy-agent/-/http-proxy-agent-7.0.2.tgz 0ms (cache hit)
186 http cache indent-string@https://registry.npmjs.org/indent-string/-/indent-string-4.0.0.tgz 0ms (cache hit)
187 http cache https-proxy-agent@https://registry.npmjs.org/https-proxy-agent/-/https-proxy-agent-7.0.6.tgz 0ms (cache hit)
188 http cache gensync@https://registry.npmjs.org/gensync/-/gensync-1.0.0-beta.2.tgz 0ms (cache hit)
189 http cache html-encoding-sniffer@https://registry.npmjs.org/html-encoding-sniffer/-/html-encoding-sniffer-4.0.0.tgz 0ms (cache hit)
190 http cache estree-walker@https://registry.npmjs.org/estree-walker/-/estree-walker-3.0.3.tgz 0ms (cache hit)
191 http cache escalade@https://registry.npmjs.org/escalade/-/escalade-3.2.0.tgz 0ms (cache hit)
192 http cache expect-type@https://registry.npmjs.org/expect-type/-/expect-type-1.3.0.tgz 0ms (cache hit)
193 http cache es-module-lexer@https://registry.npmjs.org/es-module-lexer/-/es-module-lexer-1.7.0.tgz 0ms (cache hit)
194 http cache electron-to-chromium@https://registry.npmjs.org/electron-to-chromium/-/electron-to-chromium-1.5.307.tgz 0ms (cache hit)
195 http cache dom-accessibility-api@https://registry.npmjs.org/dom-accessibility-api/-/dom-accessibility-api-0.5.16.tgz 0ms (cache hit)
196 http cache fdir@https://registry.npmjs.org/fdir/-/fdir-6.5.0.tgz 0ms (cache hit)
197 http cache entities@https://registry.npmjs.org/entities/-/entities-6.0.1.tgz 0ms (cache hit)
198 http cache esbuild@https://registry.npmjs.org/esbuild/-/esbuild-0.25.12.tgz 0ms (cache hit)
199 http cache deep-eql@https://registry.npmjs.org/deep-eql/-/deep-eql-5.0.2.tgz 1ms (cache hit)
200 http cache decimal.js@https://registry.npmjs.org/decimal.js/-/decimal.js-10.6.0.tgz 0ms (cache hit)
201 http cache data-urls@https://registry.npmjs.org/data-urls/-/data-urls-5.0.0.tgz 0ms (cache hit)
202 http cache cssstyle@https://registry.npmjs.org/cssstyle/-/cssstyle-4.6.0.tgz 0ms (cache hit)
203 http cache debug@https://registry.npmjs.org/debug/-/debug-4.4.3.tgz 0ms (cache hit)
204 http cache dequal@https://registry.npmjs.org/dequal/-/dequal-2.0.3.tgz 0ms (cache hit)
205 http cache cookie@https://registry.npmjs.org/cookie/-/cookie-1.1.1.tgz 0ms (cache hit)
206 http cache css.escape@https://registry.npmjs.org/css.escape/-/css.escape-1.5.1.tgz 0ms (cache hit)
207 http cache chai@https://registry.npmjs.org/chai/-/chai-5.3.3.tgz 0ms (cache hit)
208 http cache check-error@https://registry.npmjs.org/check-error/-/check-error-2.1.3.tgz 0ms (cache hit)
209 http cache caniuse-lite@https://registry.npmjs.org/caniuse-lite/-/caniuse-lite-1.0.30001776.tgz 0ms (cache hit)
210 http cache cac@https://registry.npmjs.org/cac/-/cac-6.7.14.tgz 0ms (cache hit)
211 http cache assertion-error@https://registry.npmjs.org/assertion-error/-/assertion-error-2.0.1.tgz 0ms (cache hit)
212 http cache browserslist@https://registry.npmjs.org/browserslist/-/browserslist-4.28.1.tgz 0ms (cache hit)
213 http cache baseline-browser-mapping@https://registry.npmjs.org/baseline-browser-mapping/-/baseline-browser-mapping-2.10.0.tgz 0ms (cache hit)
214 http cache aria-query@https://registry.npmjs.org/aria-query/-/aria-query-5.3.0.tgz 0ms (cache hit)
215 http cache ansi-regex@https://registry.npmjs.org/ansi-regex/-/ansi-regex-5.0.1.tgz 0ms (cache hit)
216 http cache ansi-styles@https://registry.npmjs.org/ansi-styles/-/ansi-styles-5.2.0.tgz 0ms (cache hit)
217 http cache agent-base@https://registry.npmjs.org/agent-base/-/agent-base-7.1.4.tgz 0ms (cache hit)
218 http cache @vitest/utils@https://registry.npmjs.org/@vitest/utils/-/utils-3.2.4.tgz 0ms (cache hit)
219 http cache convert-source-map@https://registry.npmjs.org/convert-source-map/-/convert-source-map-2.0.0.tgz 0ms (cache hit)
220 http cache @vitest/spy@https://registry.npmjs.org/@vitest/spy/-/spy-3.2.4.tgz 0ms (cache hit)
221 http cache @vitest/runner@https://registry.npmjs.org/@vitest/runner/-/runner-3.2.4.tgz 0ms (cache hit)
222 http cache @vitest/snapshot@https://registry.npmjs.org/@vitest/snapshot/-/snapshot-3.2.4.tgz 0ms (cache hit)
223 http cache @vitest/pretty-format@https://registry.npmjs.org/@vitest/pretty-format/-/pretty-format-3.2.4.tgz 0ms (cache hit)
224 http cache @vitejs/plugin-react@https://registry.npmjs.org/@vitejs/plugin-react/-/plugin-react-5.1.4.tgz 0ms (cache hit)
225 http cache @vitest/mocker@https://registry.npmjs.org/@vitest/mocker/-/mocker-3.2.4.tgz 0ms (cache hit)
226 http cache @types/node@https://registry.npmjs.org/@types/node/-/node-22.19.13.tgz 0ms (cache hit)
227 http cache @vitest/expect@https://registry.npmjs.org/@vitest/expect/-/expect-3.2.4.tgz 0ms (cache hit)
228 http cache @types/estree@https://registry.npmjs.org/@types/estree/-/estree-1.0.8.tgz 0ms (cache hit)
229 http cache @types/deep-eql@https://registry.npmjs.org/@types/deep-eql/-/deep-eql-4.0.2.tgz 0ms (cache hit)
230 http cache @types/chai@https://registry.npmjs.org/@types/chai/-/chai-5.2.3.tgz 0ms (cache hit)
231 http cache @types/babel__generator@https://registry.npmjs.org/@types/babel__generator/-/babel__generator-7.27.0.tgz 0ms (cache hit)
232 http cache @types/babel__core@https://registry.npmjs.org/@types/babel__core/-/babel__core-7.20.5.tgz 0ms (cache hit)
233 http cache @types/babel__traverse@https://registry.npmjs.org/@types/babel__traverse/-/babel__traverse-7.28.0.tgz 0ms (cache hit)
234 http cache @testing-library/react@https://registry.npmjs.org/@testing-library/react/-/react-16.3.2.tgz 0ms (cache hit)
235 http cache @testing-library/jest-dom@https://registry.npmjs.org/@testing-library/jest-dom/-/jest-dom-6.9.1.tgz 0ms (cache hit)
236 http cache @types/babel__template@https://registry.npmjs.org/@types/babel__template/-/babel__template-7.4.4.tgz 0ms (cache hit)
237 http cache @types/aria-query@https://registry.npmjs.org/@types/aria-query/-/aria-query-5.0.4.tgz 1ms (cache hit)
238 http cache @testing-library/dom@https://registry.npmjs.org/@testing-library/dom/-/dom-10.4.1.tgz 0ms (cache hit)
239 http cache @rollup/rollup-win32-x64-gnu@https://registry.npmjs.org/@rollup/rollup-win32-x64-gnu/-/rollup-win32-x64-gnu-4.59.0.tgz 0ms (cache hit)
240 http cache @rollup/rollup-win32-x64-msvc@https://registry.npmjs.org/@rollup/rollup-win32-x64-msvc/-/rollup-win32-x64-msvc-4.59.0.tgz 0ms (cache hit)
241 http cache @jridgewell/sourcemap-codec@https://registry.npmjs.org/@jridgewell/sourcemap-codec/-/sourcemap-codec-1.5.5.tgz 0ms (cache hit)
242 http cache @rolldown/pluginutils@https://registry.npmjs.org/@rolldown/pluginutils/-/pluginutils-1.0.0-rc.3.tgz 0ms (cache hit)
243 http cache @jridgewell/resolve-uri@https://registry.npmjs.org/@jridgewell/resolve-uri/-/resolve-uri-3.1.2.tgz 0ms (cache hit)
244 http cache @jridgewell/trace-mapping@https://registry.npmjs.org/@jridgewell/trace-mapping/-/trace-mapping-0.3.31.tgz 0ms (cache hit)
245 http cache @jridgewell/remapping@https://registry.npmjs.org/@jridgewell/remapping/-/remapping-2.3.5.tgz 0ms (cache hit)
246 http cache @esbuild/win32-x64@https://registry.npmjs.org/@esbuild/win32-x64/-/win32-x64-0.25.12.tgz 0ms (cache hit)
247 http cache @csstools/css-parser-algorithms@https://registry.npmjs.org/@csstools/css-parser-algorithms/-/css-parser-algorithms-3.0.5.tgz 0ms (cache hit)
248 http cache @csstools/css-tokenizer@https://registry.npmjs.org/@csstools/css-tokenizer/-/css-tokenizer-3.0.4.tgz 0ms (cache hit)
249 http cache @jridgewell/gen-mapping@https://registry.npmjs.org/@jridgewell/gen-mapping/-/gen-mapping-0.3.13.tgz 0ms (cache hit)
250 http cache @csstools/css-color-parser@https://registry.npmjs.org/@csstools/css-color-parser/-/css-color-parser-3.1.0.tgz 0ms (cache hit)
251 http cache @csstools/color-helpers@https://registry.npmjs.org/@csstools/color-helpers/-/color-helpers-5.1.0.tgz 0ms (cache hit)
252 http cache @babel/traverse@https://registry.npmjs.org/@babel/traverse/-/traverse-7.29.0.tgz 0ms (cache hit)
253 http cache @babel/template@https://registry.npmjs.org/@babel/template/-/template-7.28.6.tgz 0ms (cache hit)
254 http cache @csstools/css-calc@https://registry.npmjs.org/@csstools/css-calc/-/css-calc-2.1.4.tgz 0ms (cache hit)
255 http cache @babel/types@https://registry.npmjs.org/@babel/types/-/types-7.29.0.tgz 0ms (cache hit)
256 http cache @babel/plugin-transform-react-jsx-source@https://registry.npmjs.org/@babel/plugin-transform-react-jsx-source/-/plugin-transform-react-jsx-source-7.27.1.tgz 0ms (cache hit)
257 http cache @babel/runtime@https://registry.npmjs.org/@babel/runtime/-/runtime-7.28.6.tgz 0ms (cache hit)
258 http cache @babel/parser@https://registry.npmjs.org/@babel/parser/-/parser-7.29.0.tgz 0ms (cache hit)
259 http cache @babel/helpers@https://registry.npmjs.org/@babel/helpers/-/helpers-7.28.6.tgz 0ms (cache hit)
260 http cache @babel/plugin-transform-react-jsx-self@https://registry.npmjs.org/@babel/plugin-transform-react-jsx-self/-/plugin-transform-react-jsx-self-7.27.1.tgz 0ms (cache hit)
261 http cache @babel/helper-validator-option@https://registry.npmjs.org/@babel/helper-validator-option/-/helper-validator-option-7.27.1.tgz 0ms (cache hit)
262 http cache @babel/helper-validator-identifier@https://registry.npmjs.org/@babel/helper-validator-identifier/-/helper-validator-identifier-7.28.5.tgz 0ms (cache hit)
263 http cache @babel/helper-string-parser@https://registry.npmjs.org/@babel/helper-string-parser/-/helper-string-parser-7.27.1.tgz 0ms (cache hit)
264 http cache @babel/helper-module-transforms@https://registry.npmjs.org/@babel/helper-module-transforms/-/helper-module-transforms-7.28.6.tgz 0ms (cache hit)
265 http cache @babel/helper-plugin-utils@https://registry.npmjs.org/@babel/helper-plugin-utils/-/helper-plugin-utils-7.28.6.tgz 0ms (cache hit)
266 http cache @babel/helper-globals@https://registry.npmjs.org/@babel/helper-globals/-/helper-globals-7.28.0.tgz 0ms (cache hit)
267 http cache @babel/generator@https://registry.npmjs.org/@babel/generator/-/generator-7.29.1.tgz 0ms (cache hit)
268 http cache @babel/helper-module-imports@https://registry.npmjs.org/@babel/helper-module-imports/-/helper-module-imports-7.28.6.tgz 0ms (cache hit)
269 http cache @babel/core@https://registry.npmjs.org/@babel/core/-/core-7.29.0.tgz 0ms (cache hit)
270 http cache @babel/helper-compilation-targets@https://registry.npmjs.org/@babel/helper-compilation-targets/-/helper-compilation-targets-7.28.6.tgz 0ms (cache hit)
271 http cache @adobe/css-tools@https://registry.npmjs.org/@adobe/css-tools/-/css-tools-4.4.4.tgz 0ms (cache hit)
272 http cache dom-accessibility-api@https://registry.npmjs.org/dom-accessibility-api/-/dom-accessibility-api-0.6.3.tgz 0ms (cache hit)
273 http cache @babel/compat-data@https://registry.npmjs.org/@babel/compat-data/-/compat-data-7.29.0.tgz 0ms (cache hit)
274 http cache js-tokens@https://registry.npmjs.org/js-tokens/-/js-tokens-9.0.1.tgz 0ms (cache hit)
275 http cache @asamuzakjp/css-color@https://registry.npmjs.org/@asamuzakjp/css-color/-/css-color-3.2.0.tgz 0ms (cache hit)
276 http cache @babel/code-frame@https://registry.npmjs.org/@babel/code-frame/-/code-frame-7.29.0.tgz 0ms (cache hit)
277 http cache lru-cache@https://registry.npmjs.org/lru-cache/-/lru-cache-10.4.3.tgz 0ms (cache hit)
278 warn deprecated whatwg-encoding@3.1.1: Use @exodus/bytes instead for a more spec-conformant and faster implementation
279 http fetch POST 200 https://registry.npmjs.org/-/npm/v1/security/advisories/bulk 1839ms
280 silly audit report {}
281 info run esbuild@0.25.12 postinstall node_modules/esbuild node install.js
282 info run esbuild@0.25.12 postinstall { code: 0, signal: null }
283 silly ADD node_modules/yallist
284 silly ADD node_modules/xmlchars
285 silly ADD node_modules/xml-name-validator
286 silly ADD node_modules/ws
287 silly ADD node_modules/why-is-node-running
288 silly ADD node_modules/whatwg-url
289 silly ADD node_modules/whatwg-mimetype
290 silly ADD node_modules/whatwg-encoding
291 silly ADD node_modules/webidl-conversions
292 silly ADD node_modules/w3c-xmlserializer
293 silly ADD node_modules/vitest
294 silly ADD node_modules/vite-node
295 silly ADD node_modules/vite
296 silly ADD node_modules/update-browserslist-db
297 silly ADD node_modules/undici-types
298 silly ADD node_modules/typescript
299 silly ADD node_modules/tr46
300 silly ADD node_modules/tough-cookie
301 silly ADD node_modules/tldts-core
302 silly ADD node_modules/tldts
303 silly ADD node_modules/tinyspy
304 silly ADD node_modules/tinyrainbow
305 silly ADD node_modules/tinypool
306 silly ADD node_modules/tinyglobby
307 silly ADD node_modules/tinyexec
308 silly ADD node_modules/tinybench
309 silly ADD node_modules/symbol-tree
310 silly ADD node_modules/strip-literal
311 silly ADD node_modules/strip-literal/node_modules/js-tokens
312 silly ADD node_modules/strip-indent
313 silly ADD node_modules/std-env
314 silly ADD node_modules/stackback
315 silly ADD node_modules/source-map-js
316 silly ADD node_modules/siginfo
317 silly ADD node_modules/set-cookie-parser
318 silly ADD node_modules/semver
319 silly ADD node_modules/scheduler
320 silly ADD node_modules/saxes
321 silly ADD node_modules/safer-buffer
322 silly ADD node_modules/rrweb-cssom
323 silly ADD node_modules/rollup
324 silly ADD node_modules/redent
325 silly ADD node_modules/react-router-dom
326 silly ADD node_modules/react-router
327 silly ADD node_modules/react-refresh
328 silly ADD node_modules/react-is
329 silly ADD node_modules/react-dom
330 silly ADD node_modules/react
331 silly ADD node_modules/punycode
332 silly ADD node_modules/pretty-format
333 silly ADD node_modules/postcss
334 silly ADD node_modules/picomatch
335 silly ADD node_modules/picocolors
336 silly ADD node_modules/pathval
337 silly ADD node_modules/pathe
338 silly ADD node_modules/parse5
339 silly ADD node_modules/nwsapi
340 silly ADD node_modules/node-releases
341 silly ADD node_modules/nanoid
342 silly ADD node_modules/ms
343 silly ADD node_modules/min-indent
344 silly ADD node_modules/magic-string
345 silly ADD node_modules/lz-string
346 silly ADD node_modules/lucide-react
347 silly ADD node_modules/lru-cache
348 silly ADD node_modules/loupe
349 silly ADD node_modules/json5
350 silly ADD node_modules/jsesc
351 silly ADD node_modules/jsdom
352 silly ADD node_modules/js-tokens
353 silly ADD node_modules/is-potential-custom-element-name
354 silly ADD node_modules/indent-string
355 silly ADD node_modules/iconv-lite
356 silly ADD node_modules/https-proxy-agent
357 silly ADD node_modules/http-proxy-agent
358 silly ADD node_modules/html-encoding-sniffer
359 silly ADD node_modules/gensync
360 silly ADD node_modules/fsevents
361 silly ADD node_modules/fdir
362 silly ADD node_modules/expect-type
363 silly ADD node_modules/estree-walker
364 silly ADD node_modules/escalade
365 silly ADD node_modules/esbuild
366 silly ADD node_modules/es-module-lexer
367 silly ADD node_modules/entities
368 silly ADD node_modules/electron-to-chromium
369 silly ADD node_modules/dom-accessibility-api
370 silly ADD node_modules/dequal
371 silly ADD node_modules/deep-eql
372 silly ADD node_modules/decimal.js
373 silly ADD node_modules/debug
374 silly ADD node_modules/data-urls
375 silly ADD node_modules/cssstyle
376 silly ADD node_modules/css.escape
377 silly ADD node_modules/cookie
378 silly ADD node_modules/convert-source-map
379 silly ADD node_modules/check-error
380 silly ADD node_modules/chai
381 silly ADD node_modules/caniuse-lite
382 silly ADD node_modules/cac
383 silly ADD node_modules/browserslist
384 silly ADD node_modules/baseline-browser-mapping
385 silly ADD node_modules/assertion-error
386 silly ADD node_modules/aria-query
387 silly ADD node_modules/ansi-styles
388 silly ADD node_modules/ansi-regex
389 silly ADD node_modules/agent-base
390 silly ADD node_modules/@vitest/utils
391 silly ADD node_modules/@vitest/spy
392 silly ADD node_modules/@vitest/snapshot
393 silly ADD node_modules/@vitest/runner
394 silly ADD node_modules/@vitest/pretty-format
395 silly ADD node_modules/@vitest/mocker
396 silly ADD node_modules/@vitest/expect
397 silly ADD node_modules/@vitejs/plugin-react
398 silly ADD node_modules/@types/node
399 silly ADD node_modules/@types/estree
400 silly ADD node_modules/@types/deep-eql
401 silly ADD node_modules/@types/chai
402 silly ADD node_modules/@types/babel__traverse
403 silly ADD node_modules/@types/babel__template
404 silly ADD node_modules/@types/babel__generator
405 silly ADD node_modules/@types/babel__core
406 silly ADD node_modules/@types/aria-query
407 silly ADD node_modules/@testing-library/react
408 silly ADD node_modules/@testing-library/jest-dom
409 silly ADD node_modules/@testing-library/jest-dom/node_modules/dom-accessibility-api
410 silly ADD node_modules/@testing-library/dom
411 silly ADD node_modules/@rollup/rollup-win32-x64-msvc
412 silly ADD node_modules/@rollup/rollup-win32-x64-gnu
413 silly ADD node_modules/@rollup/rollup-win32-ia32-msvc
414 silly ADD node_modules/@rollup/rollup-win32-arm64-msvc
415 silly ADD node_modules/@rollup/rollup-openharmony-arm64
416 silly ADD node_modules/@rollup/rollup-openbsd-x64
417 silly ADD node_modules/@rollup/rollup-linux-x64-musl
418 silly ADD node_modules/@rollup/rollup-linux-x64-gnu
419 silly ADD node_modules/@rollup/rollup-linux-s390x-gnu
420 silly ADD node_modules/@rollup/rollup-linux-riscv64-musl
421 silly ADD node_modules/@rollup/rollup-linux-riscv64-gnu
422 silly ADD node_modules/@rollup/rollup-linux-ppc64-musl
423 silly ADD node_modules/@rollup/rollup-linux-ppc64-gnu
424 silly ADD node_modules/@rollup/rollup-linux-loong64-musl
425 silly ADD node_modules/@rollup/rollup-linux-loong64-gnu
426 silly ADD node_modules/@rollup/rollup-linux-arm64-musl
427 silly ADD node_modules/@rollup/rollup-linux-arm64-gnu
428 silly ADD node_modules/@rollup/rollup-linux-arm-musleabihf
429 silly ADD node_modules/@rollup/rollup-linux-arm-gnueabihf
430 silly ADD node_modules/@rollup/rollup-freebsd-x64
431 silly ADD node_modules/@rollup/rollup-freebsd-arm64
432 silly ADD node_modules/@rollup/rollup-darwin-x64
433 silly ADD node_modules/@rollup/rollup-darwin-arm64
434 silly ADD node_modules/@rollup/rollup-android-arm64
435 silly ADD node_modules/@rollup/rollup-android-arm-eabi
436 silly ADD node_modules/@rolldown/pluginutils
437 silly ADD node_modules/@jridgewell/trace-mapping
438 silly ADD node_modules/@jridgewell/sourcemap-codec
439 silly ADD node_modules/@jridgewell/resolve-uri
440 silly ADD node_modules/@jridgewell/remapping
441 silly ADD node_modules/@jridgewell/gen-mapping
442 silly ADD node_modules/@esbuild/win32-x64
443 silly ADD node_modules/@esbuild/win32-ia32
444 silly ADD node_modules/@esbuild/win32-arm64
445 silly ADD node_modules/@esbuild/sunos-x64
446 silly ADD node_modules/@esbuild/openharmony-arm64
447 silly ADD node_modules/@esbuild/openbsd-x64
448 silly ADD node_modules/@esbuild/openbsd-arm64
449 silly ADD node_modules/@esbuild/netbsd-x64
450 silly ADD node_modules/@esbuild/netbsd-arm64
451 silly ADD node_modules/@esbuild/linux-x64
452 silly ADD node_modules/@esbuild/linux-s390x
453 silly ADD node_modules/@esbuild/linux-riscv64
454 silly ADD node_modules/@esbuild/linux-ppc64
455 silly ADD node_modules/@esbuild/linux-mips64el
456 silly ADD node_modules/@esbuild/linux-loong64
457 silly ADD node_modules/@esbuild/linux-ia32
458 silly ADD node_modules/@esbuild/linux-arm64
459 silly ADD node_modules/@esbuild/linux-arm
460 silly ADD node_modules/@esbuild/freebsd-x64
461 silly ADD node_modules/@esbuild/freebsd-arm64
462 silly ADD node_modules/@esbuild/darwin-x64
463 silly ADD node_modules/@esbuild/darwin-arm64
464 silly ADD node_modules/@esbuild/android-x64
465 silly ADD node_modules/@esbuild/android-arm64
466 silly ADD node_modules/@esbuild/android-arm
467 silly ADD node_modules/@esbuild/aix-ppc64
468 silly ADD node_modules/@csstools/css-tokenizer
469 silly ADD node_modules/@csstools/css-parser-algorithms
470 silly ADD node_modules/@csstools/css-color-parser
471 silly ADD node_modules/@csstools/css-calc
472 silly ADD node_modules/@csstools/color-helpers
473 silly ADD node_modules/@babel/types
474 silly ADD node_modules/@babel/traverse
475 silly ADD node_modules/@babel/template
476 silly ADD node_modules/@babel/runtime
477 silly ADD node_modules/@babel/plugin-transform-react-jsx-source
478 silly ADD node_modules/@babel/plugin-transform-react-jsx-self
479 silly ADD node_modules/@babel/parser
480 silly ADD node_modules/@babel/helpers
481 silly ADD node_modules/@babel/helper-validator-option
482 silly ADD node_modules/@babel/helper-validator-identifier
483 silly ADD node_modules/@babel/helper-string-parser
484 silly ADD node_modules/@babel/helper-plugin-utils
485 silly ADD node_modules/@babel/helper-module-transforms
486 silly ADD node_modules/@babel/helper-module-imports
487 silly ADD node_modules/@babel/helper-globals
488 silly ADD node_modules/@babel/helper-compilation-targets
489 silly ADD node_modules/@babel/generator
490 silly ADD node_modules/@babel/core
491 silly ADD node_modules/@babel/compat-data
492 silly ADD node_modules/@babel/code-frame
493 silly ADD node_modules/@asamuzakjp/css-color
494 silly ADD node_modules/@asamuzakjp/css-color/node_modules/lru-cache
495 silly ADD node_modules/@adobe/css-tools
496 verbose cwd D:\codex_code\socialvibe
497 verbose os Windows_NT 10.0.26200
498 verbose node v24.10.0
499 verbose npm  v11.6.1
500 verbose exit 0
501 info ok
