0 verbose cli D:\Program Files\nodejs\node.exe D:\Program Files\nodejs\node_modules\npm\bin\npm-cli.js
1 info using npm@11.6.1
2 info using node@v24.10.0
3 silly config load:file:D:\Program Files\nodejs\node_modules\npm\npmrc
4 silly config load:file:D:\codex_code\socialvibe\.worktrees\socialvibe-stability-chat\backend\.npmrc
5 silly config load:file:C:\Users\lenovo\.npmrc
6 silly config load:file:D:\codex_code\socialvibe\.worktrees\socialvibe-stability-chat\backend\etc\npmrc
7 verbose title npm install
8 verbose argv "--prefix" ".worktrees/socialvibe-stability-chat/backend" "install" "--cache" ".npm-cache"
9 verbose logfile logs-max:10 dir:D:\codex_code\socialvibe\.npm-cache\_logs\2026-03-04T11_45_30_407Z-
10 verbose logfile D:\codex_code\socialvibe\.npm-cache\_logs\2026-03-04T11_45_30_407Z-debug-0.log
11 silly logfile start cleaning logs, removing 1 files
12 silly packumentCache heap:4496293888 maxSize:1124073472 maxEntrySize:562036736
13 silly logfile done cleaning log files
14 silly idealTree buildDeps
15 silly reify moves {}
16 silly audit bulk request {
16 silly audit   '@esbuild/aix-ppc64': [ '0.27.3' ],
16 silly audit   '@esbuild/android-arm': [ '0.27.3' ],
16 silly audit   '@esbuild/android-arm64': [ '0.27.3' ],
16 silly audit   '@esbuild/android-x64': [ '0.27.3' ],
16 silly audit   '@esbuild/darwin-arm64': [ '0.27.3' ],
16 silly audit   '@esbuild/darwin-x64': [ '0.27.3' ],
16 silly audit   '@esbuild/freebsd-arm64': [ '0.27.3' ],
16 silly audit   '@esbuild/freebsd-x64': [ '0.27.3' ],
16 silly audit   '@esbuild/linux-arm': [ '0.27.3' ],
16 silly audit   '@esbuild/linux-arm64': [ '0.27.3' ],
16 silly audit   '@esbuild/linux-ia32': [ '0.27.3' ],
16 silly audit   '@esbuild/linux-loong64': [ '0.27.3' ],
16 silly audit   '@esbuild/linux-mips64el': [ '0.27.3' ],
16 silly audit   '@esbuild/linux-ppc64': [ '0.27.3' ],
16 silly audit   '@esbuild/linux-riscv64': [ '0.27.3' ],
16 silly audit   '@esbuild/linux-s390x': [ '0.27.3' ],
16 silly audit   '@esbuild/linux-x64': [ '0.27.3' ],
16 silly audit   '@esbuild/netbsd-arm64': [ '0.27.3' ],
16 silly audit   '@esbuild/netbsd-x64': [ '0.27.3' ],
16 silly audit   '@esbuild/openbsd-arm64': [ '0.27.3' ],
16 silly audit   '@esbuild/openbsd-x64': [ '0.27.3' ],
16 silly audit   '@esbuild/openharmony-arm64': [ '0.27.3' ],
16 silly audit   '@esbuild/sunos-x64': [ '0.27.3' ],
16 silly audit   '@esbuild/win32-arm64': [ '0.27.3' ],
16 silly audit   '@esbuild/win32-ia32': [ '0.27.3' ],
16 silly audit   '@esbuild/win32-x64': [ '0.27.3' ],
16 silly audit   '@jridgewell/sourcemap-codec': [ '1.5.5' ],
16 silly audit   '@noble/hashes': [ '1.8.0' ],
16 silly audit   '@paralleldrive/cuid2': [ '2.3.1' ],
16 silly audit   '@rollup/rollup-android-arm-eabi': [ '4.59.0' ],
16 silly audit   '@rollup/rollup-android-arm64': [ '4.59.0' ],
16 silly audit   '@rollup/rollup-darwin-arm64': [ '4.59.0' ],
16 silly audit   '@rollup/rollup-darwin-x64': [ '4.59.0' ],
16 silly audit   '@rollup/rollup-freebsd-arm64': [ '4.59.0' ],
16 silly audit   '@rollup/rollup-freebsd-x64': [ '4.59.0' ],
16 silly audit   '@rollup/rollup-linux-arm-gnueabihf': [ '4.59.0' ],
16 silly audit   '@rollup/rollup-linux-arm-musleabihf': [ '4.59.0' ],
16 silly audit   '@rollup/rollup-linux-arm64-gnu': [ '4.59.0' ],
16 silly audit   '@rollup/rollup-linux-arm64-musl': [ '4.59.0' ],
16 silly audit   '@rollup/rollup-linux-loong64-gnu': [ '4.59.0' ],
16 silly audit   '@rollup/rollup-linux-loong64-musl': [ '4.59.0' ],
16 silly audit   '@rollup/rollup-linux-ppc64-gnu': [ '4.59.0' ],
16 silly audit   '@rollup/rollup-linux-ppc64-musl': [ '4.59.0' ],
16 silly audit   '@rollup/rollup-linux-riscv64-gnu': [ '4.59.0' ],
16 silly audit   '@rollup/rollup-linux-riscv64-musl': [ '4.59.0' ],
16 silly audit   '@rollup/rollup-linux-s390x-gnu': [ '4.59.0' ],
16 silly audit   '@rollup/rollup-linux-x64-gnu': [ '4.59.0' ],
16 silly audit   '@rollup/rollup-linux-x64-musl': [ '4.59.0' ],
16 silly audit   '@rollup/rollup-openbsd-x64': [ '4.59.0' ],
16 silly audit   '@rollup/rollup-openharmony-arm64': [ '4.59.0' ],
16 silly audit   '@rollup/rollup-win32-arm64-msvc': [ '4.59.0' ],
16 silly audit   '@rollup/rollup-win32-ia32-msvc': [ '4.59.0' ],
16 silly audit   '@rollup/rollup-win32-x64-gnu': [ '4.59.0' ],
16 silly audit   '@rollup/rollup-win32-x64-msvc': [ '4.59.0' ],
16 silly audit   '@supabase/auth-js': [ '2.98.0' ],
16 silly audit   '@supabase/functions-js': [ '2.98.0' ],
16 silly audit   '@supabase/postgrest-js': [ '2.98.0' ],
16 silly audit   '@supabase/realtime-js': [ '2.98.0' ],
16 silly audit   '@supabase/storage-js': [ '2.98.0' ],
16 silly audit   '@supabase/supabase-js': [ '2.98.0' ],
16 silly audit   '@types/body-parser': [ '1.19.6' ],
16 silly audit   '@types/chai': [ '5.2.3' ],
16 silly audit   '@types/connect': [ '3.4.38' ],
16 silly audit   '@types/cookiejar': [ '2.1.5' ],
16 silly audit   '@types/deep-eql': [ '4.0.2' ],
16 silly audit   '@types/estree': [ '1.0.8' ],
16 silly audit   '@types/express': [ '5.0.6' ],
16 silly audit   '@types/express-serve-static-core': [ '5.1.1' ],
16 silly audit   '@types/http-errors': [ '2.0.5' ],
16 silly audit   '@types/methods': [ '1.1.4' ],
16 silly audit   '@types/node': [ '22.19.13' ],
16 silly audit   '@types/phoenix': [ '1.6.7' ],
16 silly audit   '@types/qs': [ '6.14.0' ],
16 silly audit   '@types/range-parser': [ '1.2.7' ],
16 silly audit   '@types/send': [ '1.2.1' ],
16 silly audit   '@types/serve-static': [ '2.2.0' ],
16 silly audit   '@types/superagent': [ '8.1.9' ],
16 silly audit   '@types/supertest': [ '6.0.3' ],
16 silly audit   '@types/ws': [ '8.18.1' ],
16 silly audit   '@vitest/expect': [ '3.2.4' ],
16 silly audit   '@vitest/mocker': [ '3.2.4' ],
16 silly audit   '@vitest/pretty-format': [ '3.2.4' ],
16 silly audit   '@vitest/runner': [ '3.2.4' ],
16 silly audit   '@vitest/snapshot': [ '3.2.4' ],
16 silly audit   '@vitest/spy': [ '3.2.4' ],
16 silly audit   '@vitest/utils': [ '3.2.4' ],
16 silly audit   accepts: [ '1.3.8' ],
16 silly audit   'array-flatten': [ '1.1.1' ],
16 silly audit   asap: [ '2.0.6' ],
16 silly audit   'assertion-error': [ '2.0.1' ],
16 silly audit   asynckit: [ '0.4.0' ],
16 silly audit   'body-parser': [ '1.20.4' ],
16 silly audit   bytes: [ '3.1.2' ],
16 silly audit   cac: [ '6.7.14' ],
16 silly audit   'call-bind-apply-helpers': [ '1.0.2' ],
16 silly audit   'call-bound': [ '1.0.4' ],
16 silly audit   chai: [ '5.3.3' ],
16 silly audit   'check-error': [ '2.1.3' ],
16 silly audit   'combined-stream': [ '1.0.8' ],
16 silly audit   'component-emitter': [ '1.3.1' ],
16 silly audit   'content-disposition': [ '0.5.4' ],
16 silly audit   'content-type': [ '1.0.5' ],
16 silly audit   cookie: [ '0.7.2' ],
16 silly audit   'cookie-signature': [ '1.0.7', '1.2.2' ],
16 silly audit   cookiejar: [ '2.1.4' ],
16 silly audit   debug: [ '2.6.9', '4.4.3' ],
16 silly audit   'deep-eql': [ '5.0.2' ],
16 silly audit   'delayed-stream': [ '1.0.0' ],
16 silly audit   depd: [ '2.0.0' ],
16 silly audit   destroy: [ '1.2.0' ],
16 silly audit   dezalgo: [ '1.0.4' ],
16 silly audit   'dunder-proto': [ '1.0.1' ],
16 silly audit   'ee-first': [ '1.1.1' ],
16 silly audit   encodeurl: [ '2.0.0' ],
16 silly audit   'es-define-property': [ '1.0.1' ],
16 silly audit   'es-errors': [ '1.3.0' ],
16 silly audit   'es-module-lexer': [ '1.7.0' ],
16 silly audit   'es-object-atoms': [ '1.1.1' ],
16 silly audit   'es-set-tostringtag': [ '2.1.0' ],
16 silly audit   esbuild: [ '0.27.3' ],
16 silly audit   'escape-html': [ '1.0.3' ],
16 silly audit   'estree-walker': [ '3.0.3' ],
16 silly audit   etag: [ '1.8.1' ],
16 silly audit   'expect-type': [ '1.3.0' ],
16 silly audit   express: [ '4.22.1' ],
16 silly audit   'fast-safe-stringify': [ '2.1.1' ],
16 silly audit   fdir: [ '6.5.0' ],
16 silly audit   finalhandler: [ '1.3.2' ],
16 silly audit   'form-data': [ '4.0.5' ],
16 silly audit   formidable: [ '3.5.4' ],
16 silly audit   forwarded: [ '0.2.0' ],
16 silly audit   fresh: [ '0.5.2' ],
16 silly audit   fsevents: [ '2.3.3' ],
16 silly audit   'function-bind': [ '1.1.2' ],
16 silly audit   'get-intrinsic': [ '1.3.0' ],
16 silly audit   'get-proto': [ '1.0.1' ],
16 silly audit   'get-tsconfig': [ '4.13.6' ],
16 silly audit   gopd: [ '1.2.0' ],
16 silly audit   'has-symbols': [ '1.1.0' ],
16 silly audit   'has-tostringtag': [ '1.0.2' ],
16 silly audit   hasown: [ '2.0.2' ],
16 silly audit   'http-errors': [ '2.0.1' ],
16 silly audit   'iceberg-js': [ '0.8.1' ],
16 silly audit   'iconv-lite': [ '0.4.24' ],
16 silly audit   inherits: [ '2.0.4' ],
16 silly audit   'ipaddr.js': [ '1.9.1' ],
16 silly audit   'js-tokens': [ '9.0.1' ],
16 silly audit   loupe: [ '3.2.1' ],
16 silly audit   'magic-string': [ '0.30.21' ],
16 silly audit   'math-intrinsics': [ '1.1.0' ],
16 silly audit   'media-typer': [ '0.3.0' ],
16 silly audit   'merge-descriptors': [ '1.0.3' ],
16 silly audit   methods: [ '1.1.2' ],
16 silly audit   mime: [ '1.6.0', '2.6.0' ],
16 silly audit   'mime-db': [ '1.52.0' ],
16 silly audit   'mime-types': [ '2.1.35' ],
16 silly audit   ms: [ '2.0.0', '2.1.3' ],
16 silly audit   nanoid: [ '3.3.11' ],
16 silly audit   negotiator: [ '0.6.3' ],
16 silly audit   'object-inspect': [ '1.13.4' ],
16 silly audit   'on-finished': [ '2.4.1' ],
16 silly audit   once: [ '1.4.0' ],
16 silly audit   parseurl: [ '1.3.3' ],
16 silly audit   'path-to-regexp': [ '0.1.12' ],
16 silly audit   pathe: [ '2.0.3' ],
16 silly audit   pathval: [ '2.0.1' ],
16 silly audit   picocolors: [ '1.1.1' ],
16 silly audit   picomatch: [ '4.0.3' ],
16 silly audit   postcss: [ '8.5.8' ],
16 silly audit   'proxy-addr': [ '2.0.7' ],
16 silly audit   qs: [ '6.14.2' ],
16 silly audit   'range-parser': [ '1.2.1' ],
16 silly audit   'raw-body': [ '2.5.3' ],
16 silly audit   'resolve-pkg-maps': [ '1.0.0' ],
16 silly audit   rollup: [ '4.59.0' ],
16 silly audit   'safe-buffer': [ '5.2.1' ],
16 silly audit   'safer-buffer': [ '2.1.2' ],
16 silly audit   send: [ '0.19.2' ],
16 silly audit   'serve-static': [ '1.16.3' ],
16 silly audit   setprototypeof: [ '1.2.0' ],
16 silly audit   'side-channel': [ '1.1.0' ],
16 silly audit   'side-channel-list': [ '1.0.0' ],
16 silly audit   'side-channel-map': [ '1.0.1' ],
16 silly audit   'side-channel-weakmap': [ '1.0.2' ],
16 silly audit   siginfo: [ '2.0.0' ],
16 silly audit   'source-map-js': [ '1.2.1' ],
16 silly audit   stackback: [ '0.0.2' ],
16 silly audit   statuses: [ '2.0.2' ],
16 silly audit   'std-env': [ '3.10.0' ],
16 silly audit   'strip-literal': [ '3.1.0' ],
16 silly audit   superagent: [ '10.3.0' ],
16 silly audit   supertest: [ '7.2.2' ],
16 silly audit   tinybench: [ '2.9.0' ],
16 silly audit   tinyexec: [ '0.3.2' ],
16 silly audit   tinyglobby: [ '0.2.15' ],
16 silly audit   tinypool: [ '1.1.1' ],
16 silly audit   tinyrainbow: [ '2.0.0' ],
16 silly audit   tinyspy: [ '4.0.4' ],
16 silly audit   toidentifier: [ '1.0.1' ],
16 silly audit   tslib: [ '2.8.1' ],
16 silly audit   tsx: [ '4.21.0' ],
16 silly audit   'type-is': [ '1.6.18' ],
16 silly audit   typescript: [ '5.9.3' ],
16 silly audit   'undici-types': [ '6.21.0' ],
16 silly audit   unpipe: [ '1.0.0' ],
16 silly audit   'utils-merge': [ '1.0.1' ],
16 silly audit   vary: [ '1.1.2' ],
16 silly audit   vite: [ '7.3.1' ],
16 silly audit   'vite-node': [ '3.2.4' ],
16 silly audit   vitest: [ '3.2.4' ],
16 silly audit   'why-is-node-running': [ '2.3.0' ],
16 silly audit   wrappy: [ '1.0.2' ],
16 silly audit   ws: [ '8.19.0' ],
16 silly audit   zod: [ '3.25.76' ]
16 silly audit }
17 verbose reify failed optional dependency D:\codex_code\socialvibe\.worktrees\socialvibe-stability-chat\backend\node_modules\fsevents
18 silly reify mark deleted [
18 silly reify   'D:\\codex_code\\socialvibe\\.worktrees\\socialvibe-stability-chat\\backend\\node_modules\\fsevents'
18 silly reify ]
19 verbose reify failed optional dependency D:\codex_code\socialvibe\.worktrees\socialvibe-stability-chat\backend\node_modules\@rollup\rollup-win32-ia32-msvc
20 silly reify mark deleted [
20 silly reify   'D:\\codex_code\\socialvibe\\.worktrees\\socialvibe-stability-chat\\backend\\node_modules\\@rollup\\rollup-win32-ia32-msvc'
20 silly reify ]
21 verbose reify failed optional dependency D:\codex_code\socialvibe\.worktrees\socialvibe-stability-chat\backend\node_modules\@rollup\rollup-win32-arm64-msvc
22 silly reify mark deleted [
22 silly reify   'D:\\codex_code\\socialvibe\\.worktrees\\socialvibe-stability-chat\\backend\\node_modules\\@rollup\\rollup-win32-arm64-msvc'
22 silly reify ]
23 verbose reify failed optional dependency D:\codex_code\socialvibe\.worktrees\socialvibe-stability-chat\backend\node_modules\@rollup\rollup-openharmony-arm64
24 silly reify mark deleted [
24 silly reify   'D:\\codex_code\\socialvibe\\.worktrees\\socialvibe-stability-chat\\backend\\node_modules\\@rollup\\rollup-openharmony-arm64'
24 silly reify ]
25 verbose reify failed optional dependency D:\codex_code\socialvibe\.worktrees\socialvibe-stability-chat\backend\node_modules\@rollup\rollup-openbsd-x64
26 silly reify mark deleted [
26 silly reify   'D:\\codex_code\\socialvibe\\.worktrees\\socialvibe-stability-chat\\backend\\node_modules\\@rollup\\rollup-openbsd-x64'
26 silly reify ]
27 verbose reify failed optional dependency D:\codex_code\socialvibe\.worktrees\socialvibe-stability-chat\backend\node_modules\@rollup\rollup-linux-x64-musl
28 silly reify mark deleted [
28 silly reify   'D:\\codex_code\\socialvibe\\.worktrees\\socialvibe-stability-chat\\backend\\node_modules\\@rollup\\rollup-linux-x64-musl'
28 silly reify ]
29 verbose reify failed optional dependency D:\codex_code\socialvibe\.worktrees\socialvibe-stability-chat\backend\node_modules\@rollup\rollup-linux-x64-gnu
30 silly reify mark deleted [
30 silly reify   'D:\\codex_code\\socialvibe\\.worktrees\\socialvibe-stability-chat\\backend\\node_modules\\@rollup\\rollup-linux-x64-gnu'
30 silly reify ]
31 verbose reify failed optional dependency D:\codex_code\socialvibe\.worktrees\socialvibe-stability-chat\backend\node_modules\@rollup\rollup-linux-s390x-gnu
32 silly reify mark deleted [
32 silly reify   'D:\\codex_code\\socialvibe\\.worktrees\\socialvibe-stability-chat\\backend\\node_modules\\@rollup\\rollup-linux-s390x-gnu'
32 silly reify ]
33 verbose reify failed optional dependency D:\codex_code\socialvibe\.worktrees\socialvibe-stability-chat\backend\node_modules\@rollup\rollup-linux-riscv64-musl
34 silly reify mark deleted [
34 silly reify   'D:\\codex_code\\socialvibe\\.worktrees\\socialvibe-stability-chat\\backend\\node_modules\\@rollup\\rollup-linux-riscv64-musl'
34 silly reify ]
35 verbose reify failed optional dependency D:\codex_code\socialvibe\.worktrees\socialvibe-stability-chat\backend\node_modules\@rollup\rollup-linux-riscv64-gnu
36 silly reify mark deleted [
36 silly reify   'D:\\codex_code\\socialvibe\\.worktrees\\socialvibe-stability-chat\\backend\\node_modules\\@rollup\\rollup-linux-riscv64-gnu'
36 silly reify ]
37 verbose reify failed optional dependency D:\codex_code\socialvibe\.worktrees\socialvibe-stability-chat\backend\node_modules\@rollup\rollup-linux-ppc64-musl
38 silly reify mark deleted [
38 silly reify   'D:\\codex_code\\socialvibe\\.worktrees\\socialvibe-stability-chat\\backend\\node_modules\\@rollup\\rollup-linux-ppc64-musl'
38 silly reify ]
39 verbose reify failed optional dependency D:\codex_code\socialvibe\.worktrees\socialvibe-stability-chat\backend\node_modules\@rollup\rollup-linux-ppc64-gnu
40 silly reify mark deleted [
40 silly reify   'D:\\codex_code\\socialvibe\\.worktrees\\socialvibe-stability-chat\\backend\\node_modules\\@rollup\\rollup-linux-ppc64-gnu'
40 silly reify ]
41 verbose reify failed optional dependency D:\codex_code\socialvibe\.worktrees\socialvibe-stability-chat\backend\node_modules\@rollup\rollup-linux-loong64-musl
42 silly reify mark deleted [
42 silly reify   'D:\\codex_code\\socialvibe\\.worktrees\\socialvibe-stability-chat\\backend\\node_modules\\@rollup\\rollup-linux-loong64-musl'
42 silly reify ]
43 verbose reify failed optional dependency D:\codex_code\socialvibe\.worktrees\socialvibe-stability-chat\backend\node_modules\@rollup\rollup-linux-loong64-gnu
44 silly reify mark deleted [
44 silly reify   'D:\\codex_code\\socialvibe\\.worktrees\\socialvibe-stability-chat\\backend\\node_modules\\@rollup\\rollup-linux-loong64-gnu'
44 silly reify ]
45 verbose reify failed optional dependency D:\codex_code\socialvibe\.worktrees\socialvibe-stability-chat\backend\node_modules\@rollup\rollup-linux-arm64-musl
46 silly reify mark deleted [
46 silly reify   'D:\\codex_code\\socialvibe\\.worktrees\\socialvibe-stability-chat\\backend\\node_modules\\@rollup\\rollup-linux-arm64-musl'
46 silly reify ]
47 verbose reify failed optional dependency D:\codex_code\socialvibe\.worktrees\socialvibe-stability-chat\backend\node_modules\@rollup\rollup-linux-arm64-gnu
48 silly reify mark deleted [
48 silly reify   'D:\\codex_code\\socialvibe\\.worktrees\\socialvibe-stability-chat\\backend\\node_modules\\@rollup\\rollup-linux-arm64-gnu'
48 silly reify ]
49 verbose reify failed optional dependency D:\codex_code\socialvibe\.worktrees\socialvibe-stability-chat\backend\node_modules\@rollup\rollup-linux-arm-musleabihf
50 silly reify mark deleted [
50 silly reify   'D:\\codex_code\\socialvibe\\.worktrees\\socialvibe-stability-chat\\backend\\node_modules\\@rollup\\rollup-linux-arm-musleabihf'
50 silly reify ]
51 verbose reify failed optional dependency D:\codex_code\socialvibe\.worktrees\socialvibe-stability-chat\backend\node_modules\@rollup\rollup-linux-arm-gnueabihf
52 silly reify mark deleted [
52 silly reify   'D:\\codex_code\\socialvibe\\.worktrees\\socialvibe-stability-chat\\backend\\node_modules\\@rollup\\rollup-linux-arm-gnueabihf'
52 silly reify ]
53 verbose reify failed optional dependency D:\codex_code\socialvibe\.worktrees\socialvibe-stability-chat\backend\node_modules\@rollup\rollup-freebsd-x64
54 silly reify mark deleted [
54 silly reify   'D:\\codex_code\\socialvibe\\.worktrees\\socialvibe-stability-chat\\backend\\node_modules\\@rollup\\rollup-freebsd-x64'
54 silly reify ]
55 verbose reify failed optional dependency D:\codex_code\socialvibe\.worktrees\socialvibe-stability-chat\backend\node_modules\@rollup\rollup-freebsd-arm64
56 silly reify mark deleted [
56 silly reify   'D:\\codex_code\\socialvibe\\.worktrees\\socialvibe-stability-chat\\backend\\node_modules\\@rollup\\rollup-freebsd-arm64'
56 silly reify ]
57 verbose reify failed optional dependency D:\codex_code\socialvibe\.worktrees\socialvibe-stability-chat\backend\node_modules\@rollup\rollup-darwin-x64
58 silly reify mark deleted [
58 silly reify   'D:\\codex_code\\socialvibe\\.worktrees\\socialvibe-stability-chat\\backend\\node_modules\\@rollup\\rollup-darwin-x64'
58 silly reify ]
59 verbose reify failed optional dependency D:\codex_code\socialvibe\.worktrees\socialvibe-stability-chat\backend\node_modules\@rollup\rollup-darwin-arm64
60 silly reify mark deleted [
60 silly reify   'D:\\codex_code\\socialvibe\\.worktrees\\socialvibe-stability-chat\\backend\\node_modules\\@rollup\\rollup-darwin-arm64'
60 silly reify ]
61 verbose reify failed optional dependency D:\codex_code\socialvibe\.worktrees\socialvibe-stability-chat\backend\node_modules\@rollup\rollup-android-arm64
62 silly reify mark deleted [
62 silly reify   'D:\\codex_code\\socialvibe\\.worktrees\\socialvibe-stability-chat\\backend\\node_modules\\@rollup\\rollup-android-arm64'
62 silly reify ]
63 verbose reify failed optional dependency D:\codex_code\socialvibe\.worktrees\socialvibe-stability-chat\backend\node_modules\@rollup\rollup-android-arm-eabi
64 silly reify mark deleted [
64 silly reify   'D:\\codex_code\\socialvibe\\.worktrees\\socialvibe-stability-chat\\backend\\node_modules\\@rollup\\rollup-android-arm-eabi'
64 silly reify ]
65 verbose reify failed optional dependency D:\codex_code\socialvibe\.worktrees\socialvibe-stability-chat\backend\node_modules\@esbuild\win32-ia32
66 silly reify mark deleted [
66 silly reify   'D:\\codex_code\\socialvibe\\.worktrees\\socialvibe-stability-chat\\backend\\node_modules\\@esbuild\\win32-ia32'
66 silly reify ]
67 verbose reify failed optional dependency D:\codex_code\socialvibe\.worktrees\socialvibe-stability-chat\backend\node_modules\@esbuild\win32-arm64
68 silly reify mark deleted [
68 silly reify   'D:\\codex_code\\socialvibe\\.worktrees\\socialvibe-stability-chat\\backend\\node_modules\\@esbuild\\win32-arm64'
68 silly reify ]
69 verbose reify failed optional dependency D:\codex_code\socialvibe\.worktrees\socialvibe-stability-chat\backend\node_modules\@esbuild\sunos-x64
70 silly reify mark deleted [
70 silly reify   'D:\\codex_code\\socialvibe\\.worktrees\\socialvibe-stability-chat\\backend\\node_modules\\@esbuild\\sunos-x64'
70 silly reify ]
71 verbose reify failed optional dependency D:\codex_code\socialvibe\.worktrees\socialvibe-stability-chat\backend\node_modules\@esbuild\openharmony-arm64
72 silly reify mark deleted [
72 silly reify   'D:\\codex_code\\socialvibe\\.worktrees\\socialvibe-stability-chat\\backend\\node_modules\\@esbuild\\openharmony-arm64'
72 silly reify ]
73 verbose reify failed optional dependency D:\codex_code\socialvibe\.worktrees\socialvibe-stability-chat\backend\node_modules\@esbuild\openbsd-x64
74 silly reify mark deleted [
74 silly reify   'D:\\codex_code\\socialvibe\\.worktrees\\socialvibe-stability-chat\\backend\\node_modules\\@esbuild\\openbsd-x64'
74 silly reify ]
75 verbose reify failed optional dependency D:\codex_code\socialvibe\.worktrees\socialvibe-stability-chat\backend\node_modules\@esbuild\openbsd-arm64
76 silly reify mark deleted [
76 silly reify   'D:\\codex_code\\socialvibe\\.worktrees\\socialvibe-stability-chat\\backend\\node_modules\\@esbuild\\openbsd-arm64'
76 silly reify ]
77 verbose reify failed optional dependency D:\codex_code\socialvibe\.worktrees\socialvibe-stability-chat\backend\node_modules\@esbuild\netbsd-x64
78 silly reify mark deleted [
78 silly reify   'D:\\codex_code\\socialvibe\\.worktrees\\socialvibe-stability-chat\\backend\\node_modules\\@esbuild\\netbsd-x64'
78 silly reify ]
79 verbose reify failed optional dependency D:\codex_code\socialvibe\.worktrees\socialvibe-stability-chat\backend\node_modules\@esbuild\netbsd-arm64
80 silly reify mark deleted [
80 silly reify   'D:\\codex_code\\socialvibe\\.worktrees\\socialvibe-stability-chat\\backend\\node_modules\\@esbuild\\netbsd-arm64'
80 silly reify ]
81 verbose reify failed optional dependency D:\codex_code\socialvibe\.worktrees\socialvibe-stability-chat\backend\node_modules\@esbuild\linux-x64
82 silly reify mark deleted [
82 silly reify   'D:\\codex_code\\socialvibe\\.worktrees\\socialvibe-stability-chat\\backend\\node_modules\\@esbuild\\linux-x64'
82 silly reify ]
83 verbose reify failed optional dependency D:\codex_code\socialvibe\.worktrees\socialvibe-stability-chat\backend\node_modules\@esbuild\linux-s390x
84 silly reify mark deleted [
84 silly reify   'D:\\codex_code\\socialvibe\\.worktrees\\socialvibe-stability-chat\\backend\\node_modules\\@esbuild\\linux-s390x'
84 silly reify ]
85 verbose reify failed optional dependency D:\codex_code\socialvibe\.worktrees\socialvibe-stability-chat\backend\node_modules\@esbuild\linux-riscv64
86 silly reify mark deleted [
86 silly reify   'D:\\codex_code\\socialvibe\\.worktrees\\socialvibe-stability-chat\\backend\\node_modules\\@esbuild\\linux-riscv64'
86 silly reify ]
87 verbose reify failed optional dependency D:\codex_code\socialvibe\.worktrees\socialvibe-stability-chat\backend\node_modules\@esbuild\linux-ppc64
88 silly reify mark deleted [
88 silly reify   'D:\\codex_code\\socialvibe\\.worktrees\\socialvibe-stability-chat\\backend\\node_modules\\@esbuild\\linux-ppc64'
88 silly reify ]
89 verbose reify failed optional dependency D:\codex_code\socialvibe\.worktrees\socialvibe-stability-chat\backend\node_modules\@esbuild\linux-mips64el
90 silly reify mark deleted [
90 silly reify   'D:\\codex_code\\socialvibe\\.worktrees\\socialvibe-stability-chat\\backend\\node_modules\\@esbuild\\linux-mips64el'
90 silly reify ]
91 verbose reify failed optional dependency D:\codex_code\socialvibe\.worktrees\socialvibe-stability-chat\backend\node_modules\@esbuild\linux-loong64
92 silly reify mark deleted [
92 silly reify   'D:\\codex_code\\socialvibe\\.worktrees\\socialvibe-stability-chat\\backend\\node_modules\\@esbuild\\linux-loong64'
92 silly reify ]
93 verbose reify failed optional dependency D:\codex_code\socialvibe\.worktrees\socialvibe-stability-chat\backend\node_modules\@esbuild\linux-ia32
94 silly reify mark deleted [
94 silly reify   'D:\\codex_code\\socialvibe\\.worktrees\\socialvibe-stability-chat\\backend\\node_modules\\@esbuild\\linux-ia32'
94 silly reify ]
95 verbose reify failed optional dependency D:\codex_code\socialvibe\.worktrees\socialvibe-stability-chat\backend\node_modules\@esbuild\linux-arm64
96 silly reify mark deleted [
96 silly reify   'D:\\codex_code\\socialvibe\\.worktrees\\socialvibe-stability-chat\\backend\\node_modules\\@esbuild\\linux-arm64'
96 silly reify ]
97 verbose reify failed optional dependency D:\codex_code\socialvibe\.worktrees\socialvibe-stability-chat\backend\node_modules\@esbuild\linux-arm
98 silly reify mark deleted [
98 silly reify   'D:\\codex_code\\socialvibe\\.worktrees\\socialvibe-stability-chat\\backend\\node_modules\\@esbuild\\linux-arm'
98 silly reify ]
99 verbose reify failed optional dependency D:\codex_code\socialvibe\.worktrees\socialvibe-stability-chat\backend\node_modules\@esbuild\freebsd-x64
100 silly reify mark deleted [
100 silly reify   'D:\\codex_code\\socialvibe\\.worktrees\\socialvibe-stability-chat\\backend\\node_modules\\@esbuild\\freebsd-x64'
100 silly reify ]
101 verbose reify failed optional dependency D:\codex_code\socialvibe\.worktrees\socialvibe-stability-chat\backend\node_modules\@esbuild\freebsd-arm64
102 silly reify mark deleted [
102 silly reify   'D:\\codex_code\\socialvibe\\.worktrees\\socialvibe-stability-chat\\backend\\node_modules\\@esbuild\\freebsd-arm64'
102 silly reify ]
103 verbose reify failed optional dependency D:\codex_code\socialvibe\.worktrees\socialvibe-stability-chat\backend\node_modules\@esbuild\darwin-x64
104 silly reify mark deleted [
104 silly reify   'D:\\codex_code\\socialvibe\\.worktrees\\socialvibe-stability-chat\\backend\\node_modules\\@esbuild\\darwin-x64'
104 silly reify ]
105 verbose reify failed optional dependency D:\codex_code\socialvibe\.worktrees\socialvibe-stability-chat\backend\node_modules\@esbuild\darwin-arm64
106 silly reify mark deleted [
106 silly reify   'D:\\codex_code\\socialvibe\\.worktrees\\socialvibe-stability-chat\\backend\\node_modules\\@esbuild\\darwin-arm64'
106 silly reify ]
107 verbose reify failed optional dependency D:\codex_code\socialvibe\.worktrees\socialvibe-stability-chat\backend\node_modules\@esbuild\android-x64
108 silly reify mark deleted [
108 silly reify   'D:\\codex_code\\socialvibe\\.worktrees\\socialvibe-stability-chat\\backend\\node_modules\\@esbuild\\android-x64'
108 silly reify ]
109 verbose reify failed optional dependency D:\codex_code\socialvibe\.worktrees\socialvibe-stability-chat\backend\node_modules\@esbuild\android-arm64
110 silly reify mark deleted [
110 silly reify   'D:\\codex_code\\socialvibe\\.worktrees\\socialvibe-stability-chat\\backend\\node_modules\\@esbuild\\android-arm64'
110 silly reify ]
111 verbose reify failed optional dependency D:\codex_code\socialvibe\.worktrees\socialvibe-stability-chat\backend\node_modules\@esbuild\android-arm
112 silly reify mark deleted [
112 silly reify   'D:\\codex_code\\socialvibe\\.worktrees\\socialvibe-stability-chat\\backend\\node_modules\\@esbuild\\android-arm'
112 silly reify ]
113 verbose reify failed optional dependency D:\codex_code\socialvibe\.worktrees\socialvibe-stability-chat\backend\node_modules\@esbuild\aix-ppc64
114 silly reify mark deleted [
114 silly reify   'D:\\codex_code\\socialvibe\\.worktrees\\socialvibe-stability-chat\\backend\\node_modules\\@esbuild\\aix-ppc64'
114 silly reify ]
115 http cache zod@https://registry.npmjs.org/zod/-/zod-3.25.76.tgz 1ms (cache hit)
116 http cache ws@https://registry.npmjs.org/ws/-/ws-8.19.0.tgz 0ms (cache hit)
117 http cache wrappy@https://registry.npmjs.org/wrappy/-/wrappy-1.0.2.tgz 0ms (cache hit)
118 http cache vitest@https://registry.npmjs.org/vitest/-/vitest-3.2.4.tgz 0ms (cache hit)
119 http cache why-is-node-running@https://registry.npmjs.org/why-is-node-running/-/why-is-node-running-2.3.0.tgz 0ms (cache hit)
120 http cache vary@https://registry.npmjs.org/vary/-/vary-1.1.2.tgz 0ms (cache hit)
121 http cache vite@https://registry.npmjs.org/vite/-/vite-7.3.1.tgz 0ms (cache hit)
122 http cache vite-node@https://registry.npmjs.org/vite-node/-/vite-node-3.2.4.tgz 0ms (cache hit)
123 http cache utils-merge@https://registry.npmjs.org/utils-merge/-/utils-merge-1.0.1.tgz 1ms (cache hit)
124 http cache unpipe@https://registry.npmjs.org/unpipe/-/unpipe-1.0.0.tgz 0ms (cache hit)
125 http cache type-is@https://registry.npmjs.org/type-is/-/type-is-1.6.18.tgz 0ms (cache hit)
126 http cache typescript@https://registry.npmjs.org/typescript/-/typescript-5.9.3.tgz 0ms (cache hit)
127 http cache undici-types@https://registry.npmjs.org/undici-types/-/undici-types-6.21.0.tgz 0ms (cache hit)
128 http cache tsx@https://registry.npmjs.org/tsx/-/tsx-4.21.0.tgz 0ms (cache hit)
129 http cache tslib@https://registry.npmjs.org/tslib/-/tslib-2.8.1.tgz 0ms (cache hit)
130 http cache toidentifier@https://registry.npmjs.org/toidentifier/-/toidentifier-1.0.1.tgz 0ms (cache hit)
131 http cache tinyrainbow@https://registry.npmjs.org/tinyrainbow/-/tinyrainbow-2.0.0.tgz 0ms (cache hit)
132 http cache tinyspy@https://registry.npmjs.org/tinyspy/-/tinyspy-4.0.4.tgz 0ms (cache hit)
133 http cache tinyglobby@https://registry.npmjs.org/tinyglobby/-/tinyglobby-0.2.15.tgz 1ms (cache hit)
134 http cache tinybench@https://registry.npmjs.org/tinybench/-/tinybench-2.9.0.tgz 0ms (cache hit)
135 http cache superagent@https://registry.npmjs.org/superagent/-/superagent-10.3.0.tgz 0ms (cache hit)
136 http cache strip-literal@https://registry.npmjs.org/strip-literal/-/strip-literal-3.1.0.tgz 0ms (cache hit)
137 http cache tinyexec@https://registry.npmjs.org/tinyexec/-/tinyexec-0.3.2.tgz 0ms (cache hit)
138 http cache supertest@https://registry.npmjs.org/supertest/-/supertest-7.2.2.tgz 0ms (cache hit)
139 http cache std-env@https://registry.npmjs.org/std-env/-/std-env-3.10.0.tgz 0ms (cache hit)
140 http cache stackback@https://registry.npmjs.org/stackback/-/stackback-0.0.2.tgz 0ms (cache hit)
141 http cache statuses@https://registry.npmjs.org/statuses/-/statuses-2.0.2.tgz 0ms (cache hit)
142 http cache source-map-js@https://registry.npmjs.org/source-map-js/-/source-map-js-1.2.1.tgz 0ms (cache hit)
143 http cache siginfo@https://registry.npmjs.org/siginfo/-/siginfo-2.0.0.tgz 1ms (cache hit)
144 http cache side-channel-map@https://registry.npmjs.org/side-channel-map/-/side-channel-map-1.0.1.tgz 0ms (cache hit)
145 http cache side-channel-weakmap@https://registry.npmjs.org/side-channel-weakmap/-/side-channel-weakmap-1.0.2.tgz 0ms (cache hit)
146 http cache side-channel-list@https://registry.npmjs.org/side-channel-list/-/side-channel-list-1.0.0.tgz 0ms (cache hit)
147 http cache setprototypeof@https://registry.npmjs.org/setprototypeof/-/setprototypeof-1.2.0.tgz 0ms (cache hit)
148 http cache side-channel@https://registry.npmjs.org/side-channel/-/side-channel-1.1.0.tgz 0ms (cache hit)
149 http cache send@https://registry.npmjs.org/send/-/send-0.19.2.tgz 0ms (cache hit)
150 http cache safer-buffer@https://registry.npmjs.org/safer-buffer/-/safer-buffer-2.1.2.tgz 0ms (cache hit)
151 http cache safe-buffer@https://registry.npmjs.org/safe-buffer/-/safe-buffer-5.2.1.tgz 0ms (cache hit)
152 http cache rollup@https://registry.npmjs.org/rollup/-/rollup-4.59.0.tgz 0ms (cache hit)
153 http cache resolve-pkg-maps@https://registry.npmjs.org/resolve-pkg-maps/-/resolve-pkg-maps-1.0.0.tgz 0ms (cache hit)
154 http cache raw-body@https://registry.npmjs.org/raw-body/-/raw-body-2.5.3.tgz 0ms (cache hit)
155 http cache range-parser@https://registry.npmjs.org/range-parser/-/range-parser-1.2.1.tgz 0ms (cache hit)
156 http cache qs@https://registry.npmjs.org/qs/-/qs-6.14.2.tgz 0ms (cache hit)
157 http cache proxy-addr@https://registry.npmjs.org/proxy-addr/-/proxy-addr-2.0.7.tgz 0ms (cache hit)
158 http cache picocolors@https://registry.npmjs.org/picocolors/-/picocolors-1.1.1.tgz 0ms (cache hit)
159 http cache picomatch@https://registry.npmjs.org/picomatch/-/picomatch-4.0.3.tgz 0ms (cache hit)
160 http cache postcss@https://registry.npmjs.org/postcss/-/postcss-8.5.8.tgz 0ms (cache hit)
161 http cache serve-static@https://registry.npmjs.org/serve-static/-/serve-static-1.16.3.tgz 0ms (cache hit)
162 http cache pathval@https://registry.npmjs.org/pathval/-/pathval-2.0.1.tgz 0ms (cache hit)
163 http cache path-to-regexp@https://registry.npmjs.org/path-to-regexp/-/path-to-regexp-0.1.12.tgz 0ms (cache hit)
164 http cache pathe@https://registry.npmjs.org/pathe/-/pathe-2.0.3.tgz 0ms (cache hit)
165 http cache parseurl@https://registry.npmjs.org/parseurl/-/parseurl-1.3.3.tgz 0ms (cache hit)
166 http cache once@https://registry.npmjs.org/once/-/once-1.4.0.tgz 0ms (cache hit)
167 http cache on-finished@https://registry.npmjs.org/on-finished/-/on-finished-2.4.1.tgz 0ms (cache hit)
168 http cache object-inspect@https://registry.npmjs.org/object-inspect/-/object-inspect-1.13.4.tgz 0ms (cache hit)
169 http cache negotiator@https://registry.npmjs.org/negotiator/-/negotiator-0.6.3.tgz 0ms (cache hit)
170 http cache ms@https://registry.npmjs.org/ms/-/ms-2.0.0.tgz 0ms (cache hit)
171 http cache nanoid@https://registry.npmjs.org/nanoid/-/nanoid-3.3.11.tgz 0ms (cache hit)
172 http cache mime-types@https://registry.npmjs.org/mime-types/-/mime-types-2.1.35.tgz 0ms (cache hit)
173 http cache mime-db@https://registry.npmjs.org/mime-db/-/mime-db-1.52.0.tgz 0ms (cache hit)
174 http cache mime@https://registry.npmjs.org/mime/-/mime-1.6.0.tgz 0ms (cache hit)
175 http cache methods@https://registry.npmjs.org/methods/-/methods-1.1.2.tgz 0ms (cache hit)
176 http cache merge-descriptors@https://registry.npmjs.org/merge-descriptors/-/merge-descriptors-1.0.3.tgz 0ms (cache hit)
177 http cache magic-string@https://registry.npmjs.org/magic-string/-/magic-string-0.30.21.tgz 0ms (cache hit)
178 http cache media-typer@https://registry.npmjs.org/media-typer/-/media-typer-0.3.0.tgz 0ms (cache hit)
179 http cache math-intrinsics@https://registry.npmjs.org/math-intrinsics/-/math-intrinsics-1.1.0.tgz 0ms (cache hit)
180 http cache loupe@https://registry.npmjs.org/loupe/-/loupe-3.2.1.tgz 0ms (cache hit)
181 http cache js-tokens@https://registry.npmjs.org/js-tokens/-/js-tokens-9.0.1.tgz 0ms (cache hit)
182 http cache inherits@https://registry.npmjs.org/inherits/-/inherits-2.0.4.tgz 0ms (cache hit)
183 http cache ipaddr.js@https://registry.npmjs.org/ipaddr.js/-/ipaddr.js-1.9.1.tgz 0ms (cache hit)
184 http cache iceberg-js@https://registry.npmjs.org/iceberg-js/-/iceberg-js-0.8.1.tgz 0ms (cache hit)
185 http cache iconv-lite@https://registry.npmjs.org/iconv-lite/-/iconv-lite-0.4.24.tgz 0ms (cache hit)
186 http cache http-errors@https://registry.npmjs.org/http-errors/-/http-errors-2.0.1.tgz 0ms (cache hit)
187 http cache has-symbols@https://registry.npmjs.org/has-symbols/-/has-symbols-1.1.0.tgz 0ms (cache hit)
188 http cache has-tostringtag@https://registry.npmjs.org/has-tostringtag/-/has-tostringtag-1.0.2.tgz 0ms (cache hit)
189 http cache hasown@https://registry.npmjs.org/hasown/-/hasown-2.0.2.tgz 0ms (cache hit)
190 http cache gopd@https://registry.npmjs.org/gopd/-/gopd-1.2.0.tgz 0ms (cache hit)
191 http cache get-proto@https://registry.npmjs.org/get-proto/-/get-proto-1.0.1.tgz 0ms (cache hit)
192 http cache get-tsconfig@https://registry.npmjs.org/get-tsconfig/-/get-tsconfig-4.13.6.tgz 0ms (cache hit)
193 http cache get-intrinsic@https://registry.npmjs.org/get-intrinsic/-/get-intrinsic-1.3.0.tgz 0ms (cache hit)
194 http cache function-bind@https://registry.npmjs.org/function-bind/-/function-bind-1.1.2.tgz 1ms (cache hit)
195 http cache fresh@https://registry.npmjs.org/fresh/-/fresh-0.5.2.tgz 0ms (cache hit)
196 http cache formidable@https://registry.npmjs.org/formidable/-/formidable-3.5.4.tgz 0ms (cache hit)
197 http cache forwarded@https://registry.npmjs.org/forwarded/-/forwarded-0.2.0.tgz 0ms (cache hit)
198 http cache tinypool@https://registry.npmjs.org/tinypool/-/tinypool-1.1.1.tgz 0ms (cache hit)
199 http cache form-data@https://registry.npmjs.org/form-data/-/form-data-4.0.5.tgz 0ms (cache hit)
200 http cache finalhandler@https://registry.npmjs.org/finalhandler/-/finalhandler-1.3.2.tgz 0ms (cache hit)
201 http cache fdir@https://registry.npmjs.org/fdir/-/fdir-6.5.0.tgz 0ms (cache hit)
202 http cache express@https://registry.npmjs.org/express/-/express-4.22.1.tgz 0ms (cache hit)
203 http cache expect-type@https://registry.npmjs.org/expect-type/-/expect-type-1.3.0.tgz 0ms (cache hit)
204 http cache fast-safe-stringify@https://registry.npmjs.org/fast-safe-stringify/-/fast-safe-stringify-2.1.1.tgz 0ms (cache hit)
205 http cache etag@https://registry.npmjs.org/etag/-/etag-1.8.1.tgz 1ms (cache hit)
206 http cache estree-walker@https://registry.npmjs.org/estree-walker/-/estree-walker-3.0.3.tgz 0ms (cache hit)
207 http cache escape-html@https://registry.npmjs.org/escape-html/-/escape-html-1.0.3.tgz 0ms (cache hit)
208 http cache es-module-lexer@https://registry.npmjs.org/es-module-lexer/-/es-module-lexer-1.7.0.tgz 0ms (cache hit)
209 http cache es-set-tostringtag@https://registry.npmjs.org/es-set-tostringtag/-/es-set-tostringtag-2.1.0.tgz 0ms (cache hit)
210 http cache es-define-property@https://registry.npmjs.org/es-define-property/-/es-define-property-1.0.1.tgz 0ms (cache hit)
211 http cache es-object-atoms@https://registry.npmjs.org/es-object-atoms/-/es-object-atoms-1.1.1.tgz 0ms (cache hit)
212 http cache es-errors@https://registry.npmjs.org/es-errors/-/es-errors-1.3.0.tgz 0ms (cache hit)
213 http cache encodeurl@https://registry.npmjs.org/encodeurl/-/encodeurl-2.0.0.tgz 0ms (cache hit)
214 http cache ee-first@https://registry.npmjs.org/ee-first/-/ee-first-1.1.1.tgz 0ms (cache hit)
215 http cache dezalgo@https://registry.npmjs.org/dezalgo/-/dezalgo-1.0.4.tgz 0ms (cache hit)
216 http cache dunder-proto@https://registry.npmjs.org/dunder-proto/-/dunder-proto-1.0.1.tgz 0ms (cache hit)
217 http cache destroy@https://registry.npmjs.org/destroy/-/destroy-1.2.0.tgz 0ms (cache hit)
218 http cache debug@https://registry.npmjs.org/debug/-/debug-2.6.9.tgz 0ms (cache hit)
219 http cache delayed-stream@https://registry.npmjs.org/delayed-stream/-/delayed-stream-1.0.0.tgz 0ms (cache hit)
220 http cache depd@https://registry.npmjs.org/depd/-/depd-2.0.0.tgz 0ms (cache hit)
221 http cache deep-eql@https://registry.npmjs.org/deep-eql/-/deep-eql-5.0.2.tgz 0ms (cache hit)
222 http cache cookiejar@https://registry.npmjs.org/cookiejar/-/cookiejar-2.1.4.tgz 0ms (cache hit)
223 http cache cookie@https://registry.npmjs.org/cookie/-/cookie-0.7.2.tgz 0ms (cache hit)
224 http cache cookie-signature@https://registry.npmjs.org/cookie-signature/-/cookie-signature-1.0.7.tgz 0ms (cache hit)
225 http cache content-disposition@https://registry.npmjs.org/content-disposition/-/content-disposition-0.5.4.tgz 0ms (cache hit)
226 http cache check-error@https://registry.npmjs.org/check-error/-/check-error-2.1.3.tgz 0ms (cache hit)
227 http cache component-emitter@https://registry.npmjs.org/component-emitter/-/component-emitter-1.3.1.tgz 0ms (cache hit)
228 http cache chai@https://registry.npmjs.org/chai/-/chai-5.3.3.tgz 0ms (cache hit)
229 http cache combined-stream@https://registry.npmjs.org/combined-stream/-/combined-stream-1.0.8.tgz 0ms (cache hit)
230 http cache call-bound@https://registry.npmjs.org/call-bound/-/call-bound-1.0.4.tgz 0ms (cache hit)
231 http cache call-bind-apply-helpers@https://registry.npmjs.org/call-bind-apply-helpers/-/call-bind-apply-helpers-1.0.2.tgz 0ms (cache hit)
232 http cache cac@https://registry.npmjs.org/cac/-/cac-6.7.14.tgz 0ms (cache hit)
233 http cache bytes@https://registry.npmjs.org/bytes/-/bytes-3.1.2.tgz 0ms (cache hit)
234 http cache body-parser@https://registry.npmjs.org/body-parser/-/body-parser-1.20.4.tgz 0ms (cache hit)
235 http cache assertion-error@https://registry.npmjs.org/assertion-error/-/assertion-error-2.0.1.tgz 0ms (cache hit)
236 http cache asynckit@https://registry.npmjs.org/asynckit/-/asynckit-0.4.0.tgz 1ms (cache hit)
237 http cache esbuild@https://registry.npmjs.org/esbuild/-/esbuild-0.27.3.tgz 0ms (cache hit)
238 http cache asap@https://registry.npmjs.org/asap/-/asap-2.0.6.tgz 0ms (cache hit)
239 http cache content-type@https://registry.npmjs.org/content-type/-/content-type-1.0.5.tgz 0ms (cache hit)
240 http cache array-flatten@https://registry.npmjs.org/array-flatten/-/array-flatten-1.1.1.tgz 0ms (cache hit)
241 http cache accepts@https://registry.npmjs.org/accepts/-/accepts-1.3.8.tgz 0ms (cache hit)
242 http cache @vitest/utils@https://registry.npmjs.org/@vitest/utils/-/utils-3.2.4.tgz 0ms (cache hit)
243 http cache @vitest/runner@https://registry.npmjs.org/@vitest/runner/-/runner-3.2.4.tgz 0ms (cache hit)
244 http cache @vitest/snapshot@https://registry.npmjs.org/@vitest/snapshot/-/snapshot-3.2.4.tgz 0ms (cache hit)
245 http cache @vitest/pretty-format@https://registry.npmjs.org/@vitest/pretty-format/-/pretty-format-3.2.4.tgz 0ms (cache hit)
246 http cache @vitest/spy@https://registry.npmjs.org/@vitest/spy/-/spy-3.2.4.tgz 0ms (cache hit)
247 http cache @vitest/mocker@https://registry.npmjs.org/@vitest/mocker/-/mocker-3.2.4.tgz 0ms (cache hit)
248 http cache @types/ws@https://registry.npmjs.org/@types/ws/-/ws-8.18.1.tgz 0ms (cache hit)
249 http cache @types/supertest@https://registry.npmjs.org/@types/supertest/-/supertest-6.0.3.tgz 1ms (cache hit)
250 http cache @types/superagent@https://registry.npmjs.org/@types/superagent/-/superagent-8.1.9.tgz 0ms (cache hit)
251 http cache @types/serve-static@https://registry.npmjs.org/@types/serve-static/-/serve-static-2.2.0.tgz 0ms (cache hit)
252 http cache @vitest/expect@https://registry.npmjs.org/@vitest/expect/-/expect-3.2.4.tgz 0ms (cache hit)
253 http cache @types/range-parser@https://registry.npmjs.org/@types/range-parser/-/range-parser-1.2.7.tgz 0ms (cache hit)
254 http cache @types/qs@https://registry.npmjs.org/@types/qs/-/qs-6.14.0.tgz 0ms (cache hit)
255 http cache @types/send@https://registry.npmjs.org/@types/send/-/send-1.2.1.tgz 0ms (cache hit)
256 http cache @types/phoenix@https://registry.npmjs.org/@types/phoenix/-/phoenix-1.6.7.tgz 0ms (cache hit)
257 http cache @types/node@https://registry.npmjs.org/@types/node/-/node-22.19.13.tgz 0ms (cache hit)
258 http cache @types/methods@https://registry.npmjs.org/@types/methods/-/methods-1.1.4.tgz 0ms (cache hit)
259 http cache @types/express-serve-static-core@https://registry.npmjs.org/@types/express-serve-static-core/-/express-serve-static-core-5.1.1.tgz 0ms (cache hit)
260 http cache @types/http-errors@https://registry.npmjs.org/@types/http-errors/-/http-errors-2.0.5.tgz 0ms (cache hit)
261 http cache @types/express@https://registry.npmjs.org/@types/express/-/express-5.0.6.tgz 0ms (cache hit)
262 http cache @types/deep-eql@https://registry.npmjs.org/@types/deep-eql/-/deep-eql-4.0.2.tgz 0ms (cache hit)
263 http cache @types/cookiejar@https://registry.npmjs.org/@types/cookiejar/-/cookiejar-2.1.5.tgz 0ms (cache hit)
264 http cache @types/estree@https://registry.npmjs.org/@types/estree/-/estree-1.0.8.tgz 1ms (cache hit)
265 http cache @types/connect@https://registry.npmjs.org/@types/connect/-/connect-3.4.38.tgz 0ms (cache hit)
266 http cache @supabase/supabase-js@https://registry.npmjs.org/@supabase/supabase-js/-/supabase-js-2.98.0.tgz 0ms (cache hit)
267 http cache @types/chai@https://registry.npmjs.org/@types/chai/-/chai-5.2.3.tgz 0ms (cache hit)
268 http cache @types/body-parser@https://registry.npmjs.org/@types/body-parser/-/body-parser-1.19.6.tgz 0ms (cache hit)
269 http cache @supabase/storage-js@https://registry.npmjs.org/@supabase/storage-js/-/storage-js-2.98.0.tgz 0ms (cache hit)
270 http cache @supabase/realtime-js@https://registry.npmjs.org/@supabase/realtime-js/-/realtime-js-2.98.0.tgz 0ms (cache hit)
271 http cache @supabase/postgrest-js@https://registry.npmjs.org/@supabase/postgrest-js/-/postgrest-js-2.98.0.tgz 0ms (cache hit)
272 http cache @supabase/auth-js@https://registry.npmjs.org/@supabase/auth-js/-/auth-js-2.98.0.tgz 0ms (cache hit)
273 http cache @supabase/functions-js@https://registry.npmjs.org/@supabase/functions-js/-/functions-js-2.98.0.tgz 0ms (cache hit)
274 http cache @rollup/rollup-win32-x64-msvc@https://registry.npmjs.org/@rollup/rollup-win32-x64-msvc/-/rollup-win32-x64-msvc-4.59.0.tgz 0ms (cache hit)
275 http cache @rollup/rollup-win32-x64-gnu@https://registry.npmjs.org/@rollup/rollup-win32-x64-gnu/-/rollup-win32-x64-gnu-4.59.0.tgz 0ms (cache hit)
276 http cache @paralleldrive/cuid2@https://registry.npmjs.org/@paralleldrive/cuid2/-/cuid2-2.3.1.tgz 0ms (cache hit)
277 http cache @noble/hashes@https://registry.npmjs.org/@noble/hashes/-/hashes-1.8.0.tgz 0ms (cache hit)
278 http cache @jridgewell/sourcemap-codec@https://registry.npmjs.org/@jridgewell/sourcemap-codec/-/sourcemap-codec-1.5.5.tgz 0ms (cache hit)
279 http cache @esbuild/win32-x64@https://registry.npmjs.org/@esbuild/win32-x64/-/win32-x64-0.27.3.tgz 0ms (cache hit)
280 http cache ms@https://registry.npmjs.org/ms/-/ms-2.1.3.tgz 0ms (cache hit)
281 http cache ms@https://registry.npmjs.org/ms/-/ms-2.1.3.tgz 0ms (cache hit)
282 http cache debug@https://registry.npmjs.org/debug/-/debug-4.4.3.tgz 0ms (cache hit)
283 http cache cookie-signature@https://registry.npmjs.org/cookie-signature/-/cookie-signature-1.2.2.tgz 0ms (cache hit)
284 http cache debug@https://registry.npmjs.org/debug/-/debug-4.4.3.tgz 0ms (cache hit)
285 http cache ms@https://registry.npmjs.org/ms/-/ms-2.1.3.tgz 0ms (cache hit)
286 http cache mime@https://registry.npmjs.org/mime/-/mime-2.6.0.tgz 0ms (cache hit)
287 http cache ms@https://registry.npmjs.org/ms/-/ms-2.1.3.tgz 0ms (cache hit)
288 http cache debug@https://registry.npmjs.org/debug/-/debug-4.4.3.tgz 0ms (cache hit)
289 http fetch POST 200 https://registry.npmjs.org/-/npm/v1/security/advisories/bulk 2074ms
290 silly audit report {}
291 info run esbuild@0.27.3 postinstall node_modules/esbuild node install.js
292 info run esbuild@0.27.3 postinstall { code: 0, signal: null }
293 silly ADD node_modules/zod
294 silly ADD node_modules/ws
295 silly ADD node_modules/wrappy
296 silly ADD node_modules/why-is-node-running
297 silly ADD node_modules/vitest
298 silly ADD node_modules/vitest/node_modules/ms
299 silly ADD node_modules/vitest/node_modules/debug
300 silly ADD node_modules/vite-node
301 silly ADD node_modules/vite-node/node_modules/ms
302 silly ADD node_modules/vite-node/node_modules/debug
303 silly ADD node_modules/vite
304 silly ADD node_modules/vary
305 silly ADD node_modules/utils-merge
306 silly ADD node_modules/unpipe
307 silly ADD node_modules/undici-types
308 silly ADD node_modules/typescript
309 silly ADD node_modules/type-is
310 silly ADD node_modules/tsx
311 silly ADD node_modules/tslib
312 silly ADD node_modules/toidentifier
313 silly ADD node_modules/tinyspy
314 silly ADD node_modules/tinyrainbow
315 silly ADD node_modules/tinypool
316 silly ADD node_modules/tinyglobby
317 silly ADD node_modules/tinyexec
318 silly ADD node_modules/tinybench
319 silly ADD node_modules/supertest
320 silly ADD node_modules/supertest/node_modules/cookie-signature
321 silly ADD node_modules/superagent
322 silly ADD node_modules/superagent/node_modules/ms
323 silly ADD node_modules/superagent/node_modules/mime
324 silly ADD node_modules/superagent/node_modules/debug
325 silly ADD node_modules/strip-literal
326 silly ADD node_modules/std-env
327 silly ADD node_modules/statuses
328 silly ADD node_modules/stackback
329 silly ADD node_modules/source-map-js
330 silly ADD node_modules/siginfo
331 silly ADD node_modules/side-channel-weakmap
332 silly ADD node_modules/side-channel-map
333 silly ADD node_modules/side-channel-list
334 silly ADD node_modules/side-channel
335 silly ADD node_modules/setprototypeof
336 silly ADD node_modules/serve-static
337 silly ADD node_modules/send
338 silly ADD node_modules/send/node_modules/ms
339 silly ADD node_modules/safer-buffer
340 silly ADD node_modules/safe-buffer
341 silly ADD node_modules/rollup
342 silly ADD node_modules/resolve-pkg-maps
343 silly ADD node_modules/raw-body
344 silly ADD node_modules/range-parser
345 silly ADD node_modules/qs
346 silly ADD node_modules/proxy-addr
347 silly ADD node_modules/postcss
348 silly ADD node_modules/picomatch
349 silly ADD node_modules/picocolors
350 silly ADD node_modules/pathval
351 silly ADD node_modules/pathe
352 silly ADD node_modules/path-to-regexp
353 silly ADD node_modules/parseurl
354 silly ADD node_modules/once
355 silly ADD node_modules/on-finished
356 silly ADD node_modules/object-inspect
357 silly ADD node_modules/negotiator
358 silly ADD node_modules/nanoid
359 silly ADD node_modules/ms
360 silly ADD node_modules/mime-types
361 silly ADD node_modules/mime-db
362 silly ADD node_modules/mime
363 silly ADD node_modules/methods
364 silly ADD node_modules/merge-descriptors
365 silly ADD node_modules/media-typer
366 silly ADD node_modules/math-intrinsics
367 silly ADD node_modules/magic-string
368 silly ADD node_modules/loupe
369 silly ADD node_modules/js-tokens
370 silly ADD node_modules/ipaddr.js
371 silly ADD node_modules/inherits
372 silly ADD node_modules/iconv-lite
373 silly ADD node_modules/iceberg-js
374 silly ADD node_modules/http-errors
375 silly ADD node_modules/hasown
376 silly ADD node_modules/has-tostringtag
377 silly ADD node_modules/has-symbols
378 silly ADD node_modules/gopd
379 silly ADD node_modules/get-tsconfig
380 silly ADD node_modules/get-proto
381 silly ADD node_modules/get-intrinsic
382 silly ADD node_modules/function-bind
383 silly ADD node_modules/fsevents
384 silly ADD node_modules/fresh
385 silly ADD node_modules/forwarded
386 silly ADD node_modules/formidable
387 silly ADD node_modules/form-data
388 silly ADD node_modules/finalhandler
389 silly ADD node_modules/fdir
390 silly ADD node_modules/fast-safe-stringify
391 silly ADD node_modules/express
392 silly ADD node_modules/expect-type
393 silly ADD node_modules/etag
394 silly ADD node_modules/estree-walker
395 silly ADD node_modules/escape-html
396 silly ADD node_modules/esbuild
397 silly ADD node_modules/es-set-tostringtag
398 silly ADD node_modules/es-object-atoms
399 silly ADD node_modules/es-module-lexer
400 silly ADD node_modules/es-errors
401 silly ADD node_modules/es-define-property
402 silly ADD node_modules/encodeurl
403 silly ADD node_modules/ee-first
404 silly ADD node_modules/dunder-proto
405 silly ADD node_modules/dezalgo
406 silly ADD node_modules/destroy
407 silly ADD node_modules/depd
408 silly ADD node_modules/delayed-stream
409 silly ADD node_modules/deep-eql
410 silly ADD node_modules/debug
411 silly ADD node_modules/cookiejar
412 silly ADD node_modules/cookie-signature
413 silly ADD node_modules/cookie
414 silly ADD node_modules/content-type
415 silly ADD node_modules/content-disposition
416 silly ADD node_modules/component-emitter
417 silly ADD node_modules/combined-stream
418 silly ADD node_modules/check-error
419 silly ADD node_modules/chai
420 silly ADD node_modules/call-bound
421 silly ADD node_modules/call-bind-apply-helpers
422 silly ADD node_modules/cac
423 silly ADD node_modules/bytes
424 silly ADD node_modules/body-parser
425 silly ADD node_modules/asynckit
426 silly ADD node_modules/assertion-error
427 silly ADD node_modules/asap
428 silly ADD node_modules/array-flatten
429 silly ADD node_modules/accepts
430 silly ADD node_modules/@vitest/utils
431 silly ADD node_modules/@vitest/spy
432 silly ADD node_modules/@vitest/snapshot
433 silly ADD node_modules/@vitest/runner
434 silly ADD node_modules/@vitest/pretty-format
435 silly ADD node_modules/@vitest/mocker
436 silly ADD node_modules/@vitest/expect
437 silly ADD node_modules/@types/ws
438 silly ADD node_modules/@types/supertest
439 silly ADD node_modules/@types/superagent
440 silly ADD node_modules/@types/serve-static
441 silly ADD node_modules/@types/send
442 silly ADD node_modules/@types/range-parser
443 silly ADD node_modules/@types/qs
444 silly ADD node_modules/@types/phoenix
445 silly ADD node_modules/@types/node
446 silly ADD node_modules/@types/methods
447 silly ADD node_modules/@types/http-errors
448 silly ADD node_modules/@types/express-serve-static-core
449 silly ADD node_modules/@types/express
450 silly ADD node_modules/@types/estree
451 silly ADD node_modules/@types/deep-eql
452 silly ADD node_modules/@types/cookiejar
453 silly ADD node_modules/@types/connect
454 silly ADD node_modules/@types/chai
455 silly ADD node_modules/@types/body-parser
456 silly ADD node_modules/@supabase/supabase-js
457 silly ADD node_modules/@supabase/storage-js
458 silly ADD node_modules/@supabase/realtime-js
459 silly ADD node_modules/@supabase/postgrest-js
460 silly ADD node_modules/@supabase/functions-js
461 silly ADD node_modules/@supabase/auth-js
462 silly ADD node_modules/@rollup/rollup-win32-x64-msvc
463 silly ADD node_modules/@rollup/rollup-win32-x64-gnu
464 silly ADD node_modules/@rollup/rollup-win32-ia32-msvc
465 silly ADD node_modules/@rollup/rollup-win32-arm64-msvc
466 silly ADD node_modules/@rollup/rollup-openharmony-arm64
467 silly ADD node_modules/@rollup/rollup-openbsd-x64
468 silly ADD node_modules/@rollup/rollup-linux-x64-musl
469 silly ADD node_modules/@rollup/rollup-linux-x64-gnu
470 silly ADD node_modules/@rollup/rollup-linux-s390x-gnu
471 silly ADD node_modules/@rollup/rollup-linux-riscv64-musl
472 silly ADD node_modules/@rollup/rollup-linux-riscv64-gnu
473 silly ADD node_modules/@rollup/rollup-linux-ppc64-musl
474 silly ADD node_modules/@rollup/rollup-linux-ppc64-gnu
475 silly ADD node_modules/@rollup/rollup-linux-loong64-musl
476 silly ADD node_modules/@rollup/rollup-linux-loong64-gnu
477 silly ADD node_modules/@rollup/rollup-linux-arm64-musl
478 silly ADD node_modules/@rollup/rollup-linux-arm64-gnu
479 silly ADD node_modules/@rollup/rollup-linux-arm-musleabihf
480 silly ADD node_modules/@rollup/rollup-linux-arm-gnueabihf
481 silly ADD node_modules/@rollup/rollup-freebsd-x64
482 silly ADD node_modules/@rollup/rollup-freebsd-arm64
483 silly ADD node_modules/@rollup/rollup-darwin-x64
484 silly ADD node_modules/@rollup/rollup-darwin-arm64
485 silly ADD node_modules/@rollup/rollup-android-arm64
486 silly ADD node_modules/@rollup/rollup-android-arm-eabi
487 silly ADD node_modules/@paralleldrive/cuid2
488 silly ADD node_modules/@noble/hashes
489 silly ADD node_modules/@jridgewell/sourcemap-codec
490 silly ADD node_modules/@esbuild/win32-x64
491 silly ADD node_modules/@esbuild/win32-ia32
492 silly ADD node_modules/@esbuild/win32-arm64
493 silly ADD node_modules/@esbuild/sunos-x64
494 silly ADD node_modules/@esbuild/openharmony-arm64
495 silly ADD node_modules/@esbuild/openbsd-x64
496 silly ADD node_modules/@esbuild/openbsd-arm64
497 silly ADD node_modules/@esbuild/netbsd-x64
498 silly ADD node_modules/@esbuild/netbsd-arm64
499 silly ADD node_modules/@esbuild/linux-x64
500 silly ADD node_modules/@esbuild/linux-s390x
501 silly ADD node_modules/@esbuild/linux-riscv64
502 silly ADD node_modules/@esbuild/linux-ppc64
503 silly ADD node_modules/@esbuild/linux-mips64el
504 silly ADD node_modules/@esbuild/linux-loong64
505 silly ADD node_modules/@esbuild/linux-ia32
506 silly ADD node_modules/@esbuild/linux-arm64
507 silly ADD node_modules/@esbuild/linux-arm
508 silly ADD node_modules/@esbuild/freebsd-x64
509 silly ADD node_modules/@esbuild/freebsd-arm64
510 silly ADD node_modules/@esbuild/darwin-x64
511 silly ADD node_modules/@esbuild/darwin-arm64
512 silly ADD node_modules/@esbuild/android-x64
513 silly ADD node_modules/@esbuild/android-arm64
514 silly ADD node_modules/@esbuild/android-arm
515 silly ADD node_modules/@esbuild/aix-ppc64
516 verbose cwd D:\codex_code\socialvibe
517 verbose os Windows_NT 10.0.26200
518 verbose node v24.10.0
519 verbose npm  v11.6.1
520 verbose exit 0
521 info ok
